This file contains any messages produced by compilers while
running configure, to aid debugging if configure makes a mistake.

It was created by configure, which was
generated by GNU Autoconf 2.69.  Invocation command line was

  $ ./configure --enable-start-stop-daemon --with-mysql

## --------- ##
## Platform. ##
## --------- ##

hostname = synq
uname -m = x86_64
uname -r = 3.10.0-693.5.2.el7.x86_64
uname -s = Linux
uname -v = #1 SMP Fri Oct 20 20:32:50 UTC 2017

/usr/bin/uname -p = x86_64
/bin/uname -X     = unknown

/bin/arch              = x86_64
/usr/bin/arch -k       = unknown
/usr/convex/getsysinfo = unknown
/usr/bin/hostinfo      = unknown
/bin/machine           = unknown
/usr/bin/oslevel       = unknown
/bin/universe          = unknown

PATH: /usr/local/sbin
PATH: /usr/local/bin
PATH: /usr/sbin
PATH: /usr/bin
PATH: /root/.local/bin
PATH: /root/bin


## ----------- ##
## Core tests. ##
## ----------- ##

configure:2613: checking svn checkout revision
configure:2628: result: 5239M
configure:2668: checking for a BSD-compatible install
configure:2736: result: /usr/bin/install -c
configure:2747: checking whether build environment is sane
configure:2802: result: yes
configure:2953: checking for a thread-safe mkdir -p
configure:2992: result: /usr/bin/mkdir -p
configure:2999: checking for gawk
configure:3015: found /usr/bin/gawk
configure:3026: result: gawk
configure:3037: checking whether make sets $(MAKE)
configure:3059: result: yes
configure:3088: checking whether make supports nested variables
configure:3105: result: yes
configure:3298: checking build system type
configure:3312: result: x86_64-unknown-linux-gnu
configure:3332: checking host system type
configure:3345: result: x86_64-unknown-linux-gnu
configure:3386: checking how to print strings
configure:3413: result: printf
configure:3446: checking for style of include used by make
configure:3474: result: GNU
configure:3545: checking for gcc
configure:3561: found /usr/bin/gcc
configure:3572: result: gcc
configure:3801: checking for C compiler version
configure:3810: gcc --version >&5
gcc (GCC) 4.8.5 20150623 (Red Hat 4.8.5-16)
Copyright (C) 2015 Free Software Foundation, Inc.
This is free software; see the source for copying conditions.  There is NO
warranty; not even for MERCHANTABILITY or FITNESS FOR A PARTICULAR PURPOSE.

configure:3821: $? = 0
configure:3810: gcc -v >&5
Using built-in specs.
COLLECT_GCC=gcc
COLLECT_LTO_WRAPPER=/usr/libexec/gcc/x86_64-redhat-linux/4.8.5/lto-wrapper
Target: x86_64-redhat-linux
Configured with: ../configure --prefix=/usr --mandir=/usr/share/man --infodir=/usr/share/info --with-bugurl=http://bugzilla.redhat.com/bugzilla --enable-bootstrap --enable-shared --enable-threads=posix --enable-checking=release --with-system-zlib --enable-__cxa_atexit --disable-libunwind-exceptions --enable-gnu-unique-object --enable-linker-build-id --with-linker-hash-style=gnu --enable-languages=c,c++,objc,obj-c++,java,fortran,ada,go,lto --enable-plugin --enable-initfini-array --disable-libgcj --with-isl=/builddir/build/BUILD/gcc-4.8.5-20150702/obj-x86_64-redhat-linux/isl-install --with-cloog=/builddir/build/BUILD/gcc-4.8.5-20150702/obj-x86_64-redhat-linux/cloog-install --enable-gnu-indirect-function --with-tune=generic --with-arch_32=x86-64 --build=x86_64-redhat-linux
Thread model: posix
gcc version 4.8.5 20150623 (Red Hat 4.8.5-16) (GCC) 
configure:3821: $? = 0
configure:3810: gcc -V >&5
gcc: error: unrecognized command line option '-V'
gcc: fatal error: no input files
compilation terminated.
configure:3821: $? = 4
configure:3810: gcc -qversion >&5
gcc: error: unrecognized command line option '-qversion'
gcc: fatal error: no input files
compilation terminated.
configure:3821: $? = 4
configure:3841: checking whether the C compiler works
configure:3863: gcc    conftest.c  >&5
configure:3867: $? = 0
configure:3915: result: yes
configure:3918: checking for C compiler default output file name
configure:3920: result: a.out
configure:3926: checking for suffix of executables
configure:3933: gcc -o conftest    conftest.c  >&5
configure:3937: $? = 0
configure:3959: result: 
configure:3981: checking whether we are cross compiling
configure:3989: gcc -o conftest    conftest.c  >&5
configure:3993: $? = 0
configure:4000: ./conftest
configure:4004: $? = 0
configure:4019: result: no
configure:4024: checking for suffix of object files
configure:4046: gcc -c   conftest.c >&5
configure:4050: $? = 0
configure:4071: result: o
configure:4075: checking whether we are using the GNU C compiler
configure:4094: gcc -c   conftest.c >&5
configure:4094: $? = 0
configure:4103: result: yes
configure:4112: checking whether gcc accepts -g
configure:4132: gcc -c -g  conftest.c >&5
configure:4132: $? = 0
configure:4173: result: yes
configure:4190: checking for gcc option to accept ISO C89
configure:4253: gcc  -c -g -O2  conftest.c >&5
configure:4253: $? = 0
configure:4266: result: none needed
configure:4291: checking whether gcc understands -c and -o together
configure:4313: gcc -c conftest.c -o conftest2.o
configure:4316: $? = 0
configure:4313: gcc -c conftest.c -o conftest2.o
configure:4316: $? = 0
configure:4328: result: yes
configure:4347: checking dependency style of gcc
configure:4458: result: gcc3
configure:4473: checking for a sed that does not truncate output
configure:4537: result: /usr/bin/sed
configure:4555: checking for grep that handles long lines and -e
configure:4613: result: /usr/bin/grep
configure:4618: checking for egrep
configure:4680: result: /usr/bin/grep -E
configure:4685: checking for fgrep
configure:4747: result: /usr/bin/grep -F
configure:4782: checking for ld used by gcc
configure:4849: result: /usr/bin/ld
configure:4856: checking if the linker (/usr/bin/ld) is GNU ld
configure:4871: result: yes
configure:4883: checking for BSD- or MS-compatible name lister (nm)
configure:4937: result: /usr/bin/nm -B
configure:5067: checking the name lister (/usr/bin/nm -B) interface
configure:5074: gcc -c -g -O2  conftest.c >&5
configure:5077: /usr/bin/nm -B "conftest.o"
configure:5080: output
0000000000000000 B some_variable
configure:5087: result: BSD nm
configure:5090: checking whether ln -s works
configure:5094: result: yes
configure:5102: checking the maximum length of command line arguments
configure:5233: result: 1572864
configure:5281: checking how to convert x86_64-unknown-linux-gnu file names to x86_64-unknown-linux-gnu format
configure:5321: result: func_convert_file_noop
configure:5328: checking how to convert x86_64-unknown-linux-gnu file names to toolchain format
configure:5348: result: func_convert_file_noop
configure:5355: checking for /usr/bin/ld option to reload object files
configure:5362: result: -r
configure:5436: checking for objdump
configure:5452: found /usr/bin/objdump
configure:5463: result: objdump
configure:5495: checking how to recognize dependent libraries
configure:5695: result: pass_all
configure:5780: checking for dlltool
configure:5810: result: no
configure:5840: checking how to associate runtime and link libraries
configure:5867: result: printf %s\n
configure:5928: checking for ar
configure:5944: found /usr/bin/ar
configure:5955: result: ar
configure:5992: checking for archiver @FILE support
configure:6009: gcc -c -g -O2  conftest.c >&5
configure:6009: $? = 0
configure:6012: ar cru libconftest.a @conftest.lst >&5
configure:6015: $? = 0
configure:6020: ar cru libconftest.a @conftest.lst >&5
ar: conftest.o: No such file or directory
configure:6023: $? = 1
configure:6035: result: @
configure:6093: checking for strip
configure:6109: found /usr/bin/strip
configure:6120: result: strip
configure:6192: checking for ranlib
configure:6208: found /usr/bin/ranlib
configure:6219: result: ranlib
configure:6321: checking command to parse /usr/bin/nm -B output from gcc object
configure:6474: gcc -c -g -O2  conftest.c >&5
configure:6477: $? = 0
configure:6481: /usr/bin/nm -B conftest.o \| sed -n -e 's/^.*[ ]\([ABCDGIRSTW][ABCDGIRSTW]*\)[ ][ ]*\([_A-Za-z][_A-Za-z0-9]*\)$/\1 \2 \2/p' | sed '/ __gnu_lto/d' \> conftest.nm
configure:6484: $? = 0
configure:6550: gcc -o conftest -g -O2   conftest.c conftstm.o >&5
configure:6553: $? = 0
configure:6591: result: ok
configure:6638: checking for sysroot
configure:6668: result: no
configure:6675: checking for a working dd
configure:6713: result: /usr/bin/dd
configure:6717: checking how to truncate binary pipes
configure:6732: result: /usr/bin/dd bs=4096 count=1
configure:6868: gcc -c -g -O2  conftest.c >&5
configure:6871: $? = 0
configure:7061: checking for mt
configure:7091: result: no
configure:7111: checking if : is a manifest tool
configure:7117: : '-?'
configure:7125: result: no
configure:7802: checking how to run the C preprocessor
configure:7833: gcc -E  conftest.c
configure:7833: $? = 0
configure:7847: gcc -E  conftest.c
conftest.c:14:28: fatal error: ac_nonexistent.h: No such file or directory
 #include <ac_nonexistent.h>
                            ^
compilation terminated.
configure:7847: $? = 1
configure: failed program was:
| /* confdefs.h */
| #define PACKAGE_NAME ""
| #define PACKAGE_TARNAME ""
| #define PACKAGE_VERSION ""
| #define PACKAGE_STRING ""
| #define PACKAGE_BUGREPORT ""
| #define PACKAGE_URL ""
| #define GW_NAME "Kannel"
| #define GW_VERSION "svn-r5239M"
| #define VERSION "svn-r5239M"
| #define PACKAGE "Kannel"
| #define VERSION "svn-r5239M"
| /* end confdefs.h.  */
| #include <ac_nonexistent.h>
configure:7872: result: gcc -E
configure:7892: gcc -E  conftest.c
configure:7892: $? = 0
configure:7906: gcc -E  conftest.c
conftest.c:14:28: fatal error: ac_nonexistent.h: No such file or directory
 #include <ac_nonexistent.h>
                            ^
compilation terminated.
configure:7906: $? = 1
configure: failed program was:
| /* confdefs.h */
| #define PACKAGE_NAME ""
| #define PACKAGE_TARNAME ""
| #define PACKAGE_VERSION ""
| #define PACKAGE_STRING ""
| #define PACKAGE_BUGREPORT ""
| #define PACKAGE_URL ""
| #define GW_NAME "Kannel"
| #define GW_VERSION "svn-r5239M"
| #define VERSION "svn-r5239M"
| #define PACKAGE "Kannel"
| #define VERSION "svn-r5239M"
| /* end confdefs.h.  */
| #include <ac_nonexistent.h>
configure:7935: checking for ANSI C header files
configure:7955: gcc -c -g -O2  conftest.c >&5
configure:7955: $? = 0
configure:8028: gcc -o conftest -g -O2   conftest.c  >&5
configure:8028: $? = 0
configure:8028: ./conftest
configure:8028: $? = 0
configure:8039: result: yes
configure:8052: checking for sys/types.h
configure:8052: gcc -c -g -O2  conftest.c >&5
configure:8052: $? = 0
configure:8052: result: yes
configure:8052: checking for sys/stat.h
configure:8052: gcc -c -g -O2  conftest.c >&5
configure:8052: $? = 0
configure:8052: result: yes
configure:8052: checking for stdlib.h
configure:8052: gcc -c -g -O2  conftest.c >&5
configure:8052: $? = 0
configure:8052: result: yes
configure:8052: checking for string.h
configure:8052: gcc -c -g -O2  conftest.c >&5
configure:8052: $? = 0
configure:8052: result: yes
configure:8052: checking for memory.h
configure:8052: gcc -c -g -O2  conftest.c >&5
configure:8052: $? = 0
configure:8052: result: yes
configure:8052: checking for strings.h
configure:8052: gcc -c -g -O2  conftest.c >&5
configure:8052: $? = 0
configure:8052: result: yes
configure:8052: checking for inttypes.h
configure:8052: gcc -c -g -O2  conftest.c >&5
configure:8052: $? = 0
configure:8052: result: yes
configure:8052: checking for stdint.h
configure:8052: gcc -c -g -O2  conftest.c >&5
configure:8052: $? = 0
configure:8052: result: yes
configure:8052: checking for unistd.h
configure:8052: gcc -c -g -O2  conftest.c >&5
configure:8052: $? = 0
configure:8052: result: yes
configure:8066: checking for dlfcn.h
configure:8066: gcc -c -g -O2  conftest.c >&5
configure:8066: $? = 0
configure:8066: result: yes
configure:8292: checking for objdir
configure:8307: result: .libs
configure:8567: checking if gcc supports -fno-rtti -fno-exceptions
configure:8585: gcc -c -g -O2  -fno-rtti -fno-exceptions conftest.c >&5
cc1: warning: command line option '-fno-rtti' is valid for C++/ObjC++ but not for C [enabled by default]
configure:8589: $? = 0
configure:8602: result: no
configure:8960: checking for gcc option to produce PIC
configure:8967: result: -fPIC -DPIC
configure:8975: checking if gcc PIC flag -fPIC -DPIC works
configure:8993: gcc -c -g -O2  -fPIC -DPIC -DPIC conftest.c >&5
configure:8997: $? = 0
configure:9010: result: yes
configure:9039: checking if gcc static flag -static works
configure:9067: result: no
configure:9082: checking if gcc supports -c -o file.o
configure:9103: gcc -c -g -O2  -o out/conftest2.o conftest.c >&5
configure:9107: $? = 0
configure:9129: result: yes
configure:9137: checking if gcc supports -c -o file.o
configure:9184: result: yes
configure:9217: checking whether the gcc linker (/usr/bin/ld -m elf_x86_64) supports shared libraries
configure:10480: result: yes
configure:10517: checking whether -lc should be explicitly linked in
configure:10525: gcc -c -g -O2  conftest.c >&5
configure:10528: $? = 0
configure:10543: gcc -shared  -fPIC -DPIC conftest.o  -v -Wl,-soname -Wl,conftest -o conftest 2\>\&1 \| /usr/bin/grep  -lc  \>/dev/null 2\>\&1
configure:10546: $? = 0
configure:10560: result: no
configure:10720: checking dynamic linker characteristics
configure:11301: gcc -o conftest -g -O2   -Wl,-rpath -Wl,/foo conftest.c  >&5
configure:11301: $? = 0
configure:11550: result: GNU/Linux ld.so
configure:11672: checking how to hardcode library paths into programs
configure:11697: result: immediate
configure:12245: checking whether stripping libraries is possible
configure:12250: result: yes
configure:12285: checking if libtool supports shared libraries
configure:12287: result: yes
configure:12290: checking whether to build shared libraries
configure:12315: result: yes
configure:12318: checking whether to build static libraries
configure:12322: result: no
configure:12426: checking for gcc
configure:12453: result: gcc
configure:12682: checking for C compiler version
configure:12691: gcc --version >&5
gcc (GCC) 4.8.5 20150623 (Red Hat 4.8.5-16)
Copyright (C) 2015 Free Software Foundation, Inc.
This is free software; see the source for copying conditions.  There is NO
warranty; not even for MERCHANTABILITY or FITNESS FOR A PARTICULAR PURPOSE.

configure:12702: $? = 0
configure:12691: gcc -v >&5
Using built-in specs.
COLLECT_GCC=gcc
COLLECT_LTO_WRAPPER=/usr/libexec/gcc/x86_64-redhat-linux/4.8.5/lto-wrapper
Target: x86_64-redhat-linux
Configured with: ../configure --prefix=/usr --mandir=/usr/share/man --infodir=/usr/share/info --with-bugurl=http://bugzilla.redhat.com/bugzilla --enable-bootstrap --enable-shared --enable-threads=posix --enable-checking=release --with-system-zlib --enable-__cxa_atexit --disable-libunwind-exceptions --enable-gnu-unique-object --enable-linker-build-id --with-linker-hash-style=gnu --enable-languages=c,c++,objc,obj-c++,java,fortran,ada,go,lto --enable-plugin --enable-initfini-array --disable-libgcj --with-isl=/builddir/build/BUILD/gcc-4.8.5-20150702/obj-x86_64-redhat-linux/isl-install --with-cloog=/builddir/build/BUILD/gcc-4.8.5-20150702/obj-x86_64-redhat-linux/cloog-install --enable-gnu-indirect-function --with-tune=generic --with-arch_32=x86-64 --build=x86_64-redhat-linux
Thread model: posix
gcc version 4.8.5 20150623 (Red Hat 4.8.5-16) (GCC) 
configure:12702: $? = 0
configure:12691: gcc -V >&5
gcc: error: unrecognized command line option '-V'
gcc: fatal error: no input files
compilation terminated.
configure:12702: $? = 4
configure:12691: gcc -qversion >&5
gcc: error: unrecognized command line option '-qversion'
gcc: fatal error: no input files
compilation terminated.
configure:12702: $? = 4
configure:12706: checking whether we are using the GNU C compiler
configure:12734: result: yes
configure:12743: checking whether gcc accepts -g
configure:12804: result: yes
configure:12821: checking for gcc option to accept ISO C89
configure:12897: result: none needed
configure:12922: checking whether gcc understands -c and -o together
configure:12959: result: yes
configure:12978: checking dependency style of gcc
configure:13089: result: gcc3
configure:13104: checking for gcc option to accept ISO C99
configure:13253: gcc  -c -g -O2  conftest.c >&5
conftest.c:76:29: error: expected ';', ',' or ')' before 'text'
 test_restrict (ccp restrict text)
                             ^
conftest.c: In function 'main':
conftest.c:130:18: error: expected '=', ',', ';', 'asm' or '__attribute__' before 'newvar'
   char *restrict newvar = "Another string";
                  ^
conftest.c:130:18: error: 'newvar' undeclared (first use in this function)
conftest.c:130:18: note: each undeclared identifier is reported only once for each function it appears in
conftest.c:140:3: error: 'for' loop initial declarations are only allowed in C99 mode
   for (int i = 0; i < ia->datasize; ++i)
   ^
conftest.c:140:3: note: use option -std=c99 or -std=gnu99 to compile your code
configure:13253: $? = 1
configure: failed program was:
| /* confdefs.h */
| #define PACKAGE_NAME ""
| #define PACKAGE_TARNAME ""
| #define PACKAGE_VERSION ""
| #define PACKAGE_STRING ""
| #define PACKAGE_BUGREPORT ""
| #define PACKAGE_URL ""
| #define GW_NAME "Kannel"
| #define GW_VERSION "svn-r5239M"
| #define VERSION "svn-r5239M"
| #define PACKAGE "Kannel"
| #define VERSION "svn-r5239M"
| #define STDC_HEADERS 1
| #define HAVE_SYS_TYPES_H 1
| #define HAVE_SYS_STAT_H 1
| #define HAVE_STDLIB_H 1
| #define HAVE_STRING_H 1
| #define HAVE_MEMORY_H 1
| #define HAVE_STRINGS_H 1
| #define HAVE_INTTYPES_H 1
| #define HAVE_STDINT_H 1
| #define HAVE_UNISTD_H 1
| #define HAVE_DLFCN_H 1
| #define LT_OBJDIR ".libs/"
| /* end confdefs.h.  */
| #include <stdarg.h>
| #include <stdbool.h>
| #include <stdlib.h>
| #include <wchar.h>
| #include <stdio.h>
| 
| // Check varargs macros.  These examples are taken from C99 6.10.3.5.
| #define debug(...) fprintf (stderr, __VA_ARGS__)
| #define showlist(...) puts (#__VA_ARGS__)
| #define report(test,...) ((test) ? puts (#test) : printf (__VA_ARGS__))
| static void
| test_varargs_macros (void)
| {
|   int x = 1234;
|   int y = 5678;
|   debug ("Flag");
|   debug ("X = %d\n", x);
|   showlist (The first, second, and third items.);
|   report (x>y, "x is %d but y is %d", x, y);
| }
| 
| // Check long long types.
| #define BIG64 18446744073709551615ull
| #define BIG32 4294967295ul
| #define BIG_OK (BIG64 / BIG32 == 4294967297ull && BIG64 % BIG32 == 0)
| #if !BIG_OK
|   your preprocessor is broken;
| #endif
| #if BIG_OK
| #else
|   your preprocessor is broken;
| #endif
| static long long int bignum = -9223372036854775807LL;
| static unsigned long long int ubignum = BIG64;
| 
| struct incomplete_array
| {
|   int datasize;
|   double data[];
| };
| 
| struct named_init {
|   int number;
|   const wchar_t *name;
|   double average;
| };
| 
| typedef const char *ccp;
| 
| static inline int
| test_restrict (ccp restrict text)
| {
|   // See if C++-style comments work.
|   // Iterate through items via the restricted pointer.
|   // Also check for declarations in for loops.
|   for (unsigned int i = 0; *(text+i) != '\0'; ++i)
|     continue;
|   return 0;
| }
| 
| // Check varargs and va_copy.
| static void
| test_varargs (const char *format, ...)
| {
|   va_list args;
|   va_start (args, format);
|   va_list args_copy;
|   va_copy (args_copy, args);
| 
|   const char *str;
|   int number;
|   float fnumber;
| 
|   while (*format)
|     {
|       switch (*format++)
| 	{
| 	case 's': // string
| 	  str = va_arg (args_copy, const char *);
| 	  break;
| 	case 'd': // int
| 	  number = va_arg (args_copy, int);
| 	  break;
| 	case 'f': // float
| 	  fnumber = va_arg (args_copy, double);
| 	  break;
| 	default:
| 	  break;
| 	}
|     }
|   va_end (args_copy);
|   va_end (args);
| }
| 
| int
| main ()
| {
| 
|   // Check bool.
|   _Bool success = false;
| 
|   // Check restrict.
|   if (test_restrict ("String literal") == 0)
|     success = true;
|   char *restrict newvar = "Another string";
| 
|   // Check varargs.
|   test_varargs ("s, d' f .", "string", 65, 34.234);
|   test_varargs_macros ();
| 
|   // Check flexible array members.
|   struct incomplete_array *ia =
|     malloc (sizeof (struct incomplete_array) + (sizeof (double) * 10));
|   ia->datasize = 10;
|   for (int i = 0; i < ia->datasize; ++i)
|     ia->data[i] = i * 1.234;
| 
|   // Check named initializers.
|   struct named_init ni = {
|     .number = 34,
|     .name = L"Test wide string",
|     .average = 543.34343,
|   };
| 
|   ni.number = 58;
| 
|   int dynamic_array[ni.number];
|   dynamic_array[ni.number - 1] = 543;
| 
|   // work around unused variable warnings
|   return (!success || bignum == 0LL || ubignum == 0uLL || newvar[0] == 'x'
| 	  || dynamic_array[ni.number - 1] != 543);
| 
|   ;
|   return 0;
| }
configure:13253: gcc -std=gnu99 -c -g -O2  conftest.c >&5
configure:13253: $? = 0
configure:13273: result: -std=gnu99
configure:13328: checking for ranlib
configure:13355: result: ranlib
configure:13381: checking for bison
configure:13397: found /usr/bin/bison
configure:13408: result: bison -y
configure:13424: checking for flex
configure:13454: result: no
configure:13424: checking for lex
configure:13454: result: no
configure:13622: checking for ar
configure:13649: result: ar
configure:13673: checking for convert
configure:13706: result: no
configure:13713: checking for perl
configure:13731: found /usr/bin/perl
configure:13743: result: /usr/bin/perl
configure:13897: checking for inline
configure:13913: gcc -std=gnu99 -c -g -O2 -D_XOPEN_SOURCE=600 -D_BSD_SOURCE -D_DEFAULT_SOURCE  conftest.c >&5
configure:13913: $? = 0
configure:13921: result: inline
configure:13948: checking for special C compiler options needed for large files
configure:13993: result: no
configure:13999: checking for _FILE_OFFSET_BITS value needed for large files
configure:14024: gcc -std=gnu99 -c -g -O2 -D_XOPEN_SOURCE=600 -D_BSD_SOURCE -D_DEFAULT_SOURCE  conftest.c >&5
configure:14024: $? = 0
configure:14056: result: no
configure:14153: checking size of short
configure:14158: gcc -std=gnu99 -o conftest -g -O2 -D_XOPEN_SOURCE=600 -D_BSD_SOURCE -D_DEFAULT_SOURCE -D_LARGE_FILES=   -rdynamic conftest.c  >&5
configure:14158: $? = 0
configure:14158: ./conftest
configure:14158: $? = 0
configure:14172: result: 2
configure:14186: checking size of int
configure:14191: gcc -std=gnu99 -o conftest -g -O2 -D_XOPEN_SOURCE=600 -D_BSD_SOURCE -D_DEFAULT_SOURCE -D_LARGE_FILES=   -rdynamic conftest.c  >&5
configure:14191: $? = 0
configure:14191: ./conftest
configure:14191: $? = 0
configure:14205: result: 4
configure:14219: checking size of long
configure:14224: gcc -std=gnu99 -o conftest -g -O2 -D_XOPEN_SOURCE=600 -D_BSD_SOURCE -D_DEFAULT_SOURCE -D_LARGE_FILES=   -rdynamic conftest.c  >&5
configure:14224: $? = 0
configure:14224: ./conftest
configure:14224: $? = 0
configure:14238: result: 8
configure:14252: checking size of long long
configure:14257: gcc -std=gnu99 -o conftest -g -O2 -D_XOPEN_SOURCE=600 -D_BSD_SOURCE -D_DEFAULT_SOURCE -D_LARGE_FILES=   -rdynamic conftest.c  >&5
configure:14257: $? = 0
configure:14257: ./conftest
configure:14257: $? = 0
configure:14271: result: 8
configure:14291: checking for log in -lm
configure:14316: gcc -std=gnu99 -o conftest -g -O2 -D_XOPEN_SOURCE=600 -D_BSD_SOURCE -D_DEFAULT_SOURCE -D_LARGE_FILES=   -rdynamic conftest.c -lm   >&5
conftest.c:37:6: warning: conflicting types for built-in function 'log' [enabled by default]
 char log ();
      ^
configure:14316: $? = 0
configure:14325: result: yes
configure:14336: checking for accept in -lsocket
configure:14361: gcc -std=gnu99 -o conftest -g -O2 -D_XOPEN_SOURCE=600 -D_BSD_SOURCE -D_DEFAULT_SOURCE -D_LARGE_FILES=   -rdynamic conftest.c -lsocket  -lm  >&5
/usr/bin/ld: cannot find -lsocket
collect2: error: ld returned 1 exit status
configure:14361: $? = 1
configure: failed program was:
| /* confdefs.h */
| #define PACKAGE_NAME ""
| #define PACKAGE_TARNAME ""
| #define PACKAGE_VERSION ""
| #define PACKAGE_STRING ""
| #define PACKAGE_BUGREPORT ""
| #define PACKAGE_URL ""
| #define GW_NAME "Kannel"
| #define GW_VERSION "svn-r5239M"
| #define VERSION "svn-r5239M"
| #define PACKAGE "Kannel"
| #define VERSION "svn-r5239M"
| #define STDC_HEADERS 1
| #define HAVE_SYS_TYPES_H 1
| #define HAVE_SYS_STAT_H 1
| #define HAVE_STDLIB_H 1
| #define HAVE_STRING_H 1
| #define HAVE_MEMORY_H 1
| #define HAVE_STRINGS_H 1
| #define HAVE_INTTYPES_H 1
| #define HAVE_STDINT_H 1
| #define HAVE_UNISTD_H 1
| #define HAVE_DLFCN_H 1
| #define LT_OBJDIR ".libs/"
| #define SIZEOF_SHORT 2
| #define SIZEOF_INT 4
| #define SIZEOF_LONG 8
| #define SIZEOF_LONG_LONG 8
| #define HAVE_LIBM 1
| /* end confdefs.h.  */
| 
| /* Override any GCC internal prototype to avoid an error.
|    Use char because int might match the return type of a GCC
|    builtin and then its argument prototype would still apply.  */
| #ifdef __cplusplus
| extern "C"
| #endif
| char accept ();
| int
| main ()
| {
| return accept ();
|   ;
|   return 0;
| }
configure:14370: result: no
configure:14381: checking for inet_ntoa in -lnsl
configure:14406: gcc -std=gnu99 -o conftest -g -O2 -D_XOPEN_SOURCE=600 -D_BSD_SOURCE -D_DEFAULT_SOURCE -D_LARGE_FILES=   -rdynamic conftest.c -lnsl  -lm  >&5
configure:14406: $? = 0
configure:14415: result: yes
configure:14426: checking for inet_ntop in -lresolv
configure:14451: gcc -std=gnu99 -o conftest -g -O2 -D_XOPEN_SOURCE=600 -D_BSD_SOURCE -D_DEFAULT_SOURCE -D_LARGE_FILES=   -rdynamic conftest.c -lresolv  -lnsl -lm  >&5
configure:14451: $? = 0
configure:14460: result: yes
configure:14471: checking for inet_ntop in -lbind
configure:14496: gcc -std=gnu99 -o conftest -g -O2 -D_XOPEN_SOURCE=600 -D_BSD_SOURCE -D_DEFAULT_SOURCE -D_LARGE_FILES=   -rdynamic conftest.c -lbind  -lresolv -lnsl -lm  >&5
/usr/bin/ld: cannot find -lbind
collect2: error: ld returned 1 exit status
configure:14496: $? = 1
configure: failed program was:
| /* confdefs.h */
| #define PACKAGE_NAME ""
| #define PACKAGE_TARNAME ""
| #define PACKAGE_VERSION ""
| #define PACKAGE_STRING ""
| #define PACKAGE_BUGREPORT ""
| #define PACKAGE_URL ""
| #define GW_NAME "Kannel"
| #define GW_VERSION "svn-r5239M"
| #define VERSION "svn-r5239M"
| #define PACKAGE "Kannel"
| #define VERSION "svn-r5239M"
| #define STDC_HEADERS 1
| #define HAVE_SYS_TYPES_H 1
| #define HAVE_SYS_STAT_H 1
| #define HAVE_STDLIB_H 1
| #define HAVE_STRING_H 1
| #define HAVE_MEMORY_H 1
| #define HAVE_STRINGS_H 1
| #define HAVE_INTTYPES_H 1
| #define HAVE_STDINT_H 1
| #define HAVE_UNISTD_H 1
| #define HAVE_DLFCN_H 1
| #define LT_OBJDIR ".libs/"
| #define SIZEOF_SHORT 2
| #define SIZEOF_INT 4
| #define SIZEOF_LONG 8
| #define SIZEOF_LONG_LONG 8
| #define HAVE_LIBM 1
| #define HAVE_LIBNSL 1
| #define HAVE_LIBRESOLV 1
| /* end confdefs.h.  */
| 
| /* Override any GCC internal prototype to avoid an error.
|    Use char because int might match the return type of a GCC
|    builtin and then its argument prototype would still apply.  */
| #ifdef __cplusplus
| extern "C"
| #endif
| char inet_ntop ();
| int
| main ()
| {
| return inet_ntop ();
|   ;
|   return 0;
| }
configure:14505: result: no
configure:14517: checking for pthread_exit in -lpthread
configure:14542: gcc -std=gnu99 -o conftest -g -O2 -D_XOPEN_SOURCE=600 -D_BSD_SOURCE -D_DEFAULT_SOURCE -D_LARGE_FILES=   -rdynamic conftest.c -lpthread  -lresolv -lnsl -lm  >&5
configure:14542: $? = 0
configure:14551: result: yes
configure:14558: checking for libiconv in -liconv
configure:14583: gcc -std=gnu99 -o conftest -g -O2 -D_XOPEN_SOURCE=600 -D_BSD_SOURCE -D_DEFAULT_SOURCE -D_LARGE_FILES=   -rdynamic conftest.c -liconv  -lresolv -lnsl -lm  -lpthread >&5
/usr/bin/ld: cannot find -liconv
collect2: error: ld returned 1 exit status
configure:14583: $? = 1
configure: failed program was:
| /* confdefs.h */
| #define PACKAGE_NAME ""
| #define PACKAGE_TARNAME ""
| #define PACKAGE_VERSION ""
| #define PACKAGE_STRING ""
| #define PACKAGE_BUGREPORT ""
| #define PACKAGE_URL ""
| #define GW_NAME "Kannel"
| #define GW_VERSION "svn-r5239M"
| #define VERSION "svn-r5239M"
| #define PACKAGE "Kannel"
| #define VERSION "svn-r5239M"
| #define STDC_HEADERS 1
| #define HAVE_SYS_TYPES_H 1
| #define HAVE_SYS_STAT_H 1
| #define HAVE_STDLIB_H 1
| #define HAVE_STRING_H 1
| #define HAVE_MEMORY_H 1
| #define HAVE_STRINGS_H 1
| #define HAVE_INTTYPES_H 1
| #define HAVE_STDINT_H 1
| #define HAVE_UNISTD_H 1
| #define HAVE_DLFCN_H 1
| #define LT_OBJDIR ".libs/"
| #define SIZEOF_SHORT 2
| #define SIZEOF_INT 4
| #define SIZEOF_LONG 8
| #define SIZEOF_LONG_LONG 8
| #define HAVE_LIBM 1
| #define HAVE_LIBNSL 1
| #define HAVE_LIBRESOLV 1
| /* end confdefs.h.  */
| 
| /* Override any GCC internal prototype to avoid an error.
|    Use char because int might match the return type of a GCC
|    builtin and then its argument prototype would still apply.  */
| #ifdef __cplusplus
| extern "C"
| #endif
| char libiconv ();
| int
| main ()
| {
| return libiconv ();
|   ;
|   return 0;
| }
configure:14592: result: no
configure:14600: checking for ANSI C header files
configure:14704: result: yes
configure:14715: checking sys/ioctl.h usability
configure:14715: gcc -std=gnu99 -c -g -O2 -D_XOPEN_SOURCE=600 -D_BSD_SOURCE -D_DEFAULT_SOURCE -D_LARGE_FILES=  conftest.c >&5
configure:14715: $? = 0
configure:14715: result: yes
configure:14715: checking sys/ioctl.h presence
configure:14715: gcc -E  conftest.c
configure:14715: $? = 0
configure:14715: result: yes
configure:14715: checking for sys/ioctl.h
configure:14715: result: yes
configure:14715: checking sys/time.h usability
configure:14715: gcc -std=gnu99 -c -g -O2 -D_XOPEN_SOURCE=600 -D_BSD_SOURCE -D_DEFAULT_SOURCE -D_LARGE_FILES=  conftest.c >&5
configure:14715: $? = 0
configure:14715: result: yes
configure:14715: checking sys/time.h presence
configure:14715: gcc -E  conftest.c
configure:14715: $? = 0
configure:14715: result: yes
configure:14715: checking for sys/time.h
configure:14715: result: yes
configure:14715: checking for sys/types.h
configure:14715: result: yes
configure:14715: checking for unistd.h
configure:14715: result: yes
configure:14715: checking sys/poll.h usability
configure:14715: gcc -std=gnu99 -c -g -O2 -D_XOPEN_SOURCE=600 -D_BSD_SOURCE -D_DEFAULT_SOURCE -D_LARGE_FILES=  conftest.c >&5
configure:14715: $? = 0
configure:14715: result: yes
configure:14715: checking sys/poll.h presence
configure:14715: gcc -E  conftest.c
configure:14715: $? = 0
configure:14715: result: yes
configure:14715: checking for sys/poll.h
configure:14715: result: yes
configure:14728: checking pthread.h usability
configure:14728: gcc -std=gnu99 -c -g -O2 -D_XOPEN_SOURCE=600 -D_BSD_SOURCE -D_DEFAULT_SOURCE -D_LARGE_FILES=  conftest.c >&5
configure:14728: $? = 0
configure:14728: result: yes
configure:14728: checking pthread.h presence
configure:14728: gcc -E  conftest.c
configure:14728: $? = 0
configure:14728: result: yes
configure:14728: checking for pthread.h
configure:14728: result: yes
configure:14728: checking getopt.h usability
configure:14728: gcc -std=gnu99 -c -g -O2 -D_XOPEN_SOURCE=600 -D_BSD_SOURCE -D_DEFAULT_SOURCE -D_LARGE_FILES=  conftest.c >&5
configure:14728: $? = 0
configure:14728: result: yes
configure:14728: checking getopt.h presence
configure:14728: gcc -E  conftest.c
configure:14728: $? = 0
configure:14728: result: yes
configure:14728: checking for getopt.h
configure:14728: result: yes
configure:14728: checking syslog.h usability
configure:14728: gcc -std=gnu99 -c -g -O2 -D_XOPEN_SOURCE=600 -D_BSD_SOURCE -D_DEFAULT_SOURCE -D_LARGE_FILES=  conftest.c >&5
configure:14728: $? = 0
configure:14728: result: yes
configure:14728: checking syslog.h presence
configure:14728: gcc -E  conftest.c
configure:14728: $? = 0
configure:14728: result: yes
configure:14728: checking for syslog.h
configure:14728: result: yes
configure:14728: checking zlib.h usability
configure:14728: gcc -std=gnu99 -c -g -O2 -D_XOPEN_SOURCE=600 -D_BSD_SOURCE -D_DEFAULT_SOURCE -D_LARGE_FILES=  conftest.c >&5
configure:14728: $? = 0
configure:14728: result: yes
configure:14728: checking zlib.h presence
configure:14728: gcc -E  conftest.c
configure:14728: $? = 0
configure:14728: result: yes
configure:14728: checking for zlib.h
configure:14728: result: yes
configure:14728: checking execinfo.h usability
configure:14728: gcc -std=gnu99 -c -g -O2 -D_XOPEN_SOURCE=600 -D_BSD_SOURCE -D_DEFAULT_SOURCE -D_LARGE_FILES=  conftest.c >&5
configure:14728: $? = 0
configure:14728: result: yes
configure:14728: checking execinfo.h presence
configure:14728: gcc -E  conftest.c
configure:14728: $? = 0
configure:14728: result: yes
configure:14728: checking for execinfo.h
configure:14728: result: yes
configure:14728: checking for stdlib.h
configure:14728: result: yes
configure:14741: checking sys/socket.h usability
configure:14741: gcc -std=gnu99 -c -g -O2 -D_XOPEN_SOURCE=600 -D_BSD_SOURCE -D_DEFAULT_SOURCE -D_LARGE_FILES=  conftest.c >&5
configure:14741: $? = 0
configure:14741: result: yes
configure:14741: checking sys/socket.h presence
configure:14741: gcc -E  conftest.c
configure:14741: $? = 0
configure:14741: result: yes
configure:14741: checking for sys/socket.h
configure:14741: result: yes
configure:14741: checking sys/sockio.h usability
configure:14741: gcc -std=gnu99 -c -g -O2 -D_XOPEN_SOURCE=600 -D_BSD_SOURCE -D_DEFAULT_SOURCE -D_LARGE_FILES=  conftest.c >&5
conftest.c:79:24: fatal error: sys/sockio.h: No such file or directory
 #include <sys/sockio.h>
                        ^
compilation terminated.
configure:14741: $? = 1
configure: failed program was:
| /* confdefs.h */
| #define PACKAGE_NAME ""
| #define PACKAGE_TARNAME ""
| #define PACKAGE_VERSION ""
| #define PACKAGE_STRING ""
| #define PACKAGE_BUGREPORT ""
| #define PACKAGE_URL ""
| #define GW_NAME "Kannel"
| #define GW_VERSION "svn-r5239M"
| #define VERSION "svn-r5239M"
| #define PACKAGE "Kannel"
| #define VERSION "svn-r5239M"
| #define STDC_HEADERS 1
| #define HAVE_SYS_TYPES_H 1
| #define HAVE_SYS_STAT_H 1
| #define HAVE_STDLIB_H 1
| #define HAVE_STRING_H 1
| #define HAVE_MEMORY_H 1
| #define HAVE_STRINGS_H 1
| #define HAVE_INTTYPES_H 1
| #define HAVE_STDINT_H 1
| #define HAVE_UNISTD_H 1
| #define HAVE_DLFCN_H 1
| #define LT_OBJDIR ".libs/"
| #define SIZEOF_SHORT 2
| #define SIZEOF_INT 4
| #define SIZEOF_LONG 8
| #define SIZEOF_LONG_LONG 8
| #define HAVE_LIBM 1
| #define HAVE_LIBNSL 1
| #define HAVE_LIBRESOLV 1
| #define STDC_HEADERS 1
| #define HAVE_SYS_IOCTL_H 1
| #define HAVE_SYS_TIME_H 1
| #define HAVE_SYS_TYPES_H 1
| #define HAVE_UNISTD_H 1
| #define HAVE_SYS_POLL_H 1
| #define HAVE_PTHREAD_H 1
| #define HAVE_GETOPT_H 1
| #define HAVE_SYSLOG_H 1
| #define HAVE_ZLIB_H 1
| #define HAVE_EXECINFO_H 1
| #define HAVE_STDLIB_H 1
| #define HAVE_SYS_SOCKET_H 1
| /* end confdefs.h.  */
| #include <stdio.h>
| #ifdef HAVE_SYS_TYPES_H
| # include <sys/types.h>
| #endif
| #ifdef HAVE_SYS_STAT_H
| # include <sys/stat.h>
| #endif
| #ifdef STDC_HEADERS
| # include <stdlib.h>
| # include <stddef.h>
| #else
| # ifdef HAVE_STDLIB_H
| #  include <stdlib.h>
| # endif
| #endif
| #ifdef HAVE_STRING_H
| # if !defined STDC_HEADERS && defined HAVE_MEMORY_H
| #  include <memory.h>
| # endif
| # include <string.h>
| #endif
| #ifdef HAVE_STRINGS_H
| # include <strings.h>
| #endif
| #ifdef HAVE_INTTYPES_H
| # include <inttypes.h>
| #endif
| #ifdef HAVE_STDINT_H
| # include <stdint.h>
| #endif
| #ifdef HAVE_UNISTD_H
| # include <unistd.h>
| #endif
| #include <sys/sockio.h>
configure:14741: result: no
configure:14741: checking sys/sockio.h presence
configure:14741: gcc -E  conftest.c
conftest.c:46:24: fatal error: sys/sockio.h: No such file or directory
 #include <sys/sockio.h>
                        ^
compilation terminated.
configure:14741: $? = 1
configure: failed program was:
| /* confdefs.h */
| #define PACKAGE_NAME ""
| #define PACKAGE_TARNAME ""
| #define PACKAGE_VERSION ""
| #define PACKAGE_STRING ""
| #define PACKAGE_BUGREPORT ""
| #define PACKAGE_URL ""
| #define GW_NAME "Kannel"
| #define GW_VERSION "svn-r5239M"
| #define VERSION "svn-r5239M"
| #define PACKAGE "Kannel"
| #define VERSION "svn-r5239M"
| #define STDC_HEADERS 1
| #define HAVE_SYS_TYPES_H 1
| #define HAVE_SYS_STAT_H 1
| #define HAVE_STDLIB_H 1
| #define HAVE_STRING_H 1
| #define HAVE_MEMORY_H 1
| #define HAVE_STRINGS_H 1
| #define HAVE_INTTYPES_H 1
| #define HAVE_STDINT_H 1
| #define HAVE_UNISTD_H 1
| #define HAVE_DLFCN_H 1
| #define LT_OBJDIR ".libs/"
| #define SIZEOF_SHORT 2
| #define SIZEOF_INT 4
| #define SIZEOF_LONG 8
| #define SIZEOF_LONG_LONG 8
| #define HAVE_LIBM 1
| #define HAVE_LIBNSL 1
| #define HAVE_LIBRESOLV 1
| #define STDC_HEADERS 1
| #define HAVE_SYS_IOCTL_H 1
| #define HAVE_SYS_TIME_H 1
| #define HAVE_SYS_TYPES_H 1
| #define HAVE_UNISTD_H 1
| #define HAVE_SYS_POLL_H 1
| #define HAVE_PTHREAD_H 1
| #define HAVE_GETOPT_H 1
| #define HAVE_SYSLOG_H 1
| #define HAVE_ZLIB_H 1
| #define HAVE_EXECINFO_H 1
| #define HAVE_STDLIB_H 1
| #define HAVE_SYS_SOCKET_H 1
| /* end confdefs.h.  */
| #include <sys/sockio.h>
configure:14741: result: no
configure:14741: checking for sys/sockio.h
configure:14741: result: no
configure:14741: checking netinet/in.h usability
configure:14741: gcc -std=gnu99 -c -g -O2 -D_XOPEN_SOURCE=600 -D_BSD_SOURCE -D_DEFAULT_SOURCE -D_LARGE_FILES=  conftest.c >&5
configure:14741: $? = 0
configure:14741: result: yes
configure:14741: checking netinet/in.h presence
configure:14741: gcc -E  conftest.c
configure:14741: $? = 0
configure:14741: result: yes
configure:14741: checking for netinet/in.h
configure:14741: result: yes
configure:14753: checking for net/if.h
configure:14753: gcc -std=gnu99 -c -g -O2 -D_XOPEN_SOURCE=600 -D_BSD_SOURCE -D_DEFAULT_SOURCE -D_LARGE_FILES=  conftest.c >&5
configure:14753: $? = 0
configure:14753: result: yes
configure:14778: checking sys/ucontext.h usability
configure:14778: gcc -std=gnu99 -c -g -O2 -D_XOPEN_SOURCE=600 -D_BSD_SOURCE -D_DEFAULT_SOURCE -D_LARGE_FILES=  conftest.c >&5
configure:14778: $? = 0
configure:14778: result: yes
configure:14778: checking sys/ucontext.h presence
configure:14778: gcc -E  conftest.c
configure:14778: $? = 0
configure:14778: result: yes
configure:14778: checking for sys/ucontext.h
configure:14778: result: yes
configure:14806: gcc -std=gnu99 -c -g -O2 -D_XOPEN_SOURCE=600 -D_BSD_SOURCE -D_DEFAULT_SOURCE -D_LARGE_FILES=  conftest.c >&5
conftest.c: In function 'main':
conftest.c:54:14: warning: initialization discards 'const' qualifier from pointer target type [enabled by default]
 char *func = __FUNCTION__;
              ^
configure:14806: $? = 0
configure:14822: gcc -std=gnu99 -c -g -O2 -D_XOPEN_SOURCE=600 -D_BSD_SOURCE -D_DEFAULT_SOURCE -D_LARGE_FILES=  conftest.c >&5
conftest.c: In function 'main':
conftest.c:55:14: warning: initialization discards 'const' qualifier from pointer target type [enabled by default]
 char *func = __func__;
              ^
configure:14822: $? = 0
configure:14869: checking for ld used by gcc -std=gnu99
configure:14936: result: /usr/bin/ld -m elf_x86_64
configure:14943: checking if the linker (/usr/bin/ld -m elf_x86_64) is GNU ld
configure:14958: result: yes
configure:14965: checking for shared library run path origin
configure:14978: result: done
configure:15556: checking for iconv
configure:15580: gcc -std=gnu99 -o conftest -g -O2 -D_XOPEN_SOURCE=600 -D_BSD_SOURCE -D_DEFAULT_SOURCE -D_LARGE_FILES=   -rdynamic conftest.c -lresolv -lnsl -lm  -lpthread >&5
configure:15580: $? = 0
configure:15614: result: yes
configure:15617: checking for working iconv
configure:15746: gcc -std=gnu99 -o conftest -g -O2 -D_XOPEN_SOURCE=600 -D_BSD_SOURCE -D_DEFAULT_SOURCE -D_LARGE_FILES=   -rdynamic conftest.c -lresolv -lnsl -lm  -lpthread >&5
configure:15746: $? = 0
configure:15746: ./conftest
configure:15746: $? = 0
configure:15758: result: yes
configure:15786: checking for iconv declaration
configure:15815: gcc -std=gnu99 -c -g -O2 -D_XOPEN_SOURCE=600 -D_BSD_SOURCE -D_DEFAULT_SOURCE -D_LARGE_FILES=  conftest.c >&5
configure:15815: $? = 0
configure:15826: result:
         extern size_t iconv (iconv_t cd, char * *inbuf, size_t *inbytesleft, char * *outbuf, size_t *outbytesleft);
configure:15842: checking for gettimeofday
configure:15842: gcc -std=gnu99 -o conftest -g -O2 -D_XOPEN_SOURCE=600 -D_BSD_SOURCE -D_DEFAULT_SOURCE -D_LARGE_FILES=   -rdynamic conftest.c -lresolv -lnsl -lm  -lpthread >&5
configure:15842: $? = 0
configure:15842: result: yes
configure:15842: checking for select
configure:15842: gcc -std=gnu99 -o conftest -g -O2 -D_XOPEN_SOURCE=600 -D_BSD_SOURCE -D_DEFAULT_SOURCE -D_LARGE_FILES=   -rdynamic conftest.c -lresolv -lnsl -lm  -lpthread >&5
configure:15842: $? = 0
configure:15842: result: yes
configure:15842: checking for socket
configure:15842: gcc -std=gnu99 -o conftest -g -O2 -D_XOPEN_SOURCE=600 -D_BSD_SOURCE -D_DEFAULT_SOURCE -D_LARGE_FILES=   -rdynamic conftest.c -lresolv -lnsl -lm  -lpthread >&5
configure:15842: $? = 0
configure:15842: result: yes
configure:15842: checking for strdup
configure:15842: gcc -std=gnu99 -o conftest -g -O2 -D_XOPEN_SOURCE=600 -D_BSD_SOURCE -D_DEFAULT_SOURCE -D_LARGE_FILES=   -rdynamic conftest.c -lresolv -lnsl -lm  -lpthread >&5
conftest.c:80:6: warning: conflicting types for built-in function 'strdup' [enabled by default]
 char strdup ();
      ^
configure:15842: $? = 0
configure:15842: result: yes
configure:15842: checking for getopt_long
configure:15842: gcc -std=gnu99 -o conftest -g -O2 -D_XOPEN_SOURCE=600 -D_BSD_SOURCE -D_DEFAULT_SOURCE -D_LARGE_FILES=   -rdynamic conftest.c -lresolv -lnsl -lm  -lpthread >&5
configure:15842: $? = 0
configure:15842: result: yes
configure:15842: checking for localtime_r
configure:15842: gcc -std=gnu99 -o conftest -g -O2 -D_XOPEN_SOURCE=600 -D_BSD_SOURCE -D_DEFAULT_SOURCE -D_LARGE_FILES=   -rdynamic conftest.c -lresolv -lnsl -lm  -lpthread >&5
configure:15842: $? = 0
configure:15842: result: yes
configure:15842: checking for gmtime_r
configure:15842: gcc -std=gnu99 -o conftest -g -O2 -D_XOPEN_SOURCE=600 -D_BSD_SOURCE -D_DEFAULT_SOURCE -D_LARGE_FILES=   -rdynamic conftest.c -lresolv -lnsl -lm  -lpthread >&5
configure:15842: $? = 0
configure:15842: result: yes
configure:15842: checking for backtrace
configure:15842: gcc -std=gnu99 -o conftest -g -O2 -D_XOPEN_SOURCE=600 -D_BSD_SOURCE -D_DEFAULT_SOURCE -D_LARGE_FILES=   -rdynamic conftest.c -lresolv -lnsl -lm  -lpthread >&5
configure:15842: $? = 0
configure:15842: result: yes
configure:15842: checking for srandom
configure:15842: gcc -std=gnu99 -o conftest -g -O2 -D_XOPEN_SOURCE=600 -D_BSD_SOURCE -D_DEFAULT_SOURCE -D_LARGE_FILES=   -rdynamic conftest.c -lresolv -lnsl -lm  -lpthread >&5
configure:15842: $? = 0
configure:15842: result: yes
configure:15842: checking for initgroups
configure:15842: gcc -std=gnu99 -o conftest -g -O2 -D_XOPEN_SOURCE=600 -D_BSD_SOURCE -D_DEFAULT_SOURCE -D_LARGE_FILES=   -rdynamic conftest.c -lresolv -lnsl -lm  -lpthread >&5
configure:15842: $? = 0
configure:15842: result: yes
configure:15842: checking for strtoll
configure:15842: gcc -std=gnu99 -o conftest -g -O2 -D_XOPEN_SOURCE=600 -D_BSD_SOURCE -D_DEFAULT_SOURCE -D_LARGE_FILES=   -rdynamic conftest.c -lresolv -lnsl -lm  -lpthread >&5
configure:15842: $? = 0
configure:15842: result: yes
configure:15842: checking for strtoq
configure:15842: gcc -std=gnu99 -o conftest -g -O2 -D_XOPEN_SOURCE=600 -D_BSD_SOURCE -D_DEFAULT_SOURCE -D_LARGE_FILES=   -rdynamic conftest.c -lresolv -lnsl -lm  -lpthread >&5
configure:15842: $? = 0
configure:15842: result: yes
configure:15851: checking for getopt
configure:15851: gcc -std=gnu99 -o conftest -g -O2 -D_XOPEN_SOURCE=600 -D_BSD_SOURCE -D_DEFAULT_SOURCE -D_LARGE_FILES=   -rdynamic conftest.c -lresolv -lnsl -lm  -lpthread >&5
configure:15851: $? = 0
configure:15851: result: yes
configure:15864: checking for gethostbyname_r
configure:15864: gcc -std=gnu99 -o conftest -g -O2 -D_XOPEN_SOURCE=600 -D_BSD_SOURCE -D_DEFAULT_SOURCE -D_LARGE_FILES=   -rdynamic conftest.c -lresolv -lnsl -lm  -lpthread >&5
configure:15864: $? = 0
configure:15864: result: yes
configure:15866: checking for which type of gethostbyname_r
configure:15890: gcc -std=gnu99 -c -g -O2 -D_XOPEN_SOURCE=600 -D_BSD_SOURCE -D_DEFAULT_SOURCE -D_LARGE_FILES=  conftest.c >&5
conftest.c: In function 'main':
conftest.c:75:29: error: storage size of 'data' isn't known
         struct hostent_data data;
                             ^
conftest.c:76:9: error: too few arguments to function 'gethostbyname_r'
         (void) gethostbyname_r(name, he, &data);
         ^
In file included from conftest.c:67:0:
/usr/include/netdb.h:179:12: note: declared here
 extern int gethostbyname_r (const char *__restrict __name,
            ^
configure:15890: $? = 1
configure: failed program was:
| /* confdefs.h */
| #define PACKAGE_NAME ""
| #define PACKAGE_TARNAME ""
| #define PACKAGE_VERSION ""
| #define PACKAGE_STRING ""
| #define PACKAGE_BUGREPORT ""
| #define PACKAGE_URL ""
| #define GW_NAME "Kannel"
| #define GW_VERSION "svn-r5239M"
| #define VERSION "svn-r5239M"
| #define PACKAGE "Kannel"
| #define VERSION "svn-r5239M"
| #define STDC_HEADERS 1
| #define HAVE_SYS_TYPES_H 1
| #define HAVE_SYS_STAT_H 1
| #define HAVE_STDLIB_H 1
| #define HAVE_STRING_H 1
| #define HAVE_MEMORY_H 1
| #define HAVE_STRINGS_H 1
| #define HAVE_INTTYPES_H 1
| #define HAVE_STDINT_H 1
| #define HAVE_UNISTD_H 1
| #define HAVE_DLFCN_H 1
| #define LT_OBJDIR ".libs/"
| #define SIZEOF_SHORT 2
| #define SIZEOF_INT 4
| #define SIZEOF_LONG 8
| #define SIZEOF_LONG_LONG 8
| #define HAVE_LIBM 1
| #define HAVE_LIBNSL 1
| #define HAVE_LIBRESOLV 1
| #define STDC_HEADERS 1
| #define HAVE_SYS_IOCTL_H 1
| #define HAVE_SYS_TIME_H 1
| #define HAVE_SYS_TYPES_H 1
| #define HAVE_UNISTD_H 1
| #define HAVE_SYS_POLL_H 1
| #define HAVE_PTHREAD_H 1
| #define HAVE_GETOPT_H 1
| #define HAVE_SYSLOG_H 1
| #define HAVE_ZLIB_H 1
| #define HAVE_EXECINFO_H 1
| #define HAVE_STDLIB_H 1
| #define HAVE_SYS_SOCKET_H 1
| #define HAVE_NETINET_IN_H 1
| #define HAVE_NET_IF_H 1
| #define HAVE_SYS_UCONTEXT_H 1
| #define HAVE_UCONTEXT 1
| #define HAVE___FUNCTION__ 1
| #define HAVE___FUNC__ 1
| #define HAVE_ICONV 1
| #define ICONV_CONST 
| #define HAVE_GETTIMEOFDAY 1
| #define HAVE_SELECT 1
| #define HAVE_SOCKET 1
| #define HAVE_STRDUP 1
| #define HAVE_GETOPT_LONG 1
| #define HAVE_LOCALTIME_R 1
| #define HAVE_GMTIME_R 1
| #define HAVE_BACKTRACE 1
| #define HAVE_SRANDOM 1
| #define HAVE_INITGROUPS 1
| #define HAVE_STRTOLL 1
| #define HAVE_STRTOQ 1
| /* end confdefs.h.  */
| 
| #include <netdb.h>
| 
| int
| main ()
| {
| 
|         char *name;
|         struct hostent *he;
|         struct hostent_data data;
|         (void) gethostbyname_r(name, he, &data);
| 
|   ;
|   return 0;
| }
configure:15914: gcc -std=gnu99 -c -g -O2 -D_XOPEN_SOURCE=600 -D_BSD_SOURCE -D_DEFAULT_SOURCE -D_LARGE_FILES=  conftest.c >&5
configure:15914: $? = 0
configure:15951: result: 6
configure:15986: checking for socklen_t in <sys/socket.h>
configure:16006: gcc -std=gnu99 -c -g -O2 -D_XOPEN_SOURCE=600 -D_BSD_SOURCE -D_DEFAULT_SOURCE -D_LARGE_FILES=  conftest.c >&5
configure:16006: $? = 0
configure:16013: result: yes
configure:16023: checking for getopt in <stdio.h>
configure:16039: gcc -std=gnu99 -c -g -O2 -D_XOPEN_SOURCE=600 -D_BSD_SOURCE -D_DEFAULT_SOURCE -D_LARGE_FILES=  conftest.c >&5
conftest.c: In function 'main':
conftest.c:72:13: error: 'getopt' undeclared (first use in this function)
 void *foo = getopt;
             ^
conftest.c:72:13: note: each undeclared identifier is reported only once for each function it appears in
configure:16039: $? = 1
configure: failed program was:
| /* confdefs.h */
| #define PACKAGE_NAME ""
| #define PACKAGE_TARNAME ""
| #define PACKAGE_VERSION ""
| #define PACKAGE_STRING ""
| #define PACKAGE_BUGREPORT ""
| #define PACKAGE_URL ""
| #define GW_NAME "Kannel"
| #define GW_VERSION "svn-r5239M"
| #define VERSION "svn-r5239M"
| #define PACKAGE "Kannel"
| #define VERSION "svn-r5239M"
| #define STDC_HEADERS 1
| #define HAVE_SYS_TYPES_H 1
| #define HAVE_SYS_STAT_H 1
| #define HAVE_STDLIB_H 1
| #define HAVE_STRING_H 1
| #define HAVE_MEMORY_H 1
| #define HAVE_STRINGS_H 1
| #define HAVE_INTTYPES_H 1
| #define HAVE_STDINT_H 1
| #define HAVE_UNISTD_H 1
| #define HAVE_DLFCN_H 1
| #define LT_OBJDIR ".libs/"
| #define SIZEOF_SHORT 2
| #define SIZEOF_INT 4
| #define SIZEOF_LONG 8
| #define SIZEOF_LONG_LONG 8
| #define HAVE_LIBM 1
| #define HAVE_LIBNSL 1
| #define HAVE_LIBRESOLV 1
| #define STDC_HEADERS 1
| #define HAVE_SYS_IOCTL_H 1
| #define HAVE_SYS_TIME_H 1
| #define HAVE_SYS_TYPES_H 1
| #define HAVE_UNISTD_H 1
| #define HAVE_SYS_POLL_H 1
| #define HAVE_PTHREAD_H 1
| #define HAVE_GETOPT_H 1
| #define HAVE_SYSLOG_H 1
| #define HAVE_ZLIB_H 1
| #define HAVE_EXECINFO_H 1
| #define HAVE_STDLIB_H 1
| #define HAVE_SYS_SOCKET_H 1
| #define HAVE_NETINET_IN_H 1
| #define HAVE_NET_IF_H 1
| #define HAVE_SYS_UCONTEXT_H 1
| #define HAVE_UCONTEXT 1
| #define HAVE___FUNCTION__ 1
| #define HAVE___FUNC__ 1
| #define HAVE_ICONV 1
| #define ICONV_CONST 
| #define HAVE_GETTIMEOFDAY 1
| #define HAVE_SELECT 1
| #define HAVE_SOCKET 1
| #define HAVE_STRDUP 1
| #define HAVE_GETOPT_LONG 1
| #define HAVE_LOCALTIME_R 1
| #define HAVE_GMTIME_R 1
| #define HAVE_BACKTRACE 1
| #define HAVE_SRANDOM 1
| #define HAVE_INITGROUPS 1
| #define HAVE_STRTOLL 1
| #define HAVE_STRTOQ 1
| #define HAVE_FUNC_GETHOSTBYNAME_R_6 1
| #define HAVE_SOCKLEN_T 1
| /* end confdefs.h.  */
| #include <stdio.h>
| int
| main ()
| {
| void *foo = getopt;
|   ;
|   return 0;
| }
configure:16046: result: no
configure:16055: checking for getopt in <unistd.h>
configure:16071: gcc -std=gnu99 -c -g -O2 -D_XOPEN_SOURCE=600 -D_BSD_SOURCE -D_DEFAULT_SOURCE -D_LARGE_FILES=  conftest.c >&5
configure:16071: $? = 0
configure:16078: result: yes
configure:16090: checking ftw.h usability
configure:16090: gcc -std=gnu99 -c -g -O2 -D_XOPEN_SOURCE=600 -D_BSD_SOURCE -D_DEFAULT_SOURCE -D_LARGE_FILES=  conftest.c >&5
configure:16090: $? = 0
configure:16090: result: yes
configure:16090: checking ftw.h presence
configure:16090: gcc -E  conftest.c
configure:16090: $? = 0
configure:16090: result: yes
configure:16090: checking for ftw.h
configure:16090: result: yes
configure:16096: checking for nftw
configure:16096: gcc -std=gnu99 -o conftest -g -O2 -D_XOPEN_SOURCE=600 -D_BSD_SOURCE -D_DEFAULT_SOURCE -D_LARGE_FILES=   -rdynamic conftest.c -lresolv -lnsl -lm  -lpthread >&5
configure:16096: $? = 0
configure:16096: result: yes
configure:16114: checking regex.h usability
configure:16114: gcc -std=gnu99 -c -g -O2 -D_XOPEN_SOURCE=600 -D_BSD_SOURCE -D_DEFAULT_SOURCE -D_LARGE_FILES=  conftest.c >&5
configure:16114: $? = 0
configure:16114: result: yes
configure:16114: checking regex.h presence
configure:16114: gcc -E  conftest.c
configure:16114: $? = 0
configure:16114: result: yes
configure:16114: checking for regex.h
configure:16114: result: yes
configure:16120: checking for regcomp
configure:16120: gcc -std=gnu99 -o conftest -g -O2 -D_XOPEN_SOURCE=600 -D_BSD_SOURCE -D_DEFAULT_SOURCE -D_LARGE_FILES=   -rdynamic conftest.c -lresolv -lnsl -lm  -lpthread >&5
configure:16120: $? = 0
configure:16120: result: yes
configure:16143: checking for working pthreads
configure:16174: gcc -std=gnu99 -o conftest -g -O2 -D_XOPEN_SOURCE=600 -D_BSD_SOURCE -D_DEFAULT_SOURCE -D_LARGE_FILES=   -rdynamic conftest.c -lresolv -lnsl -lm  -lpthread >&5
conftest.c: In function 'testpid':
conftest.c:90:9: warning: implicit declaration of function 'exit' [-Wimplicit-function-declaration]
         exit(1);
         ^
conftest.c:90:9: warning: incompatible implicit declaration of built-in function 'exit' [enabled by default]
conftest.c:92:9: warning: incompatible implicit declaration of built-in function 'exit' [enabled by default]
         exit(0);
         ^
configure:16174: $? = 0
configure:16174: ./conftest
configure:16174: $? = 0
configure:16184: checking for pthread_spinlock support
configure:16211: gcc -std=gnu99 -c -g -O2 -D_XOPEN_SOURCE=600 -D_BSD_SOURCE -D_DEFAULT_SOURCE -D_LARGE_FILES=  conftest.c >&5
configure:16211: $? = 0
configure:16212: result: yes
configure:16221: checking for pthread_rwlock support
configure:16242: gcc -std=gnu99 -c -g -O2 -D_XOPEN_SOURCE=600 -D_BSD_SOURCE -D_DEFAULT_SOURCE -D_LARGE_FILES=  conftest.c >&5
configure:16242: $? = 0
configure:16243: result: yes
configure:16252: checking for sem_init in -lrt
configure:16277: gcc -std=gnu99 -o conftest -g -O2 -D_XOPEN_SOURCE=600 -D_BSD_SOURCE -D_DEFAULT_SOURCE -D_LARGE_FILES=   -rdynamic conftest.c -lrt  -lresolv -lnsl -lm  -lpthread >&5
configure:16277: $? = 0
configure:16286: result: yes
configure:16297: checking for semaphore support
configure:16322: gcc -std=gnu99 -o conftest -g -O2 -D_XOPEN_SOURCE=600 -D_BSD_SOURCE -D_DEFAULT_SOURCE -D_LARGE_FILES=   -rdynamic conftest.c -lrt -lresolv -lnsl -lm  -lpthread >&5
configure:16322: $? = 0
configure:16322: ./conftest
configure:16322: $? = 0
configure:16323: result: yes
configure:16346: checking for xml2-config
configure:16364: found /usr/bin/xml2-config
configure:16376: result: /usr/bin/xml2-config
configure:16391: checking libxml version
configure:16394: result: 2.9.1
configure:16436: checking whether to compile with PCRE support
configure:16599: result: disabled
configure:16616: checking for jade
configure:16646: result: no
configure:16616: checking for openjade
configure:16646: result: no
configure:16657: checking for jadetex
configure:16685: result: no
configure:16695: checking for pdfjadetex
configure:16723: result: no
configure:16733: checking for dvips
configure:16761: result: no
configure:16771: checking for fig2dev
configure:16799: result: no
configure:16809: checking for convert
configure:16837: result: no
configure:16859: checking for /usr/lib/sgml/stylesheet/dsssl/docbook/nwalsh/html/docbook.dsl
configure:16873: result: no
configure:16859: checking for /usr/lib/sgml/stylesheets/nwalsh-modular/html/docbook.dsl
configure:16873: result: no
configure:16859: checking for /usr/share/sgml/docbook/dsssl-stylesheets-1.*/html/docbook.dsl
configure:16873: result: no
configure:16859: checking for /usr/share/sgml/docbook/dsssl-stylesheets/html/docbook.dsl
configure:16873: result: no
configure:16859: checking for /usr/share/sgml/docbook/stylesheet/dsssl/modular/html/docbook.dsl
configure:16873: result: no
configure:16859: checking for /usr/share/sgml/docbook/dsssl/modular/html/docbook.dsl
configure:16873: result: no
configure:16859: checking for /usr/share/sgml/dsssl/docbook-dsssl-nwalsh/html/docbook.dsl
configure:16873: result: no
configure:16859: checking for /usr/share/dsssl/docbook-dsssl/html/docbook.dsl
configure:16873: result: no
configure:16859: checking for /usr/local/lib/sgml/stylesheet/dsssl/docbook/nwalsh/html/docbook.dsl
configure:16873: result: no
configure:16859: checking for /usr/local/lib/sgml/stylesheets/nwalsh-modular/html/docbook.dsl
configure:16873: result: no
configure:16859: checking for /usr/local/share/sgml/docbook/dsssl-stylesheets-1.*/html/docbook.dsl
configure:16873: result: no
configure:16859: checking for /usr/local/share/sgml/docbook/dsssl-stylesheets/html/docbook.dsl
configure:16873: result: no
configure:16859: checking for /usr/local/share/sgml/docbook/stylesheet/dsssl/modular/html/docbook.dsl
configure:16873: result: no
configure:16859: checking for /usr/local/share/sgml/docbook/dsssl/modular/html/docbook.dsl
configure:16873: result: no
configure:16859: checking for /usr/local/share/sgml/dsssl/docbook-dsssl-nwalsh/html/docbook.dsl
configure:16873: result: no
configure:16859: checking for /usr/local/share/dsssl/docbook-dsssl/html/docbook.dsl
configure:16873: result: no
configure:16859: checking for /sw/lib/sgml/stylesheet/dsssl/docbook/nwalsh/html/docbook.dsl
configure:16873: result: no
configure:16859: checking for /sw/lib/sgml/stylesheets/nwalsh-modular/html/docbook.dsl
configure:16873: result: no
configure:16859: checking for /sw/share/sgml/docbook/dsssl-stylesheets-1.*/html/docbook.dsl
configure:16873: result: no
configure:16859: checking for /sw/share/sgml/docbook/dsssl-stylesheets/html/docbook.dsl
configure:16873: result: no
configure:16859: checking for /sw/share/sgml/docbook/stylesheet/dsssl/modular/html/docbook.dsl
configure:16873: result: no
configure:16859: checking for /sw/share/sgml/docbook/dsssl/modular/html/docbook.dsl
configure:16873: result: no
configure:16859: checking for /sw/share/sgml/dsssl/docbook-dsssl-nwalsh/html/docbook.dsl
configure:16873: result: no
configure:16859: checking for /sw/share/dsssl/docbook-dsssl/html/docbook.dsl
configure:16873: result: no
configure:16859: checking for /opt/local/lib/sgml/stylesheet/dsssl/docbook/nwalsh/html/docbook.dsl
configure:16873: result: no
configure:16859: checking for /opt/local/lib/sgml/stylesheets/nwalsh-modular/html/docbook.dsl
configure:16873: result: no
configure:16859: checking for /opt/local/share/sgml/docbook/dsssl-stylesheets-1.*/html/docbook.dsl
configure:16873: result: no
configure:16859: checking for /opt/local/share/sgml/docbook/dsssl-stylesheets/html/docbook.dsl
configure:16873: result: no
configure:16859: checking for /opt/local/share/sgml/docbook/stylesheet/dsssl/modular/html/docbook.dsl
configure:16873: result: no
configure:16859: checking for /opt/local/share/sgml/docbook/dsssl/modular/html/docbook.dsl
configure:16873: result: no
configure:16859: checking for /opt/local/share/sgml/dsssl/docbook-dsssl-nwalsh/html/docbook.dsl
configure:16873: result: no
configure:16859: checking for /opt/local/share/dsssl/docbook-dsssl/html/docbook.dsl
configure:16873: result: no
configure:16897: checking for /usr/lib/sgml/stylesheet/dsssl/docbook/nwalsh/print/docbook.dsl
configure:16911: result: no
configure:16897: checking for /usr/lib/sgml/stylesheets/nwalsh-modular/print/docbook.dsl
configure:16911: result: no
configure:16897: checking for /usr/share/sgml/docbook/dsssl-stylesheets-1.*/print/docbook.dsl
configure:16911: result: no
configure:16897: checking for /usr/share/sgml/docbook/dsssl-stylesheets/print/docbook.dsl
configure:16911: result: no
configure:16897: checking for /usr/share/sgml/docbook/stylesheet/dsssl/modular/print/docbook.dsl
configure:16911: result: no
configure:16897: checking for /usr/share/sgml/docbook/dsssl/modular/print/docbook.dsl
configure:16911: result: no
configure:16897: checking for /usr/share/sgml/dsssl/docbook-dsssl-nwalsh/print/docbook.dsl
configure:16911: result: no
configure:16897: checking for /usr/share/dsssl/docbook-dsssl/print/docbook.dsl
configure:16911: result: no
configure:16897: checking for /usr/local/lib/sgml/stylesheet/dsssl/docbook/nwalsh/print/docbook.dsl
configure:16911: result: no
configure:16897: checking for /usr/local/lib/sgml/stylesheets/nwalsh-modular/print/docbook.dsl
configure:16911: result: no
configure:16897: checking for /usr/local/share/sgml/docbook/dsssl-stylesheets-1.*/print/docbook.dsl
configure:16911: result: no
configure:16897: checking for /usr/local/share/sgml/docbook/dsssl-stylesheets/print/docbook.dsl
configure:16911: result: no
configure:16897: checking for /usr/local/share/sgml/docbook/stylesheet/dsssl/modular/print/docbook.dsl
configure:16911: result: no
configure:16897: checking for /usr/local/share/sgml/docbook/dsssl/modular/print/docbook.dsl
configure:16911: result: no
configure:16897: checking for /usr/local/share/sgml/dsssl/docbook-dsssl-nwalsh/print/docbook.dsl
configure:16911: result: no
configure:16897: checking for /usr/local/share/dsssl/docbook-dsssl/print/docbook.dsl
configure:16911: result: no
configure:16897: checking for /sw/lib/sgml/stylesheet/dsssl/docbook/nwalsh/print/docbook.dsl
configure:16911: result: no
configure:16897: checking for /sw/lib/sgml/stylesheets/nwalsh-modular/print/docbook.dsl
configure:16911: result: no
configure:16897: checking for /sw/share/sgml/docbook/dsssl-stylesheets-1.*/print/docbook.dsl
configure:16911: result: no
configure:16897: checking for /sw/share/sgml/docbook/dsssl-stylesheets/print/docbook.dsl
configure:16911: result: no
configure:16897: checking for /sw/share/sgml/docbook/stylesheet/dsssl/modular/print/docbook.dsl
configure:16911: result: no
configure:16897: checking for /sw/share/sgml/docbook/dsssl/modular/print/docbook.dsl
configure:16911: result: no
configure:16897: checking for /sw/share/sgml/dsssl/docbook-dsssl-nwalsh/print/docbook.dsl
configure:16911: result: no
configure:16897: checking for /sw/share/dsssl/docbook-dsssl/print/docbook.dsl
configure:16911: result: no
configure:16897: checking for /opt/local/lib/sgml/stylesheet/dsssl/docbook/nwalsh/print/docbook.dsl
configure:16911: result: no
configure:16897: checking for /opt/local/lib/sgml/stylesheets/nwalsh-modular/print/docbook.dsl
configure:16911: result: no
configure:16897: checking for /opt/local/share/sgml/docbook/dsssl-stylesheets-1.*/print/docbook.dsl
configure:16911: result: no
configure:16897: checking for /opt/local/share/sgml/docbook/dsssl-stylesheets/print/docbook.dsl
configure:16911: result: no
configure:16897: checking for /opt/local/share/sgml/docbook/stylesheet/dsssl/modular/print/docbook.dsl
configure:16911: result: no
configure:16897: checking for /opt/local/share/sgml/docbook/dsssl/modular/print/docbook.dsl
configure:16911: result: no
configure:16897: checking for /opt/local/share/sgml/dsssl/docbook-dsssl-nwalsh/print/docbook.dsl
configure:16911: result: no
configure:16897: checking for /opt/local/share/dsssl/docbook-dsssl/print/docbook.dsl
configure:16911: result: no
configure:16936: checking for /usr/lib/sgml/stylesheet/dsssl/docbook/nwalsh/dtds/decls/xml.dcl
configure:16950: result: no
configure:16936: checking for /usr/lib/sgml/stylesheets/nwalsh-modular/dtds/decls/xml.dcl
configure:16950: result: no
configure:16936: checking for /usr/share/sgml/docbook/dsssl-stylesheets-1.*/dtds/decls/xml.dcl
configure:16950: result: no
configure:16936: checking for /usr/share/sgml/docbook/dsssl-stylesheets/dtds/decls/xml.dcl
configure:16950: result: no
configure:16936: checking for /usr/share/sgml/docbook/stylesheet/dsssl/modular/dtds/decls/xml.dcl
configure:16950: result: no
configure:16936: checking for /usr/share/sgml/docbook/dsssl/modular/dtds/decls/xml.dcl
configure:16950: result: no
configure:16936: checking for /usr/share/sgml/declaration/xml.dcl
configure:16950: result: no
configure:16936: checking for /usr/share/sgml/dsssl/docbook-dsssl-nwalsh/dtds/decls/xml.dcl
configure:16950: result: no
configure:16936: checking for /usr/share/dsssl/docbook-dsssl/dtds/decls/xml.dcl
configure:16950: result: no
configure:16936: checking for /usr/local/lib/sgml/stylesheet/dsssl/docbook/nwalsh/dtds/decls/xml.dcl
configure:16950: result: no
configure:16936: checking for /usr/local/lib/sgml/stylesheets/nwalsh-modular/dtds/decls/xml.dcl
configure:16950: result: no
configure:16936: checking for /usr/local/share/sgml/docbook/dsssl-stylesheets-1.*/dtds/decls/xml.dcl
configure:16950: result: no
configure:16936: checking for /usr/local/share/sgml/docbook/dsssl-stylesheets/dtds/decls/xml.dcl
configure:16950: result: no
configure:16936: checking for /usr/local/share/sgml/docbook/stylesheet/dsssl/modular/dtds/decls/xml.dcl
configure:16950: result: no
configure:16936: checking for /usr/local/share/sgml/docbook/dsssl/modular/dtds/decls/xml.dcl
configure:16950: result: no
configure:16936: checking for /usr/local/share/sgml/declaration/xml.dcl
configure:16950: result: no
configure:16936: checking for /usr/local/share/sgml/dsssl/docbook-dsssl-nwalsh/dtds/decls/xml.dcl
configure:16950: result: no
configure:16936: checking for /usr/local/share/dsssl/docbook-dsssl/dtds/decls/xml.dcl
configure:16950: result: no
configure:16936: checking for /sw/lib/sgml/stylesheet/dsssl/docbook/nwalsh/dtds/decls/xml.dcl
configure:16950: result: no
configure:16936: checking for /sw/lib/sgml/stylesheets/nwalsh-modular/dtds/decls/xml.dcl
configure:16950: result: no
configure:16936: checking for /sw/share/sgml/docbook/dsssl-stylesheets-1.*/dtds/decls/xml.dcl
configure:16950: result: no
configure:16936: checking for /sw/share/sgml/docbook/dsssl-stylesheets/dtds/decls/xml.dcl
configure:16950: result: no
configure:16936: checking for /sw/share/sgml/docbook/stylesheet/dsssl/modular/dtds/decls/xml.dcl
configure:16950: result: no
configure:16936: checking for /sw/share/sgml/docbook/dsssl/modular/dtds/decls/xml.dcl
configure:16950: result: no
configure:16936: checking for /sw/share/sgml/declaration/xml.dcl
configure:16950: result: no
configure:16936: checking for /sw/share/sgml/dsssl/docbook-dsssl-nwalsh/dtds/decls/xml.dcl
configure:16950: result: no
configure:16936: checking for /sw/share/dsssl/docbook-dsssl/dtds/decls/xml.dcl
configure:16950: result: no
configure:16936: checking for /opt/local/lib/sgml/stylesheet/dsssl/docbook/nwalsh/dtds/decls/xml.dcl
configure:16950: result: no
configure:16936: checking for /opt/local/lib/sgml/stylesheets/nwalsh-modular/dtds/decls/xml.dcl
configure:16950: result: no
configure:16936: checking for /opt/local/share/sgml/docbook/dsssl-stylesheets-1.*/dtds/decls/xml.dcl
configure:16950: result: no
configure:16936: checking for /opt/local/share/sgml/docbook/dsssl-stylesheets/dtds/decls/xml.dcl
configure:16950: result: no
configure:16936: checking for /opt/local/share/sgml/docbook/stylesheet/dsssl/modular/dtds/decls/xml.dcl
configure:16950: result: no
configure:16936: checking for /opt/local/share/sgml/docbook/dsssl/modular/dtds/decls/xml.dcl
configure:16950: result: no
configure:16936: checking for /opt/local/share/sgml/declaration/xml.dcl
configure:16950: result: no
configure:16936: checking for /opt/local/share/sgml/dsssl/docbook-dsssl-nwalsh/dtds/decls/xml.dcl
configure:16950: result: no
configure:16936: checking for /opt/local/share/dsssl/docbook-dsssl/dtds/decls/xml.dcl
configure:16950: result: no
configure:17012: result: Not building documentation.
configure:17117: checking which malloc to use
configure:17157: result: native malloc
configure:17398: checking whether to compile start-stop-daemon
configure:17406: result: enabled
configure:17481: checking whether to compile with SSL support
configure:17523: result: trying /usr/lib/gcc/x86_64-redhat-linux/4.8.5/../../../../lib64 /usr/local/ssl/include
configure:17535: checking for openssl
configure:17553: found /usr/bin/openssl
configure:17566: result: /usr/bin/openssl
configure:17575: checking openssl version
configure:17579: result: 1.0.1e
configure:17615: checking for CRYPTO_lock in -lcrypto
configure:17640: gcc -std=gnu99 -o conftest -g -O2 -D_XOPEN_SOURCE=600 -D_BSD_SOURCE -D_DEFAULT_SOURCE -D_LARGE_FILES= -I/usr/include/libxml2 -I/usr/local/ssl/include   -rdynamic conftest.c -lcrypto  -lrt -lresolv -lnsl -lm  -lpthread -lxml2 -lz -lm -ldl -L/usr/lib/gcc/x86_64-redhat-linux/4.8.5/../../../../lib64 >&5
configure:17640: $? = 0
configure:17650: result: yes
configure:17655: checking for SSL_library_init in -lssl
configure:17680: gcc -std=gnu99 -o conftest -g -O2 -D_XOPEN_SOURCE=600 -D_BSD_SOURCE -D_DEFAULT_SOURCE -D_LARGE_FILES= -I/usr/include/libxml2 -I/usr/local/ssl/include   -rdynamic conftest.c -lssl  -lrt -lresolv -lnsl -lm  -lpthread -lxml2 -lz -lm -ldl -L/usr/lib/gcc/x86_64-redhat-linux/4.8.5/../../../../lib64 -lcrypto >&5
configure:17680: $? = 0
configure:17690: result: yes
configure:17693: checking for SSL_connect in -lssl
configure:17718: gcc -std=gnu99 -o conftest -g -O2 -D_XOPEN_SOURCE=600 -D_BSD_SOURCE -D_DEFAULT_SOURCE -D_LARGE_FILES= -I/usr/include/libxml2 -I/usr/local/ssl/include   -rdynamic conftest.c -lssl  -lrt -lresolv -lnsl -lm  -lpthread -lxml2 -lz -lm -ldl -L/usr/lib/gcc/x86_64-redhat-linux/4.8.5/../../../../lib64 -lcrypto >&5
configure:17718: $? = 0
configure:17727: result: yes
configure:17743: checking openssl/x509.h usability
configure:17743: gcc -std=gnu99 -c -g -O2 -D_XOPEN_SOURCE=600 -D_BSD_SOURCE -D_DEFAULT_SOURCE -D_LARGE_FILES= -I/usr/include/libxml2 -I/usr/local/ssl/include  conftest.c >&5
configure:17743: $? = 0
configure:17743: result: yes
configure:17743: checking openssl/x509.h presence
configure:17743: gcc -E  conftest.c
configure:17743: $? = 0
configure:17743: result: yes
configure:17743: checking for openssl/x509.h
configure:17743: result: yes
configure:17743: checking openssl/rsa.h usability
configure:17743: gcc -std=gnu99 -c -g -O2 -D_XOPEN_SOURCE=600 -D_BSD_SOURCE -D_DEFAULT_SOURCE -D_LARGE_FILES= -I/usr/include/libxml2 -I/usr/local/ssl/include  conftest.c >&5
configure:17743: $? = 0
configure:17743: result: yes
configure:17743: checking openssl/rsa.h presence
configure:17743: gcc -E  conftest.c
configure:17743: $? = 0
configure:17743: result: yes
configure:17743: checking for openssl/rsa.h
configure:17743: result: yes
configure:17743: checking openssl/crypto.h usability
configure:17743: gcc -std=gnu99 -c -g -O2 -D_XOPEN_SOURCE=600 -D_BSD_SOURCE -D_DEFAULT_SOURCE -D_LARGE_FILES= -I/usr/include/libxml2 -I/usr/local/ssl/include  conftest.c >&5
configure:17743: $? = 0
configure:17743: result: yes
configure:17743: checking openssl/crypto.h presence
configure:17743: gcc -E  conftest.c
configure:17743: $? = 0
configure:17743: result: yes
configure:17743: checking for openssl/crypto.h
configure:17743: result: yes
configure:17743: checking openssl/pem.h usability
configure:17743: gcc -std=gnu99 -c -g -O2 -D_XOPEN_SOURCE=600 -D_BSD_SOURCE -D_DEFAULT_SOURCE -D_LARGE_FILES= -I/usr/include/libxml2 -I/usr/local/ssl/include  conftest.c >&5
configure:17743: $? = 0
configure:17743: result: yes
configure:17743: checking openssl/pem.h presence
configure:17743: gcc -E  conftest.c
configure:17743: $? = 0
configure:17743: result: yes
configure:17743: checking for openssl/pem.h
configure:17743: result: yes
configure:17743: checking openssl/ssl.h usability
configure:17743: gcc -std=gnu99 -c -g -O2 -D_XOPEN_SOURCE=600 -D_BSD_SOURCE -D_DEFAULT_SOURCE -D_LARGE_FILES= -I/usr/include/libxml2 -I/usr/local/ssl/include  conftest.c >&5
configure:17743: $? = 0
configure:17743: result: yes
configure:17743: checking openssl/ssl.h presence
configure:17743: gcc -E  conftest.c
configure:17743: $? = 0
configure:17743: result: yes
configure:17743: checking for openssl/ssl.h
configure:17743: result: yes
configure:17743: checking openssl/err.h usability
configure:17743: gcc -std=gnu99 -c -g -O2 -D_XOPEN_SOURCE=600 -D_BSD_SOURCE -D_DEFAULT_SOURCE -D_LARGE_FILES= -I/usr/include/libxml2 -I/usr/local/ssl/include  conftest.c >&5
configure:17743: $? = 0
configure:17743: result: yes
configure:17743: checking openssl/err.h presence
configure:17743: gcc -E  conftest.c
configure:17743: $? = 0
configure:17743: result: yes
configure:17743: checking for openssl/err.h
configure:17743: result: yes
configure:17743: checking openssl/hmac.h usability
configure:17743: gcc -std=gnu99 -c -g -O2 -D_XOPEN_SOURCE=600 -D_BSD_SOURCE -D_DEFAULT_SOURCE -D_LARGE_FILES= -I/usr/include/libxml2 -I/usr/local/ssl/include  conftest.c >&5
configure:17743: $? = 0
configure:17743: result: yes
configure:17743: checking openssl/hmac.h presence
configure:17743: gcc -E  conftest.c
configure:17743: $? = 0
configure:17743: result: yes
configure:17743: checking for openssl/hmac.h
configure:17743: result: yes
configure:17753: checking whether the OpenSSL library is multithread-enabled
configure:17775: gcc -std=gnu99 -o conftest -g -O2 -D_XOPEN_SOURCE=600 -D_BSD_SOURCE -D_DEFAULT_SOURCE -D_LARGE_FILES= -I/usr/include/libxml2 -I/usr/local/ssl/include   -rdynamic conftest.c -lssl -lrt -lresolv -lnsl -lm  -lpthread -lxml2 -lz -lm -ldl -L/usr/lib/gcc/x86_64-redhat-linux/4.8.5/../../../../lib64 -lcrypto >&5
conftest.c: In function 'main':
conftest.c:97:11: warning: implicit declaration of function 'exit' [-Wimplicit-function-declaration]
           exit(0);
           ^
conftest.c:97:11: warning: incompatible implicit declaration of built-in function 'exit' [enabled by default]
configure:17775: $? = 0
configure:17775: ./conftest
configure:17775: $? = 0
configure:17777: result: yes
configure:17782: checking whether to compile with SSL support
configure:17784: result: yes
configure:17827: checking whether to compile with MySQL support
configure:17849: result: searching
configure:17853: checking for mysql_config
configure:17872: found /usr/bin/mysql_config
configure:17885: result: /usr/bin/mysql_config
configure:17952: checking mysql version
configure:17955: result: 10.1.28
configure:17960: checking mysql reentrant libs
configure:17962: result: -L/usr/lib64  -lmysqlclient -lpthread -lz -lm -ldl -lssl -lcrypto
configure:17964: checking for mysql_init in -lmysqlclient_r
configure:17989: gcc -std=gnu99 -o conftest -g -O2 -D_XOPEN_SOURCE=600 -D_BSD_SOURCE -D_DEFAULT_SOURCE -D_LARGE_FILES= -I/usr/include/libxml2 -I/usr/local/ssl/include   -rdynamic conftest.c -lmysqlclient_r  -L/usr/lib64  -lmysqlclient -lpthread -lz -lm -ldl -lssl -lcrypto  -lssl -lrt -lresolv -lnsl -lm  -lpthread -lxml2 -lz -lm -ldl -L/usr/lib/gcc/x86_64-redhat-linux/4.8.5/../../../../lib64 -lcrypto -lssl >&5
configure:17989: $? = 0
configure:17998: result: yes
configure:18056: checking mysql includes
configure:18064: result: -I/usr/include/mysql
configure:18070: checking mysql/mysql.h usability
configure:18070: gcc -std=gnu99 -c -g -O2 -D_XOPEN_SOURCE=600 -D_BSD_SOURCE -D_DEFAULT_SOURCE -D_LARGE_FILES= -I/usr/include/libxml2 -I/usr/local/ssl/include -I/usr/include/mysql  conftest.c >&5
configure:18070: $? = 0
configure:18070: result: yes
configure:18070: checking mysql/mysql.h presence
configure:18070: gcc -E  conftest.c
configure:18070: $? = 0
configure:18070: result: yes
configure:18070: checking for mysql/mysql.h
configure:18070: result: yes
configure:18070: checking mysql/mysql_version.h usability
configure:18070: gcc -std=gnu99 -c -g -O2 -D_XOPEN_SOURCE=600 -D_BSD_SOURCE -D_DEFAULT_SOURCE -D_LARGE_FILES= -I/usr/include/libxml2 -I/usr/local/ssl/include -I/usr/include/mysql  conftest.c >&5
configure:18070: $? = 0
configure:18070: result: yes
configure:18070: checking mysql/mysql_version.h presence
configure:18070: gcc -E  conftest.c
configure:18070: $? = 0
configure:18070: result: yes
configure:18070: checking for mysql/mysql_version.h
configure:18070: result: yes
configure:18080: checking for mysql_stmt_init in -lmysqlclient_r
configure:18105: gcc -std=gnu99 -o conftest -g -O2 -D_XOPEN_SOURCE=600 -D_BSD_SOURCE -D_DEFAULT_SOURCE -D_LARGE_FILES= -I/usr/include/libxml2 -I/usr/local/ssl/include -I/usr/include/mysql   -rdynamic conftest.c -lmysqlclient_r  -lssl -lrt -lresolv -lnsl -lm  -lpthread -lxml2 -lz -lm -ldl -L/usr/lib/gcc/x86_64-redhat-linux/4.8.5/../../../../lib64 -lcrypto -lssl -L/usr/lib64  -lmysqlclient -lpthread -lz -lm -ldl -lssl -lcrypto >&5
configure:18105: $? = 0
configure:18114: result: yes
configure:18176: checking whether to compile with MySQL support
configure:18178: result: yes
configure:18193: checking whether to compile with LibSDB support
configure:18328: result: disabled
configure:18336: checking whether to compile with SQLite2 support
configure:18467: result: disabled
configure:18475: checking whether to compile with SQLite3 support
configure:18606: result: disabled
configure:18614: checking whether to compile with Oracle support
configure:18856: result: disabled
configure:18863: checking whether to compile with PostgresSQL support
configure:19101: result: disabled
configure:19109: checking whether to compile with Redis support
configure:19320: result: disabled
configure:19326: checking whether to compile with FreeTDS Ct-Lib support
configure:19362: result: disabled
configure:19369: checking whether to compile with Cassandra support
configure:19450: result: disabled
configure:19549: checking whether to compile with SOAP support
configure:19729: result: disabled
configure:19853: checking that generated files are newer than configure
configure:19859: result: done
configure:19890: creating ./config.status

## ---------------------- ##
## Running config.status. ##
## ---------------------- ##

This file was extended by config.status, which was
generated by GNU Autoconf 2.69.  Invocation command line was

  CONFIG_FILES    = 
  CONFIG_HEADERS  = 
  CONFIG_LINKS    = 
  CONFIG_COMMANDS = 
  $ ./config.status 

on synq

config.status:1204: creating gwlib/gw_uuid_types.h
config.status:1204: creating Makefile
config.status:1204: creating soap/Makefile
config.status:1204: creating utils/Makefile
config.status:1204: creating gw-config.h
config.status:1385: gw-config.h is unchanged
config.status:1433: executing depfiles commands
config.status:1433: executing libtool commands

## ---------------- ##
## Cache variables. ##
## ---------------- ##

ac_cv_build=x86_64-unknown-linux-gnu
ac_cv_c_compiler_gnu=yes
ac_cv_c_inline=inline
ac_cv_env_CC_set=
ac_cv_env_CC_value=
ac_cv_env_CFLAGS_set=
ac_cv_env_CFLAGS_value=
ac_cv_env_CPPFLAGS_set=
ac_cv_env_CPPFLAGS_value=
ac_cv_env_CPP_set=
ac_cv_env_CPP_value=
ac_cv_env_LDFLAGS_set=
ac_cv_env_LDFLAGS_value=
ac_cv_env_LIBS_set=
ac_cv_env_LIBS_value=
ac_cv_env_LT_SYS_LIBRARY_PATH_set=
ac_cv_env_LT_SYS_LIBRARY_PATH_value=
ac_cv_env_YACC_set=
ac_cv_env_YACC_value=
ac_cv_env_YFLAGS_set=
ac_cv_env_YFLAGS_value=
ac_cv_env_build_alias_set=
ac_cv_env_build_alias_value=
ac_cv_env_host_alias_set=
ac_cv_env_host_alias_value=
ac_cv_env_target_alias_set=
ac_cv_env_target_alias_value=
ac_cv_file__opt_local_lib_sgml_stylesheet_dsssl_docbook_nwalsh_dtds_decls_xml_dcl=no
ac_cv_file__opt_local_lib_sgml_stylesheet_dsssl_docbook_nwalsh_html_docbook_dsl=no
ac_cv_file__opt_local_lib_sgml_stylesheet_dsssl_docbook_nwalsh_print_docbook_dsl=no
ac_cv_file__opt_local_lib_sgml_stylesheets_nwalsh_modular_dtds_decls_xml_dcl=no
ac_cv_file__opt_local_lib_sgml_stylesheets_nwalsh_modular_html_docbook_dsl=no
ac_cv_file__opt_local_lib_sgml_stylesheets_nwalsh_modular_print_docbook_dsl=no
ac_cv_file__opt_local_share_dsssl_docbook_dsssl_dtds_decls_xml_dcl=no
ac_cv_file__opt_local_share_dsssl_docbook_dsssl_html_docbook_dsl=no
ac_cv_file__opt_local_share_dsssl_docbook_dsssl_print_docbook_dsl=no
ac_cv_file__opt_local_share_sgml_declaration_xml_dcl=no
ac_cv_file__opt_local_share_sgml_docbook_dsssl_modular_dtds_decls_xml_dcl=no
ac_cv_file__opt_local_share_sgml_docbook_dsssl_modular_html_docbook_dsl=no
ac_cv_file__opt_local_share_sgml_docbook_dsssl_modular_print_docbook_dsl=no
ac_cv_file__opt_local_share_sgml_docbook_dsssl_stylesheets_1_p_dtds_decls_xml_dcl=no
ac_cv_file__opt_local_share_sgml_docbook_dsssl_stylesheets_1_p_html_docbook_dsl=no
ac_cv_file__opt_local_share_sgml_docbook_dsssl_stylesheets_1_p_print_docbook_dsl=no
ac_cv_file__opt_local_share_sgml_docbook_dsssl_stylesheets_dtds_decls_xml_dcl=no
ac_cv_file__opt_local_share_sgml_docbook_dsssl_stylesheets_html_docbook_dsl=no
ac_cv_file__opt_local_share_sgml_docbook_dsssl_stylesheets_print_docbook_dsl=no
ac_cv_file__opt_local_share_sgml_docbook_stylesheet_dsssl_modular_dtds_decls_xml_dcl=no
ac_cv_file__opt_local_share_sgml_docbook_stylesheet_dsssl_modular_html_docbook_dsl=no
ac_cv_file__opt_local_share_sgml_docbook_stylesheet_dsssl_modular_print_docbook_dsl=no
ac_cv_file__opt_local_share_sgml_dsssl_docbook_dsssl_nwalsh_dtds_decls_xml_dcl=no
ac_cv_file__opt_local_share_sgml_dsssl_docbook_dsssl_nwalsh_html_docbook_dsl=no
ac_cv_file__opt_local_share_sgml_dsssl_docbook_dsssl_nwalsh_print_docbook_dsl=no
ac_cv_file__sw_lib_sgml_stylesheet_dsssl_docbook_nwalsh_dtds_decls_xml_dcl=no
ac_cv_file__sw_lib_sgml_stylesheet_dsssl_docbook_nwalsh_html_docbook_dsl=no
ac_cv_file__sw_lib_sgml_stylesheet_dsssl_docbook_nwalsh_print_docbook_dsl=no
ac_cv_file__sw_lib_sgml_stylesheets_nwalsh_modular_dtds_decls_xml_dcl=no
ac_cv_file__sw_lib_sgml_stylesheets_nwalsh_modular_html_docbook_dsl=no
ac_cv_file__sw_lib_sgml_stylesheets_nwalsh_modular_print_docbook_dsl=no
ac_cv_file__sw_share_dsssl_docbook_dsssl_dtds_decls_xml_dcl=no
ac_cv_file__sw_share_dsssl_docbook_dsssl_html_docbook_dsl=no
ac_cv_file__sw_share_dsssl_docbook_dsssl_print_docbook_dsl=no
ac_cv_file__sw_share_sgml_declaration_xml_dcl=no
ac_cv_file__sw_share_sgml_docbook_dsssl_modular_dtds_decls_xml_dcl=no
ac_cv_file__sw_share_sgml_docbook_dsssl_modular_html_docbook_dsl=no
ac_cv_file__sw_share_sgml_docbook_dsssl_modular_print_docbook_dsl=no
ac_cv_file__sw_share_sgml_docbook_dsssl_stylesheets_1_p_dtds_decls_xml_dcl=no
ac_cv_file__sw_share_sgml_docbook_dsssl_stylesheets_1_p_html_docbook_dsl=no
ac_cv_file__sw_share_sgml_docbook_dsssl_stylesheets_1_p_print_docbook_dsl=no
ac_cv_file__sw_share_sgml_docbook_dsssl_stylesheets_dtds_decls_xml_dcl=no
ac_cv_file__sw_share_sgml_docbook_dsssl_stylesheets_html_docbook_dsl=no
ac_cv_file__sw_share_sgml_docbook_dsssl_stylesheets_print_docbook_dsl=no
ac_cv_file__sw_share_sgml_docbook_stylesheet_dsssl_modular_dtds_decls_xml_dcl=no
ac_cv_file__sw_share_sgml_docbook_stylesheet_dsssl_modular_html_docbook_dsl=no
ac_cv_file__sw_share_sgml_docbook_stylesheet_dsssl_modular_print_docbook_dsl=no
ac_cv_file__sw_share_sgml_dsssl_docbook_dsssl_nwalsh_dtds_decls_xml_dcl=no
ac_cv_file__sw_share_sgml_dsssl_docbook_dsssl_nwalsh_html_docbook_dsl=no
ac_cv_file__sw_share_sgml_dsssl_docbook_dsssl_nwalsh_print_docbook_dsl=no
ac_cv_file__usr_lib_sgml_stylesheet_dsssl_docbook_nwalsh_dtds_decls_xml_dcl=no
ac_cv_file__usr_lib_sgml_stylesheet_dsssl_docbook_nwalsh_html_docbook_dsl=no
ac_cv_file__usr_lib_sgml_stylesheet_dsssl_docbook_nwalsh_print_docbook_dsl=no
ac_cv_file__usr_lib_sgml_stylesheets_nwalsh_modular_dtds_decls_xml_dcl=no
ac_cv_file__usr_lib_sgml_stylesheets_nwalsh_modular_html_docbook_dsl=no
ac_cv_file__usr_lib_sgml_stylesheets_nwalsh_modular_print_docbook_dsl=no
ac_cv_file__usr_local_lib_sgml_stylesheet_dsssl_docbook_nwalsh_dtds_decls_xml_dcl=no
ac_cv_file__usr_local_lib_sgml_stylesheet_dsssl_docbook_nwalsh_html_docbook_dsl=no
ac_cv_file__usr_local_lib_sgml_stylesheet_dsssl_docbook_nwalsh_print_docbook_dsl=no
ac_cv_file__usr_local_lib_sgml_stylesheets_nwalsh_modular_dtds_decls_xml_dcl=no
ac_cv_file__usr_local_lib_sgml_stylesheets_nwalsh_modular_html_docbook_dsl=no
ac_cv_file__usr_local_lib_sgml_stylesheets_nwalsh_modular_print_docbook_dsl=no
ac_cv_file__usr_local_share_dsssl_docbook_dsssl_dtds_decls_xml_dcl=no
ac_cv_file__usr_local_share_dsssl_docbook_dsssl_html_docbook_dsl=no
ac_cv_file__usr_local_share_dsssl_docbook_dsssl_print_docbook_dsl=no
ac_cv_file__usr_local_share_sgml_declaration_xml_dcl=no
ac_cv_file__usr_local_share_sgml_docbook_dsssl_modular_dtds_decls_xml_dcl=no
ac_cv_file__usr_local_share_sgml_docbook_dsssl_modular_html_docbook_dsl=no
ac_cv_file__usr_local_share_sgml_docbook_dsssl_modular_print_docbook_dsl=no
ac_cv_file__usr_local_share_sgml_docbook_dsssl_stylesheets_1_p_dtds_decls_xml_dcl=no
ac_cv_file__usr_local_share_sgml_docbook_dsssl_stylesheets_1_p_html_docbook_dsl=no
ac_cv_file__usr_local_share_sgml_docbook_dsssl_stylesheets_1_p_print_docbook_dsl=no
ac_cv_file__usr_local_share_sgml_docbook_dsssl_stylesheets_dtds_decls_xml_dcl=no
ac_cv_file__usr_local_share_sgml_docbook_dsssl_stylesheets_html_docbook_dsl=no
ac_cv_file__usr_local_share_sgml_docbook_dsssl_stylesheets_print_docbook_dsl=no
ac_cv_file__usr_local_share_sgml_docbook_stylesheet_dsssl_modular_dtds_decls_xml_dcl=no
ac_cv_file__usr_local_share_sgml_docbook_stylesheet_dsssl_modular_html_docbook_dsl=no
ac_cv_file__usr_local_share_sgml_docbook_stylesheet_dsssl_modular_print_docbook_dsl=no
ac_cv_file__usr_local_share_sgml_dsssl_docbook_dsssl_nwalsh_dtds_decls_xml_dcl=no
ac_cv_file__usr_local_share_sgml_dsssl_docbook_dsssl_nwalsh_html_docbook_dsl=no
ac_cv_file__usr_local_share_sgml_dsssl_docbook_dsssl_nwalsh_print_docbook_dsl=no
ac_cv_file__usr_share_dsssl_docbook_dsssl_dtds_decls_xml_dcl=no
ac_cv_file__usr_share_dsssl_docbook_dsssl_html_docbook_dsl=no
ac_cv_file__usr_share_dsssl_docbook_dsssl_print_docbook_dsl=no
ac_cv_file__usr_share_sgml_declaration_xml_dcl=no
ac_cv_file__usr_share_sgml_docbook_dsssl_modular_dtds_decls_xml_dcl=no
ac_cv_file__usr_share_sgml_docbook_dsssl_modular_html_docbook_dsl=no
ac_cv_file__usr_share_sgml_docbook_dsssl_modular_print_docbook_dsl=no
ac_cv_file__usr_share_sgml_docbook_dsssl_stylesheets_1_p_dtds_decls_xml_dcl=no
ac_cv_file__usr_share_sgml_docbook_dsssl_stylesheets_1_p_html_docbook_dsl=no
ac_cv_file__usr_share_sgml_docbook_dsssl_stylesheets_1_p_print_docbook_dsl=no
ac_cv_file__usr_share_sgml_docbook_dsssl_stylesheets_dtds_decls_xml_dcl=no
ac_cv_file__usr_share_sgml_docbook_dsssl_stylesheets_html_docbook_dsl=no
ac_cv_file__usr_share_sgml_docbook_dsssl_stylesheets_print_docbook_dsl=no
ac_cv_file__usr_share_sgml_docbook_stylesheet_dsssl_modular_dtds_decls_xml_dcl=no
ac_cv_file__usr_share_sgml_docbook_stylesheet_dsssl_modular_html_docbook_dsl=no
ac_cv_file__usr_share_sgml_docbook_stylesheet_dsssl_modular_print_docbook_dsl=no
ac_cv_file__usr_share_sgml_dsssl_docbook_dsssl_nwalsh_dtds_decls_xml_dcl=no
ac_cv_file__usr_share_sgml_dsssl_docbook_dsssl_nwalsh_html_docbook_dsl=no
ac_cv_file__usr_share_sgml_dsssl_docbook_dsssl_nwalsh_print_docbook_dsl=no
ac_cv_func_backtrace=yes
ac_cv_func_gethostbyname_r=yes
ac_cv_func_getopt=yes
ac_cv_func_getopt_long=yes
ac_cv_func_gettimeofday=yes
ac_cv_func_gmtime_r=yes
ac_cv_func_initgroups=yes
ac_cv_func_localtime_r=yes
ac_cv_func_nftw=yes
ac_cv_func_regcomp=yes
ac_cv_func_select=yes
ac_cv_func_socket=yes
ac_cv_func_srandom=yes
ac_cv_func_strdup=yes
ac_cv_func_strtoll=yes
ac_cv_func_strtoq=yes
ac_cv_func_which_gethostname_r=6
ac_cv_header_dlfcn_h=yes
ac_cv_header_execinfo_h=yes
ac_cv_header_ftw_h=yes
ac_cv_header_getopt_h=yes
ac_cv_header_inttypes_h=yes
ac_cv_header_memory_h=yes
ac_cv_header_mysql_mysql_h=yes
ac_cv_header_mysql_mysql_version_h=yes
ac_cv_header_net_if_h=yes
ac_cv_header_netinet_in_h=yes
ac_cv_header_openssl_crypto_h=yes
ac_cv_header_openssl_err_h=yes
ac_cv_header_openssl_hmac_h=yes
ac_cv_header_openssl_pem_h=yes
ac_cv_header_openssl_rsa_h=yes
ac_cv_header_openssl_ssl_h=yes
ac_cv_header_openssl_x509_h=yes
ac_cv_header_pthread_h=yes
ac_cv_header_regex_h=yes
ac_cv_header_stdc=yes
ac_cv_header_stdint_h=yes
ac_cv_header_stdlib_h=yes
ac_cv_header_string_h=yes
ac_cv_header_strings_h=yes
ac_cv_header_sys_ioctl_h=yes
ac_cv_header_sys_poll_h=yes
ac_cv_header_sys_socket_h=yes
ac_cv_header_sys_sockio_h=no
ac_cv_header_sys_stat_h=yes
ac_cv_header_sys_time_h=yes
ac_cv_header_sys_types_h=yes
ac_cv_header_sys_ucontext_h=yes
ac_cv_header_syslog_h=yes
ac_cv_header_unistd_h=yes
ac_cv_header_zlib_h=yes
ac_cv_host=x86_64-unknown-linux-gnu
ac_cv_lib_bind_inet_ntop=no
ac_cv_lib_crypto_CRYPTO_lock=yes
ac_cv_lib_iconv_libiconv=no
ac_cv_lib_m_log=yes
ac_cv_lib_mysqlclient_r_mysql_init=yes
ac_cv_lib_mysqlclient_r_mysql_stmt_init=yes
ac_cv_lib_nsl_inet_ntoa=yes
ac_cv_lib_pthread_pthread_exit=yes
ac_cv_lib_resolv_inet_ntop=yes
ac_cv_lib_rt_sem_init=yes
ac_cv_lib_socket_accept=no
ac_cv_lib_ssl_SSL_connect=yes
ac_cv_lib_ssl_SSL_library_init=yes
ac_cv_objext=o
ac_cv_path_EGREP='/usr/bin/grep -E'
ac_cv_path_FGREP='/usr/bin/grep -F'
ac_cv_path_GREP=/usr/bin/grep
ac_cv_path_MYSQL_CONFIG=/usr/bin/mysql_config
ac_cv_path_OPENSSL=/usr/bin/openssl
ac_cv_path_PERL=/usr/bin/perl
ac_cv_path_SED=/usr/bin/sed
ac_cv_path_XML_CONFIG=/usr/bin/xml2-config
ac_cv_path_install='/usr/bin/install -c'
ac_cv_path_lt_DD=/usr/bin/dd
ac_cv_path_mkdir=/usr/bin/mkdir
ac_cv_prog_AWK=gawk
ac_cv_prog_CONVERT=no
ac_cv_prog_CPP='gcc -E'
ac_cv_prog_DVIPS=no
ac_cv_prog_FIG2DEV=no
ac_cv_prog_JADETEX=no
ac_cv_prog_PDFJADETEX=no
ac_cv_prog_YACC='bison -y'
ac_cv_prog_ac_ct_AR=ar
ac_cv_prog_ac_ct_CC=gcc
ac_cv_prog_ac_ct_OBJDUMP=objdump
ac_cv_prog_ac_ct_RANLIB=ranlib
ac_cv_prog_ac_ct_STRIP=strip
ac_cv_prog_cc_c89=
ac_cv_prog_cc_c99=-std=gnu99
ac_cv_prog_cc_g=yes
ac_cv_prog_make_make_set=yes
ac_cv_sizeof_int=4
ac_cv_sizeof_long=8
ac_cv_sizeof_long_long=8
ac_cv_sizeof_short=2
ac_cv_sys_file_offset_bits=no
ac_cv_sys_largefile_CC=no
acl_cv_path_LD='/usr/bin/ld -m elf_x86_64'
acl_cv_prog_gnu_ld=yes
acl_cv_rpath=done
am_cv_CC_dependencies_compiler_type=gcc3
am_cv_func_iconv=yes
am_cv_func_iconv_works=yes
am_cv_lib_iconv=no
am_cv_make_support_nested_variables=yes
am_cv_prog_cc_c_o=yes
am_cv_proto_iconv='extern size_t iconv (iconv_t cd, char * *inbuf, size_t *inbytesleft, char * *outbuf, size_t *outbytesleft);'
am_cv_proto_iconv_arg1=
gw_cv_func_HAVE_GETOPT_IN_STDIO_H=no
gw_cv_func_HAVE_GETOPT_IN_UNISTD_H=yes
gw_cv_type_HAVE_SOCKLEN_T=yes
lt_cv_ar_at_file=@
lt_cv_archive_cmds_need_lc=no
lt_cv_deplibs_check_method=pass_all
lt_cv_file_magic_cmd='$MAGIC_CMD'
lt_cv_file_magic_test_file=
lt_cv_ld_reload_flag=-r
lt_cv_nm_interface='BSD nm'
lt_cv_objdir=.libs
lt_cv_path_LD=/usr/bin/ld
lt_cv_path_NM='/usr/bin/nm -B'
lt_cv_path_mainfest_tool=no
lt_cv_prog_compiler_c_o=yes
lt_cv_prog_compiler_pic='-fPIC -DPIC'
lt_cv_prog_compiler_pic_works=yes
lt_cv_prog_compiler_rtti_exceptions=no
lt_cv_prog_compiler_static_works=no
lt_cv_prog_gnu_ld=yes
lt_cv_sharedlib_from_linklib_cmd='printf %s\n'
lt_cv_shlibpath_overrides_runpath=no
lt_cv_sys_global_symbol_pipe='sed -n -e '\''s/^.*[	 ]\([ABCDGIRSTW][ABCDGIRSTW]*\)[	 ][	 ]*\([_A-Za-z][_A-Za-z0-9]*\)$/\1 \2 \2/p'\'' | sed '\''/ __gnu_lto/d'\'''
lt_cv_sys_global_symbol_to_c_name_address='sed -n -e '\''s/^: \(.*\) .*$/  {"\1", (void *) 0},/p'\'' -e '\''s/^[ABCDGIRSTW][ABCDGIRSTW]* .* \(.*\)$/  {"\1", (void *) \&\1},/p'\'''
lt_cv_sys_global_symbol_to_c_name_address_lib_prefix='sed -n -e '\''s/^: \(.*\) .*$/  {"\1", (void *) 0},/p'\'' -e '\''s/^[ABCDGIRSTW][ABCDGIRSTW]* .* \(lib.*\)$/  {"\1", (void *) \&\1},/p'\'' -e '\''s/^[ABCDGIRSTW][ABCDGIRSTW]* .* \(.*\)$/  {"lib\1", (void *) \&\1},/p'\'''
lt_cv_sys_global_symbol_to_cdecl='sed -n -e '\''s/^T .* \(.*\)$/extern int \1();/p'\'' -e '\''s/^[ABCDGIRSTW][ABCDGIRSTW]* .* \(.*\)$/extern char \1;/p'\'''
lt_cv_sys_global_symbol_to_import=
lt_cv_sys_max_cmd_len=1572864
lt_cv_to_host_file_cmd=func_convert_file_noop
lt_cv_to_tool_file_cmd=func_convert_file_noop
lt_cv_truncate_bin='/usr/bin/dd bs=4096 count=1'

## ----------------- ##
## Output variables. ##
## ----------------- ##

ACLOCAL='${SHELL} /sources/kannel/missing aclocal-1.15'
AMDEPBACKSLASH='\'
AMDEP_FALSE='#'
AMDEP_TRUE=''
AMTAR='$${TAR-tar}'
AM_BACKSLASH='\'
AM_DEFAULT_V='$(AM_DEFAULT_VERBOSITY)'
AM_DEFAULT_VERBOSITY='1'
AM_V='$(V)'
AR='ar'
AUTOCONF='${SHELL} /sources/kannel/missing autoconf'
AUTOHEADER='${SHELL} /sources/kannel/missing autoheader'
AUTOMAKE='${SHELL} /sources/kannel/missing automake-1.15'
AWK='gawk'
BUILD_STARTSTOPDAEMON_FALSE='#'
BUILD_STARTSTOPDAEMON_TRUE=''
CC='gcc -std=gnu99'
CCDEPMODE='depmode=gcc3'
CFLAGS='-g -O2 -D_XOPEN_SOURCE=600 -D_BSD_SOURCE -D_DEFAULT_SOURCE -D_LARGE_FILES= -I/usr/include/libxml2 -I/usr/local/ssl/include -I/usr/include/mysql'
CONVERT='no'
CPP='gcc -E'
CPPFLAGS=''
CYGPATH_W='echo'
DEFS='-DHAVE_CONFIG_H'
DEPDIR='.deps'
DLLTOOL='false'
DOCDRAFTS='IGNORE'
DOCSTARGET='no-docs'
DSYMUTIL=''
DUMPBIN=''
DVIPS='no'
ECHO_C=''
ECHO_N='-n'
ECHO_T=''
EGREP='/usr/bin/grep -E'
EXEEXT=''
EXE_EXT=''
FGREP='/usr/bin/grep -F'
FIG2DEV='no'
GREP='/usr/bin/grep'
GSOAP_SHARE=''
GW_VERSION=''
HTML_DSL=''
INSTALL_DATA='${INSTALL} -m 644'
INSTALL_PROGRAM='${INSTALL}'
INSTALL_SCRIPT='${INSTALL}'
INSTALL_STRIP_PROGRAM='$(install_sh) -c -s'
JADE='no'
JADETEX='no'
LD='/usr/bin/ld -m elf_x86_64'
LDFLAGS=' -rdynamic'
LEX=':'
LEXLIB=''
LEX_OUTPUT_ROOT=''
LIBICONV=''
LIBOBJS=''
LIBS='-lmysqlclient_r -lssl -lrt -lresolv -lnsl -lm  -lpthread -lxml2 -lz -lm -ldl -L/usr/lib/gcc/x86_64-redhat-linux/4.8.5/../../../../lib64 -lcrypto -lssl -L/usr/lib64  -lmysqlclient -lpthread -lz -lm -ldl -lssl -lcrypto'
LIBTOOL='$(SHELL) $(top_builddir)/libtool'
LIPO=''
LN_S='ln -s'
LTLIBICONV=''
LTLIBOBJS=''
LT_SYS_LIBRARY_PATH=''
MAKEINFO='${SHELL} /sources/kannel/missing makeinfo'
MANIFEST_TOOL=':'
MKDIR_P='/usr/bin/mkdir -p'
MYSQL_CONFIG='/usr/bin/mysql_config'
NM='/usr/bin/nm -B'
NMEDIT=''
OBJDUMP='objdump'
OBJEXT='o'
OLD_LIBTOOL='ar rc'
OPENSSL='/usr/bin/openssl'
OTOOL64=''
OTOOL=''
PACKAGE='Kannel'
PACKAGE_BUGREPORT=''
PACKAGE_NAME=''
PACKAGE_STRING=''
PACKAGE_TARNAME=''
PACKAGE_URL=''
PACKAGE_VERSION=''
PATH_SEPARATOR=':'
PCRE_CONFIG=''
PDFJADETEX='no'
PERL='/usr/bin/perl'
PGSQL_CONFIG=''
PKGADD_NAME='Kannel - WAP and SMS gateway'
PKGADD_PKG='KANNELgateway'
PKGADD_VENDOR='www.kannel.org'
RANLIB='ranlib'
REDIS_CONFIG=''
SDB_CONFIG=''
SED='/usr/bin/sed'
SET_MAKE=''
SHELL='/bin/sh'
SIZEOF_INT='4'
SIZEOF_LONG='8'
SIZEOF_LONG_LONG='8'
SIZEOF_SHORT='2'
SOAPCPP=''
SOAP_INCLUDE=''
SQLITE3=''
SQLITE=''
STRIP='strip'
SUFFIX=''
TEX_DSL=''
VERSION='svn-r5239M'
WSDL2H=''
XML_CONFIG='/usr/bin/xml2-config'
XML_DCL=''
YACC='bison -y'
YFLAGS=''
ac_ct_AR='ar'
ac_ct_CC='gcc'
ac_ct_DUMPBIN=''
am__EXEEXT_FALSE=''
am__EXEEXT_TRUE='#'
am__fastdepCC_FALSE='#'
am__fastdepCC_TRUE=''
am__include='include'
am__isrc=''
am__leading_dot='.'
am__nodep='_no'
am__quote=''
am__tar='$${TAR-tar} chof - "$$tardir"'
am__untar='$${TAR-tar} xf -'
bindir='${exec_prefix}/bin'
build='x86_64-unknown-linux-gnu'
build_alias=''
build_cpu='x86_64'
build_os='linux-gnu'
build_vendor='unknown'
datadir='${datarootdir}'
datarootdir='${prefix}/share'
docdir='${prefix}/share/doc/kannel'
dvidir='${docdir}'
exec_prefix='${prefix}'
host='x86_64-unknown-linux-gnu'
host_alias=''
host_cpu='x86_64'
host_os='linux-gnu'
host_vendor='unknown'
htmldir='${docdir}'
includedir='${prefix}/include'
infodir='${datarootdir}/info'
install_sh='${SHELL} /sources/kannel/install-sh'
libdir='${exec_prefix}/lib'
libexecdir='${exec_prefix}/libexec'
localedir='${datarootdir}/locale'
localstatedir='${prefix}/var'
mandir='${datarootdir}/man'
mkdir_p='$(MKDIR_P)'
oldincludedir='/usr/include'
pdfdir='${docdir}'
prefix='/usr/local'
program_transform_name='s,x,x,'
psdir='${docdir}'
sbindir='${exec_prefix}/sbin'
sharedstatedir='${prefix}/com'
sysconfdir='${prefix}/etc'
target_alias=''

## ----------- ##
## confdefs.h. ##
## ----------- ##

/* confdefs.h */
#define PACKAGE_NAME ""
#define PACKAGE_TARNAME ""
#define PACKAGE_VERSION ""
#define PACKAGE_STRING ""
#define PACKAGE_BUGREPORT ""
#define PACKAGE_URL ""
#define GW_NAME "Kannel"
#define GW_VERSION "svn-r5239M"
#define VERSION "svn-r5239M"
#define PACKAGE "Kannel"
#define VERSION "svn-r5239M"
#define STDC_HEADERS 1
#define HAVE_SYS_TYPES_H 1
#define HAVE_SYS_STAT_H 1
#define HAVE_STDLIB_H 1
#define HAVE_STRING_H 1
#define HAVE_MEMORY_H 1
#define HAVE_STRINGS_H 1
#define HAVE_INTTYPES_H 1
#define HAVE_STDINT_H 1
#define HAVE_UNISTD_H 1
#define HAVE_DLFCN_H 1
#define LT_OBJDIR ".libs/"
#define SIZEOF_SHORT 2
#define SIZEOF_INT 4
#define SIZEOF_LONG 8
#define SIZEOF_LONG_LONG 8
#define HAVE_LIBM 1
#define HAVE_LIBNSL 1
#define HAVE_LIBRESOLV 1
#define STDC_HEADERS 1
#define HAVE_SYS_IOCTL_H 1
#define HAVE_SYS_TIME_H 1
#define HAVE_SYS_TYPES_H 1
#define HAVE_UNISTD_H 1
#define HAVE_SYS_POLL_H 1
#define HAVE_PTHREAD_H 1
#define HAVE_GETOPT_H 1
#define HAVE_SYSLOG_H 1
#define HAVE_ZLIB_H 1
#define HAVE_EXECINFO_H 1
#define HAVE_STDLIB_H 1
#define HAVE_SYS_SOCKET_H 1
#define HAVE_NETINET_IN_H 1
#define HAVE_NET_IF_H 1
#define HAVE_SYS_UCONTEXT_H 1
#define HAVE_UCONTEXT 1
#define HAVE___FUNCTION__ 1
#define HAVE___FUNC__ 1
#define HAVE_ICONV 1
#define ICONV_CONST 
#define HAVE_GETTIMEOFDAY 1
#define HAVE_SELECT 1
#define HAVE_SOCKET 1
#define HAVE_STRDUP 1
#define HAVE_GETOPT_LONG 1
#define HAVE_LOCALTIME_R 1
#define HAVE_GMTIME_R 1
#define HAVE_BACKTRACE 1
#define HAVE_SRANDOM 1
#define HAVE_INITGROUPS 1
#define HAVE_STRTOLL 1
#define HAVE_STRTOQ 1
#define HAVE_FUNC_GETHOSTBYNAME_R_6 1
#define HAVE_SOCKLEN_T 1
#define HAVE_GETOPT_IN_UNISTD_H 1
#define HAVE_FTW_H 1
#define HAVE_NFTW 1
#define HAVE_REGEX_H 1
#define HAVE_REGEX 1
#define HAVE_PTHREAD_SPINLOCK_T 1
#define HAVE_PTHREAD_RWLOCK 1
#define HAVE_LIBRT 1
#define HAVE_SEMAPHORE 1
#define SUFFIX ""
#define USE_GWMEM_NATIVE 1
#define LOG_TIMESTAMP_LOCALTIME 1
#define ENABLE_COOKIES 1
#define USE_KEEPALIVE 1
#define HAVE_LIBSSL 1
#define HAVE_OPENSSL_X509_H 1
#define HAVE_OPENSSL_RSA_H 1
#define HAVE_OPENSSL_CRYPTO_H 1
#define HAVE_OPENSSL_PEM_H 1
#define HAVE_OPENSSL_SSL_H 1
#define HAVE_OPENSSL_ERR_H 1
#define HAVE_OPENSSL_HMAC_H 1
#define HAVE_LIBSSL 1
#define HAVE_MYSQL_MYSQL_H 1
#define HAVE_MYSQL_MYSQL_VERSION_H 1
#define HAVE_LIBMYSQLCLIENT_R 1
#define HAVE_MYSQL 1

configure: exit 0
