This file contains any messages produced by compilers while
running configure, to aid debugging if configure makes a mistake.

It was created by opensmppbox configure svn, which was
generated by GNU Autoconf 2.69.  Invocation command line was

  $ ./configure 

## --------- ##
## Platform. ##
## --------- ##

hostname = synq
uname -m = x86_64
uname -r = 3.10.0-693.5.2.el7.x86_64
uname -s = Linux
uname -v = #1 SMP Fri Oct 20 20:32:50 UTC 2017

/usr/bin/uname -p = x86_64
/bin/uname -X     = unknown

/bin/arch              = x86_64
/usr/bin/arch -k       = unknown
/usr/convex/getsysinfo = unknown
/usr/bin/hostinfo      = unknown
/bin/machine           = unknown
/usr/bin/oslevel       = unknown
/bin/universe          = unknown

PATH: /usr/local/sbin
PATH: /usr/local/bin
PATH: /usr/sbin
PATH: /usr/bin
PATH: /root/.local/bin
PATH: /root/bin


## ----------- ##
## Core tests. ##
## ----------- ##

configure:2648: checking for a BSD-compatible install
configure:2716: result: /usr/bin/install -c
configure:2727: checking whether build environment is sane
configure:2764: result: yes
configure:2826: checking for gawk
configure:2842: found /usr/bin/gawk
configure:2853: result: gawk
configure:2864: checking whether make sets $(MAKE)
configure:2886: result: yes
configure:3066: checking whether to enable maintainer-specific portions of Makefiles
configure:3075: result: no
configure:3094: checking build system type
configure:3108: result: x86_64-redhat-linux-gnu
configure:3128: checking host system type
configure:3141: result: x86_64-redhat-linux-gnu
configure:3164: checking svn checkout revision
configure:3174: result: 92
configure:3285: checking for style of include used by make
configure:3313: result: GNU
configure:3386: checking for gcc
configure:3402: found /usr/bin/gcc
configure:3413: result: gcc
configure:3642: checking for C compiler version
configure:3651: gcc --version >&5
gcc (GCC) 4.8.5 20150623 (Red Hat 4.8.5-16)
Copyright (C) 2015 Free Software Foundation, Inc.
This is free software; see the source for copying conditions.  There is NO
warranty; not even for MERCHANTABILITY or FITNESS FOR A PARTICULAR PURPOSE.

configure:3662: $? = 0
configure:3651: gcc -v >&5
Using built-in specs.
COLLECT_GCC=gcc
COLLECT_LTO_WRAPPER=/usr/libexec/gcc/x86_64-redhat-linux/4.8.5/lto-wrapper
Target: x86_64-redhat-linux
Configured with: ../configure --prefix=/usr --mandir=/usr/share/man --infodir=/usr/share/info --with-bugurl=http://bugzilla.redhat.com/bugzilla --enable-bootstrap --enable-shared --enable-threads=posix --enable-checking=release --with-system-zlib --enable-__cxa_atexit --disable-libunwind-exceptions --enable-gnu-unique-object --enable-linker-build-id --with-linker-hash-style=gnu --enable-languages=c,c++,objc,obj-c++,java,fortran,ada,go,lto --enable-plugin --enable-initfini-array --disable-libgcj --with-isl=/builddir/build/BUILD/gcc-4.8.5-20150702/obj-x86_64-redhat-linux/isl-install --with-cloog=/builddir/build/BUILD/gcc-4.8.5-20150702/obj-x86_64-redhat-linux/cloog-install --enable-gnu-indirect-function --with-tune=generic --with-arch_32=x86-64 --build=x86_64-redhat-linux
Thread model: posix
gcc version 4.8.5 20150623 (Red Hat 4.8.5-16) (GCC) 
configure:3662: $? = 0
configure:3651: gcc -V >&5
gcc: error: unrecognized command line option '-V'
gcc: fatal error: no input files
compilation terminated.
configure:3662: $? = 4
configure:3651: gcc -qversion >&5
gcc: error: unrecognized command line option '-qversion'
gcc: fatal error: no input files
compilation terminated.
configure:3662: $? = 4
configure:3682: checking whether the C compiler works
configure:3704: gcc    conftest.c  >&5
conftest.c:12:0: warning: "VERSION" redefined [enabled by default]
 #define VERSION "svn-r92"
 ^
conftest.c:9:0: note: this is the location of the previous definition
 #define VERSION ""
 ^
configure:3708: $? = 0
configure:3756: result: yes
configure:3759: checking for C compiler default output file name
configure:3761: result: a.out
configure:3767: checking for suffix of executables
configure:3774: gcc -o conftest    conftest.c  >&5
conftest.c:12:0: warning: "VERSION" redefined [enabled by default]
 #define VERSION "svn-r92"
 ^
conftest.c:9:0: note: this is the location of the previous definition
 #define VERSION ""
 ^
configure:3778: $? = 0
configure:3800: result: 
configure:3822: checking whether we are cross compiling
configure:3830: gcc -o conftest    conftest.c  >&5
conftest.c:12:0: warning: "VERSION" redefined [enabled by default]
 #define VERSION "svn-r92"
 ^
conftest.c:9:0: note: this is the location of the previous definition
 #define VERSION ""
 ^
configure:3834: $? = 0
configure:3841: ./conftest
configure:3845: $? = 0
configure:3860: result: no
configure:3865: checking for suffix of object files
configure:3887: gcc -c   conftest.c >&5
conftest.c:12:0: warning: "VERSION" redefined [enabled by default]
 #define VERSION "svn-r92"
 ^
conftest.c:9:0: note: this is the location of the previous definition
 #define VERSION ""
 ^
configure:3891: $? = 0
configure:3912: result: o
configure:3916: checking whether we are using the GNU C compiler
configure:3935: gcc -c   conftest.c >&5
conftest.c:12:0: warning: "VERSION" redefined [enabled by default]
 #define VERSION "svn-r92"
 ^
conftest.c:9:0: note: this is the location of the previous definition
 #define VERSION ""
 ^
configure:3935: $? = 0
configure:3944: result: yes
configure:3953: checking whether gcc accepts -g
configure:3973: gcc -c -g  conftest.c >&5
conftest.c:12:0: warning: "VERSION" redefined [enabled by default]
 #define VERSION "svn-r92"
 ^
conftest.c:9:0: note: this is the location of the previous definition
 #define VERSION ""
 ^
configure:3973: $? = 0
configure: failed program was:
| /* confdefs.h */
| #define PACKAGE_NAME "opensmppbox"
| #define PACKAGE_TARNAME "opensmppbox"
| #define PACKAGE_VERSION "svn"
| #define PACKAGE_STRING "opensmppbox svn"
| #define PACKAGE_BUGREPORT "devel@kannel.org"
| #define PACKAGE_URL ""
| #define PACKAGE ""
| #define VERSION ""
| #define GW_NAME "OpenSMPPBox"
| #define GW_VERSION "svn-r92"
| #define VERSION "svn-r92"
| /* end confdefs.h.  */
| 
| int
| main ()
| {
| 
|   ;
|   return 0;
| }
configure:3988: gcc -c   conftest.c >&5
conftest.c:12:0: warning: "VERSION" redefined [enabled by default]
 #define VERSION "svn-r92"
 ^
conftest.c:9:0: note: this is the location of the previous definition
 #define VERSION ""
 ^
configure:3988: $? = 0
configure: failed program was:
| /* confdefs.h */
| #define PACKAGE_NAME "opensmppbox"
| #define PACKAGE_TARNAME "opensmppbox"
| #define PACKAGE_VERSION "svn"
| #define PACKAGE_STRING "opensmppbox svn"
| #define PACKAGE_BUGREPORT "devel@kannel.org"
| #define PACKAGE_URL ""
| #define PACKAGE ""
| #define VERSION ""
| #define GW_NAME "OpenSMPPBox"
| #define GW_VERSION "svn-r92"
| #define VERSION "svn-r92"
| /* end confdefs.h.  */
| 
| int
| main ()
| {
| 
|   ;
|   return 0;
| }
configure:4004: gcc -c -g  conftest.c >&5
conftest.c:12:0: warning: "VERSION" redefined [enabled by default]
 #define VERSION "svn-r92"
 ^
conftest.c:9:0: note: this is the location of the previous definition
 #define VERSION ""
 ^
configure:4004: $? = 0
configure:4014: result: yes
configure:4031: checking for gcc option to accept ISO C89
configure:4094: gcc  -c -g -O2  conftest.c >&5
conftest.c:12:0: warning: "VERSION" redefined [enabled by default]
 #define VERSION "svn-r92"
 ^
conftest.c:9:0: note: this is the location of the previous definition
 #define VERSION ""
 ^
configure:4094: $? = 0
configure:4107: result: none needed
configure:4129: checking dependency style of gcc
configure:4219: result: gcc3
configure:4236: checking for a sed that does not truncate output
configure:4292: result: /usr/bin/sed
configure:4295: checking for grep that handles long lines and -e
configure:4353: result: /usr/bin/grep
configure:4358: checking for egrep
configure:4420: result: /usr/bin/grep -E
configure:4436: checking for ld used by gcc
configure:4503: result: /usr/bin/ld
configure:4510: checking if the linker (/usr/bin/ld) is GNU ld
configure:4525: result: yes
configure:4530: checking for /usr/bin/ld option to reload object files
configure:4537: result: -r
configure:4555: checking for BSD-compatible nm
configure:4604: result: /usr/bin/nm -B
configure:4608: checking whether ln -s works
configure:4612: result: yes
configure:4619: checking how to recognise dependent libraries
configure:4795: result: pass_all
configure:4883: gcc -c -g -O2  conftest.c >&5
configure:4886: $? = 0
configure:5004: checking how to run the C preprocessor
configure:5035: gcc -E  conftest.c
conftest.c:12:0: warning: "VERSION" redefined [enabled by default]
 #define VERSION "svn-r92"
 ^
conftest.c:9:0: note: this is the location of the previous definition
 #define VERSION ""
 ^
configure:5035: $? = 0
configure:5049: gcc -E  conftest.c
conftest.c:12:0: warning: "VERSION" redefined [enabled by default]
 #define VERSION "svn-r92"
 ^
conftest.c:9:0: note: this is the location of the previous definition
 #define VERSION ""
 ^
conftest.c:14:28: fatal error: ac_nonexistent.h: No such file or directory
 #include <ac_nonexistent.h>
                            ^
compilation terminated.
configure:5049: $? = 1
configure: failed program was:
| /* confdefs.h */
| #define PACKAGE_NAME "opensmppbox"
| #define PACKAGE_TARNAME "opensmppbox"
| #define PACKAGE_VERSION "svn"
| #define PACKAGE_STRING "opensmppbox svn"
| #define PACKAGE_BUGREPORT "devel@kannel.org"
| #define PACKAGE_URL ""
| #define PACKAGE ""
| #define VERSION ""
| #define GW_NAME "OpenSMPPBox"
| #define GW_VERSION "svn-r92"
| #define VERSION "svn-r92"
| /* end confdefs.h.  */
| #include <ac_nonexistent.h>
configure:5074: result: gcc -E
configure:5094: gcc -E  conftest.c
conftest.c:12:0: warning: "VERSION" redefined [enabled by default]
 #define VERSION "svn-r92"
 ^
conftest.c:9:0: note: this is the location of the previous definition
 #define VERSION ""
 ^
configure:5094: $? = 0
configure:5108: gcc -E  conftest.c
conftest.c:12:0: warning: "VERSION" redefined [enabled by default]
 #define VERSION "svn-r92"
 ^
conftest.c:9:0: note: this is the location of the previous definition
 #define VERSION ""
 ^
conftest.c:14:28: fatal error: ac_nonexistent.h: No such file or directory
 #include <ac_nonexistent.h>
                            ^
compilation terminated.
configure:5108: $? = 1
configure: failed program was:
| /* confdefs.h */
| #define PACKAGE_NAME "opensmppbox"
| #define PACKAGE_TARNAME "opensmppbox"
| #define PACKAGE_VERSION "svn"
| #define PACKAGE_STRING "opensmppbox svn"
| #define PACKAGE_BUGREPORT "devel@kannel.org"
| #define PACKAGE_URL ""
| #define PACKAGE ""
| #define VERSION ""
| #define GW_NAME "OpenSMPPBox"
| #define GW_VERSION "svn-r92"
| #define VERSION "svn-r92"
| /* end confdefs.h.  */
| #include <ac_nonexistent.h>
configure:5137: checking for ANSI C header files
configure:5157: gcc -c -g -O2  conftest.c >&5
conftest.c:12:0: warning: "VERSION" redefined [enabled by default]
 #define VERSION "svn-r92"
 ^
conftest.c:9:0: note: this is the location of the previous definition
 #define VERSION ""
 ^
configure:5157: $? = 0
conftest.c:12:0: warning: "VERSION" redefined [enabled by default]
 #define VERSION "svn-r92"
 ^
conftest.c:9:0: note: this is the location of the previous definition
 #define VERSION ""
 ^
conftest.c:12:0: warning: "VERSION" redefined [enabled by default]
 #define VERSION "svn-r92"
 ^
conftest.c:9:0: note: this is the location of the previous definition
 #define VERSION ""
 ^
configure:5230: gcc -o conftest -g -O2   conftest.c  >&5
conftest.c:12:0: warning: "VERSION" redefined [enabled by default]
 #define VERSION "svn-r92"
 ^
conftest.c:9:0: note: this is the location of the previous definition
 #define VERSION ""
 ^
configure:5230: $? = 0
configure:5230: ./conftest
configure:5230: $? = 0
configure:5241: result: yes
configure:5254: checking for sys/types.h
configure:5254: gcc -c -g -O2  conftest.c >&5
conftest.c:12:0: warning: "VERSION" redefined [enabled by default]
 #define VERSION "svn-r92"
 ^
conftest.c:9:0: note: this is the location of the previous definition
 #define VERSION ""
 ^
configure:5254: $? = 0
configure:5254: result: yes
configure:5254: checking for sys/stat.h
configure:5254: gcc -c -g -O2  conftest.c >&5
conftest.c:12:0: warning: "VERSION" redefined [enabled by default]
 #define VERSION "svn-r92"
 ^
conftest.c:9:0: note: this is the location of the previous definition
 #define VERSION ""
 ^
configure:5254: $? = 0
configure:5254: result: yes
configure:5254: checking for stdlib.h
configure:5254: gcc -c -g -O2  conftest.c >&5
conftest.c:12:0: warning: "VERSION" redefined [enabled by default]
 #define VERSION "svn-r92"
 ^
conftest.c:9:0: note: this is the location of the previous definition
 #define VERSION ""
 ^
configure:5254: $? = 0
configure:5254: result: yes
configure:5254: checking for string.h
configure:5254: gcc -c -g -O2  conftest.c >&5
conftest.c:12:0: warning: "VERSION" redefined [enabled by default]
 #define VERSION "svn-r92"
 ^
conftest.c:9:0: note: this is the location of the previous definition
 #define VERSION ""
 ^
configure:5254: $? = 0
configure:5254: result: yes
configure:5254: checking for memory.h
configure:5254: gcc -c -g -O2  conftest.c >&5
conftest.c:12:0: warning: "VERSION" redefined [enabled by default]
 #define VERSION "svn-r92"
 ^
conftest.c:9:0: note: this is the location of the previous definition
 #define VERSION ""
 ^
configure:5254: $? = 0
configure:5254: result: yes
configure:5254: checking for strings.h
configure:5254: gcc -c -g -O2  conftest.c >&5
conftest.c:12:0: warning: "VERSION" redefined [enabled by default]
 #define VERSION "svn-r92"
 ^
conftest.c:9:0: note: this is the location of the previous definition
 #define VERSION ""
 ^
configure:5254: $? = 0
configure:5254: result: yes
configure:5254: checking for inttypes.h
configure:5254: gcc -c -g -O2  conftest.c >&5
conftest.c:12:0: warning: "VERSION" redefined [enabled by default]
 #define VERSION "svn-r92"
 ^
conftest.c:9:0: note: this is the location of the previous definition
 #define VERSION ""
 ^
configure:5254: $? = 0
configure:5254: result: yes
configure:5254: checking for stdint.h
configure:5254: gcc -c -g -O2  conftest.c >&5
conftest.c:12:0: warning: "VERSION" redefined [enabled by default]
 #define VERSION "svn-r92"
 ^
conftest.c:9:0: note: this is the location of the previous definition
 #define VERSION ""
 ^
configure:5254: $? = 0
configure:5254: result: yes
configure:5254: checking for unistd.h
configure:5254: gcc -c -g -O2  conftest.c >&5
conftest.c:12:0: warning: "VERSION" redefined [enabled by default]
 #define VERSION "svn-r92"
 ^
conftest.c:9:0: note: this is the location of the previous definition
 #define VERSION ""
 ^
configure:5254: $? = 0
configure:5254: result: yes
configure:5268: checking dlfcn.h usability
configure:5268: gcc -c -g -O2  conftest.c >&5
conftest.c:12:0: warning: "VERSION" redefined [enabled by default]
 #define VERSION "svn-r92"
 ^
conftest.c:9:0: note: this is the location of the previous definition
 #define VERSION ""
 ^
configure:5268: $? = 0
configure:5268: result: yes
configure:5268: checking dlfcn.h presence
configure:5268: gcc -E  conftest.c
conftest.c:12:0: warning: "VERSION" redefined [enabled by default]
 #define VERSION "svn-r92"
 ^
conftest.c:9:0: note: this is the location of the previous definition
 #define VERSION ""
 ^
configure:5268: $? = 0
configure:5268: result: yes
configure:5268: checking for dlfcn.h
configure:5268: result: yes
configure:5336: checking for g++
configure:5366: result: no
configure:5336: checking for c++
configure:5366: result: no
configure:5336: checking for gpp
configure:5366: result: no
configure:5336: checking for aCC
configure:5366: result: no
configure:5336: checking for CC
configure:5366: result: no
configure:5336: checking for cxx
configure:5366: result: no
configure:5336: checking for cc++
configure:5366: result: no
configure:5336: checking for cl.exe
configure:5366: result: no
configure:5336: checking for FCC
configure:5366: result: no
configure:5336: checking for KCC
configure:5366: result: no
configure:5336: checking for RCC
configure:5366: result: no
configure:5336: checking for xlC_r
configure:5366: result: no
configure:5336: checking for xlC
configure:5366: result: no
configure:5390: checking for C++ compiler version
configure:5399: g++ --version >&5
./configure: line 5401: g++: command not found
configure:5410: $? = 127
configure:5399: g++ -v >&5
./configure: line 5401: g++: command not found
configure:5410: $? = 127
configure:5399: g++ -V >&5
./configure: line 5401: g++: command not found
configure:5410: $? = 127
configure:5399: g++ -qversion >&5
./configure: line 5401: g++: command not found
configure:5410: $? = 127
configure:5414: checking whether we are using the GNU C++ compiler
configure:5433: g++ -c   conftest.cpp >&5
./configure: line 2059: g++: command not found
configure:5433: $? = 127
configure: failed program was:
| /* confdefs.h */
| #define PACKAGE_NAME "opensmppbox"
| #define PACKAGE_TARNAME "opensmppbox"
| #define PACKAGE_VERSION "svn"
| #define PACKAGE_STRING "opensmppbox svn"
| #define PACKAGE_BUGREPORT "devel@kannel.org"
| #define PACKAGE_URL ""
| #define PACKAGE ""
| #define VERSION ""
| #define GW_NAME "OpenSMPPBox"
| #define GW_VERSION "svn-r92"
| #define VERSION "svn-r92"
| #define STDC_HEADERS 1
| #define HAVE_SYS_TYPES_H 1
| #define HAVE_SYS_STAT_H 1
| #define HAVE_STDLIB_H 1
| #define HAVE_STRING_H 1
| #define HAVE_MEMORY_H 1
| #define HAVE_STRINGS_H 1
| #define HAVE_INTTYPES_H 1
| #define HAVE_STDINT_H 1
| #define HAVE_UNISTD_H 1
| #define HAVE_DLFCN_H 1
| /* end confdefs.h.  */
| 
| int
| main ()
| {
| #ifndef __GNUC__
|        choke me
| #endif
| 
|   ;
|   return 0;
| }
configure:5442: result: no
configure:5451: checking whether g++ accepts -g
configure:5471: g++ -c -g  conftest.cpp >&5
./configure: line 2059: g++: command not found
configure:5471: $? = 127
configure: failed program was:
| /* confdefs.h */
| #define PACKAGE_NAME "opensmppbox"
| #define PACKAGE_TARNAME "opensmppbox"
| #define PACKAGE_VERSION "svn"
| #define PACKAGE_STRING "opensmppbox svn"
| #define PACKAGE_BUGREPORT "devel@kannel.org"
| #define PACKAGE_URL ""
| #define PACKAGE ""
| #define VERSION ""
| #define GW_NAME "OpenSMPPBox"
| #define GW_VERSION "svn-r92"
| #define VERSION "svn-r92"
| #define STDC_HEADERS 1
| #define HAVE_SYS_TYPES_H 1
| #define HAVE_SYS_STAT_H 1
| #define HAVE_STDLIB_H 1
| #define HAVE_STRING_H 1
| #define HAVE_MEMORY_H 1
| #define HAVE_STRINGS_H 1
| #define HAVE_INTTYPES_H 1
| #define HAVE_STDINT_H 1
| #define HAVE_UNISTD_H 1
| #define HAVE_DLFCN_H 1
| /* end confdefs.h.  */
| 
| int
| main ()
| {
| 
|   ;
|   return 0;
| }
configure:5486: g++ -c   conftest.cpp >&5
./configure: line 2059: g++: command not found
configure:5486: $? = 127
configure: failed program was:
| /* confdefs.h */
| #define PACKAGE_NAME "opensmppbox"
| #define PACKAGE_TARNAME "opensmppbox"
| #define PACKAGE_VERSION "svn"
| #define PACKAGE_STRING "opensmppbox svn"
| #define PACKAGE_BUGREPORT "devel@kannel.org"
| #define PACKAGE_URL ""
| #define PACKAGE ""
| #define VERSION ""
| #define GW_NAME "OpenSMPPBox"
| #define GW_VERSION "svn-r92"
| #define VERSION "svn-r92"
| #define STDC_HEADERS 1
| #define HAVE_SYS_TYPES_H 1
| #define HAVE_SYS_STAT_H 1
| #define HAVE_STDLIB_H 1
| #define HAVE_STRING_H 1
| #define HAVE_MEMORY_H 1
| #define HAVE_STRINGS_H 1
| #define HAVE_INTTYPES_H 1
| #define HAVE_STDINT_H 1
| #define HAVE_UNISTD_H 1
| #define HAVE_DLFCN_H 1
| /* end confdefs.h.  */
| 
| int
| main ()
| {
| 
|   ;
|   return 0;
| }
configure:5502: g++ -c -g  conftest.cpp >&5
./configure: line 2059: g++: command not found
configure:5502: $? = 127
configure: failed program was:
| /* confdefs.h */
| #define PACKAGE_NAME "opensmppbox"
| #define PACKAGE_TARNAME "opensmppbox"
| #define PACKAGE_VERSION "svn"
| #define PACKAGE_STRING "opensmppbox svn"
| #define PACKAGE_BUGREPORT "devel@kannel.org"
| #define PACKAGE_URL ""
| #define PACKAGE ""
| #define VERSION ""
| #define GW_NAME "OpenSMPPBox"
| #define GW_VERSION "svn-r92"
| #define VERSION "svn-r92"
| #define STDC_HEADERS 1
| #define HAVE_SYS_TYPES_H 1
| #define HAVE_SYS_STAT_H 1
| #define HAVE_STDLIB_H 1
| #define HAVE_STRING_H 1
| #define HAVE_MEMORY_H 1
| #define HAVE_STRINGS_H 1
| #define HAVE_INTTYPES_H 1
| #define HAVE_STDINT_H 1
| #define HAVE_UNISTD_H 1
| #define HAVE_DLFCN_H 1
| /* end confdefs.h.  */
| 
| int
| main ()
| {
| 
|   ;
|   return 0;
| }
configure:5512: result: no
configure:5537: checking dependency style of g++
configure:5627: result: none
configure:5838: checking for g77
configure:5868: result: no
configure:5838: checking for xlf
configure:5868: result: no
configure:5838: checking for f77
configure:5868: result: no
configure:5838: checking for frt
configure:5868: result: no
configure:5838: checking for pgf77
configure:5868: result: no
configure:5838: checking for cf77
configure:5868: result: no
configure:5838: checking for fort77
configure:5868: result: no
configure:5838: checking for fl32
configure:5868: result: no
configure:5838: checking for af77
configure:5868: result: no
configure:5838: checking for xlf90
configure:5868: result: no
configure:5838: checking for f90
configure:5868: result: no
configure:5838: checking for pgf90
configure:5868: result: no
configure:5838: checking for pghpf
configure:5868: result: no
configure:5838: checking for epcf90
configure:5868: result: no
configure:5838: checking for gfortran
configure:5868: result: no
configure:5838: checking for g95
configure:5868: result: no
configure:5838: checking for xlf95
configure:5868: result: no
configure:5838: checking for f95
configure:5868: result: no
configure:5838: checking for fort
configure:5868: result: no
configure:5838: checking for ifort
configure:5868: result: no
configure:5838: checking for ifc
configure:5868: result: no
configure:5838: checking for efc
configure:5868: result: no
configure:5838: checking for pgfortran
configure:5868: result: no
configure:5838: checking for pgf95
configure:5868: result: no
configure:5838: checking for lf95
configure:5868: result: no
configure:5838: checking for ftn
configure:5868: result: no
configure:5838: checking for nagfor
configure:5868: result: no
configure:5891: checking for Fortran 77 compiler version
configure:5900:  --version >&5
./configure: line 5902: --version: command not found
configure:5911: $? = 127
configure:5900:  -v >&5
./configure: line 5902: -v: command not found
configure:5911: $? = 127
configure:5900:  -V >&5
./configure: line 5902: -V: command not found
configure:5911: $? = 127
configure:5900:  -qversion >&5
./configure: line 5902: -qversion: command not found
configure:5911: $? = 127
configure:5920: checking whether we are using the GNU Fortran 77 compiler
configure:5933:  -c  conftest.F >&5
./configure: line 2180: -c: command not found
configure:5933: $? = 127
configure: failed program was:
|       program main
| #ifndef __GNUC__
|        choke me
| #endif
| 
|       end
configure:5942: result: no
configure:5948: checking whether  accepts -g
configure:5959:  -c -g conftest.f >&5
./configure: line 2180: -c: command not found
configure:5959: $? = 127
configure: failed program was:
|       program main
| 
|       end
configure:5967: result: no
configure:6001: checking the maximum length of command line arguments
configure:6110: result: 32768
configure:6121: checking command to parse /usr/bin/nm -B output from gcc object
configure:6226: gcc -c -g -O2  conftest.c >&5
configure:6229: $? = 0
configure:6233: /usr/bin/nm -B conftest.o \| sed -n -e 's/^.*[ 	]\([ABCDGIRSTW][ABCDGIRSTW]*\)[ 	][ 	]*\([_A-Za-z][_A-Za-z0-9]*\)$/\1 \2 \2/p' \> conftest.nm
configure:6236: $? = 0
configure:6288: gcc -o conftest -g -O2   conftest.c conftstm.o >&5
configure:6291: $? = 0
configure:6329: result: ok
configure:6333: checking for objdir
configure:6348: result: .libs
configure:6440: checking for ar
configure:6456: found /usr/bin/ar
configure:6467: result: ar
configure:6532: checking for ranlib
configure:6548: found /usr/bin/ranlib
configure:6559: result: ranlib
configure:6624: checking for strip
configure:6640: found /usr/bin/strip
configure:6651: result: strip
configure:6933: checking if gcc supports -fno-rtti -fno-exceptions
configure:6951: gcc -c -g -O2  -fno-rtti -fno-exceptions conftest.c >&5
cc1: warning: command line option '-fno-rtti' is valid for C++/ObjC++ but not for C [enabled by default]
configure:6955: $? = 0
configure:6968: result: no
configure:6983: checking for gcc option to produce PIC
configure:7193: result: -fPIC
configure:7201: checking if gcc PIC flag -fPIC works
configure:7219: gcc -c -g -O2  -fPIC -DPIC conftest.c >&5
configure:7223: $? = 0
configure:7236: result: yes
configure:7264: checking if gcc static flag -static works
configure:7292: result: no
configure:7302: checking if gcc supports -c -o file.o
configure:7323: gcc -c -g -O2  -o out/conftest2.o conftest.c >&5
configure:7327: $? = 0
configure:7349: result: yes
configure:7375: checking whether the gcc linker (/usr/bin/ld -m elf_x86_64) supports shared libraries
configure:8275: result: yes
configure:8296: checking whether -lc should be explicitly linked in
configure:8301: gcc -c -g -O2  conftest.c >&5
configure:8304: $? = 0
configure:8319: gcc -shared conftest.o  -v -Wl,-soname -Wl,conftest -o conftest 2\>\&1 \| grep  -lc  \>/dev/null 2\>\&1
configure:8322: $? = 0
configure:8334: result: no
configure:8342: checking dynamic linker characteristics
configure:8735: gcc -c -g -O2  conftest.c >&5
configure:8738: $? = 0
configure:8951: result: GNU/Linux ld.so
configure:8960: checking how to hardcode library paths into programs
configure:8985: result: immediate
configure:8999: checking whether stripping libraries is possible
configure:9004: result: yes
configure:9520: checking if libtool supports shared libraries
configure:9522: result: yes
configure:9525: checking whether to build shared libraries
configure:9546: result: yes
configure:9549: checking whether to build static libraries
configure:9553: result: yes
configure:9645: creating libtool
configure:18680: checking for dirent.h that defines DIR
configure:18699: gcc -c -g -O2  conftest.c >&5
conftest.c:12:0: warning: "VERSION" redefined [enabled by default]
 #define VERSION "svn-r92"
 ^
conftest.c:9:0: note: this is the location of the previous definition
 #define VERSION ""
 ^
configure:18699: $? = 0
configure:18707: result: yes
configure:18720: checking for library containing opendir
configure:18751: gcc -o conftest -g -O2   conftest.c  >&5
conftest.c:12:0: warning: "VERSION" redefined [enabled by default]
 #define VERSION "svn-r92"
 ^
conftest.c:9:0: note: this is the location of the previous definition
 #define VERSION ""
 ^
configure:18751: $? = 0
configure:18768: result: none required
configure:18835: checking for ANSI C header files
configure:18939: result: yes
configure:18947: checking for sys/wait.h that is POSIX.1 compatible
configure:18973: gcc -c -g -O2  conftest.c >&5
conftest.c:12:0: warning: "VERSION" redefined [enabled by default]
 #define VERSION "svn-r92"
 ^
conftest.c:9:0: note: this is the location of the previous definition
 #define VERSION ""
 ^
configure:18973: $? = 0
configure:18980: result: yes
configure:18990: checking for an ANSI C-conforming const
configure:19056: gcc -c -g -O2  conftest.c >&5
conftest.c:12:0: warning: "VERSION" redefined [enabled by default]
 #define VERSION "svn-r92"
 ^
conftest.c:9:0: note: this is the location of the previous definition
 #define VERSION ""
 ^
configure:19056: $? = 0
configure:19063: result: yes
configure:19071: checking whether struct tm is in sys/time.h or time.h
configure:19091: gcc -c -g -O2  conftest.c >&5
conftest.c:12:0: warning: "VERSION" redefined [enabled by default]
 #define VERSION "svn-r92"
 ^
conftest.c:9:0: note: this is the location of the previous definition
 #define VERSION ""
 ^
configure:19091: $? = 0
configure:19098: result: time.h
configure:19106: checking for working volatile
configure:19125: gcc -c -g -O2  conftest.c >&5
conftest.c:12:0: warning: "VERSION" redefined [enabled by default]
 #define VERSION "svn-r92"
 ^
conftest.c:9:0: note: this is the location of the previous definition
 #define VERSION ""
 ^
configure:19125: $? = 0
configure:19132: result: yes
configure:19141: checking whether closedir returns void
configure:19165: gcc -o conftest -g -O2   conftest.c  >&5
conftest.c:12:0: warning: "VERSION" redefined [enabled by default]
 #define VERSION "svn-r92"
 ^
conftest.c:9:0: note: this is the location of the previous definition
 #define VERSION ""
 ^
configure:19165: $? = 0
configure:19165: ./conftest
configure:19165: $? = 0
configure:19175: result: no
configure:19183: checking for error_at_line
configure:19199: gcc -o conftest -g -O2   conftest.c  >&5
conftest.c:12:0: warning: "VERSION" redefined [enabled by default]
 #define VERSION "svn-r92"
 ^
conftest.c:9:0: note: this is the location of the previous definition
 #define VERSION ""
 ^
configure:19199: $? = 0
configure:19207: result: yes
configure:19220: checking for stdlib.h
configure:19220: result: yes
configure:19230: checking for GNU libc compatible malloc
configure:19254: gcc -o conftest -g -O2   conftest.c  >&5
conftest.c:12:0: warning: "VERSION" redefined [enabled by default]
 #define VERSION "svn-r92"
 ^
conftest.c:9:0: note: this is the location of the previous definition
 #define VERSION ""
 ^
configure:19254: $? = 0
configure:19254: ./conftest
configure:19254: $? = 0
configure:19264: result: yes
configure:19285: checking for working memcmp
configure:19328: gcc -o conftest -g -O2   conftest.c  >&5
conftest.c:12:0: warning: "VERSION" redefined [enabled by default]
 #define VERSION "svn-r92"
 ^
conftest.c:9:0: note: this is the location of the previous definition
 #define VERSION ""
 ^
configure:19328: $? = 0
configure:19328: ./conftest
configure:19328: $? = 0
configure:19338: result: yes
configure:19472: checking whether to compile with PAM support
configure:19616: checking whether to compile with SSL support
configure:19650: result: trying /usr/local/ssl/lib /usr/local/ssl/include
configure:19661: checking for openssl
configure:19679: found /usr/bin/openssl
configure:19692: result: /usr/bin/openssl
configure:19707: checking for CRYPTO_lock in -lcrypto
configure:19732: gcc -o conftest -g -O2 -D_XOPEN_SOURCE=600 -D_BSD_SOURCE -I/usr/local/ssl/include   -rdynamic conftest.c -lcrypto   -L/usr/local/ssl/lib >&5
conftest.c:12:0: warning: "VERSION" redefined [enabled by default]
 #define VERSION "svn-r92"
 ^
conftest.c:9:0: note: this is the location of the previous definition
 #define VERSION ""
 ^
configure:19732: $? = 0
configure:19741: result: yes
configure:19745: checking for SSL_library_init in -lssl
configure:19770: gcc -o conftest -g -O2 -D_XOPEN_SOURCE=600 -D_BSD_SOURCE -I/usr/local/ssl/include   -rdynamic conftest.c -lssl   -L/usr/local/ssl/lib -lcrypto >&5
conftest.c:12:0: warning: "VERSION" redefined [enabled by default]
 #define VERSION "svn-r92"
 ^
conftest.c:9:0: note: this is the location of the previous definition
 #define VERSION ""
 ^
/usr/local/ssl/lib/libcrypto.a(dso_dlfcn.o): In function `dlfcn_globallookup':
dso_dlfcn.c:(.text+0x11): undefined reference to `dlopen'
dso_dlfcn.c:(.text+0x24): undefined reference to `dlsym'
dso_dlfcn.c:(.text+0x2f): undefined reference to `dlclose'
/usr/local/ssl/lib/libcrypto.a(dso_dlfcn.o): In function `dlfcn_bind_func':
dso_dlfcn.c:(.text+0x344): undefined reference to `dlsym'
dso_dlfcn.c:(.text+0x3eb): undefined reference to `dlerror'
/usr/local/ssl/lib/libcrypto.a(dso_dlfcn.o): In function `dlfcn_bind_var':
dso_dlfcn.c:(.text+0x464): undefined reference to `dlsym'
dso_dlfcn.c:(.text+0x50b): undefined reference to `dlerror'
/usr/local/ssl/lib/libcrypto.a(dso_dlfcn.o): In function `dlfcn_load':
dso_dlfcn.c:(.text+0x579): undefined reference to `dlopen'
dso_dlfcn.c:(.text+0x5db): undefined reference to `dlclose'
dso_dlfcn.c:(.text+0x613): undefined reference to `dlerror'
/usr/local/ssl/lib/libcrypto.a(dso_dlfcn.o): In function `dlfcn_pathbyaddr':
dso_dlfcn.c:(.text+0x69f): undefined reference to `dladdr'
dso_dlfcn.c:(.text+0x701): undefined reference to `dlerror'
/usr/local/ssl/lib/libcrypto.a(dso_dlfcn.o): In function `dlfcn_unload':
dso_dlfcn.c:(.text+0x752): undefined reference to `dlclose'
collect2: error: ld returned 1 exit status
configure:19770: $? = 1
configure: failed program was:
| /* confdefs.h */
| #define PACKAGE_NAME "opensmppbox"
| #define PACKAGE_TARNAME "opensmppbox"
| #define PACKAGE_VERSION "svn"
| #define PACKAGE_STRING "opensmppbox svn"
| #define PACKAGE_BUGREPORT "devel@kannel.org"
| #define PACKAGE_URL ""
| #define PACKAGE ""
| #define VERSION ""
| #define GW_NAME "OpenSMPPBox"
| #define GW_VERSION "svn-r92"
| #define VERSION "svn-r92"
| #define STDC_HEADERS 1
| #define HAVE_SYS_TYPES_H 1
| #define HAVE_SYS_STAT_H 1
| #define HAVE_STDLIB_H 1
| #define HAVE_STRING_H 1
| #define HAVE_MEMORY_H 1
| #define HAVE_STRINGS_H 1
| #define HAVE_INTTYPES_H 1
| #define HAVE_STDINT_H 1
| #define HAVE_UNISTD_H 1
| #define HAVE_DLFCN_H 1
| #define HAVE_DIRENT_H 1
| #define STDC_HEADERS 1
| #define HAVE_SYS_WAIT_H 1
| #define HAVE_STDLIB_H 1
| #define HAVE_MALLOC 1
| /* end confdefs.h.  */
| 
| /* Override any GCC internal prototype to avoid an error.
|    Use char because int might match the return type of a GCC
|    builtin and then its argument prototype would still apply.  */
| #ifdef __cplusplus
| extern "C"
| #endif
| char SSL_library_init ();
| int
| main ()
| {
| return SSL_library_init ();
|   ;
|   return 0;
| }
configure:19779: result: no
configure:19915: checking for jade
configure:19943: result: no
configure:19955: checking for openjade
configure:19983: result: no
configure:19996: checking for jadetex
configure:20024: result: no
configure:20034: checking for pdfjadetex
configure:20062: result: no
configure:20072: checking for dvips
configure:20100: result: no
configure:20110: checking for fig2dev
configure:20138: result: no
configure:20148: checking for convert
configure:20176: result: no
configure:20197: checking for /usr/lib/sgml/stylesheet/dsssl/docbook/nwalsh/html/docbook.dsl
configure:20211: result: no
configure:20197: checking for /usr/lib/sgml/stylesheets/nwalsh-modular/html/docbook.dsl
configure:20211: result: no
configure:20197: checking for /usr/share/dsssl/docbook-dsssl/html/docbook.dsl
configure:20211: result: no
configure:20197: checking for /usr/share/sgml/docbook/dsssl-stylesheets-1.*/html/docbook.dsl
configure:20211: result: no
configure:20197: checking for /usr/share/sgml/docbook/dsssl-stylesheets/html/docbook.dsl
configure:20211: result: no
configure:20197: checking for /usr/share/sgml/docbook/stylesheet/dsssl/modular/html/docbook.dsl
configure:20211: result: no
configure:20197: checking for /usr/share/sgml/docbook/dsssl/modular/html/docbook.dsl
configure:20211: result: no
configure:20197: checking for /usr/local/lib/sgml/stylesheet/dsssl/docbook/nwalsh/html/docbook.dsl
configure:20211: result: no
configure:20197: checking for /usr/local/lib/sgml/stylesheets/nwalsh-modular/html/docbook.dsl
configure:20211: result: no
configure:20197: checking for /usr/local/share/dsssl/docbook-dsssl/html/docbook.dsl
configure:20211: result: no
configure:20197: checking for /usr/local/share/sgml/docbook/dsssl-stylesheets-1.*/html/docbook.dsl
configure:20211: result: no
configure:20197: checking for /usr/local/share/sgml/docbook/dsssl-stylesheets/html/docbook.dsl
configure:20211: result: no
configure:20197: checking for /usr/local/share/sgml/docbook/stylesheet/dsssl/modular/html/docbook.dsl
configure:20211: result: no
configure:20197: checking for /usr/local/share/sgml/docbook/dsssl/modular/html/docbook.dsl
configure:20211: result: no
configure:20197: checking for /opt/local/lib/sgml/stylesheet/dsssl/docbook/nwalsh/html/docbook.dsl
configure:20211: result: no
configure:20197: checking for /opt/local/lib/sgml/stylesheets/nwalsh-modular/html/docbook.dsl
configure:20211: result: no
configure:20197: checking for /opt/local/share/dsssl/docbook-dsssl/html/docbook.dsl
configure:20211: result: no
configure:20197: checking for /opt/local/share/sgml/docbook/dsssl-stylesheets-1.*/html/docbook.dsl
configure:20211: result: no
configure:20197: checking for /opt/local/share/sgml/docbook/dsssl-stylesheets/html/docbook.dsl
configure:20211: result: no
configure:20197: checking for /opt/local/share/sgml/docbook/stylesheet/dsssl/modular/html/docbook.dsl
configure:20211: result: no
configure:20197: checking for /opt/local/share/sgml/docbook/dsssl/modular/html/docbook.dsl
configure:20211: result: no
configure:20234: checking for /usr/lib/sgml/stylesheet/dsssl/docbook/nwalsh/print/docbook.dsl
configure:20248: result: no
configure:20234: checking for /usr/lib/sgml/stylesheets/nwalsh-modular/print/docbook.dsl
configure:20248: result: no
configure:20234: checking for /usr/share/dsssl/docbook-dsssl/print/docbook.dsl
configure:20248: result: no
configure:20234: checking for /usr/share/sgml/docbook/dsssl-stylesheets-1.*/print/docbook.dsl
configure:20248: result: no
configure:20234: checking for /usr/share/sgml/docbook/dsssl-stylesheets/print/docbook.dsl
configure:20248: result: no
configure:20234: checking for /usr/share/sgml/docbook/stylesheet/dsssl/modular/print/docbook.dsl
configure:20248: result: no
configure:20234: checking for /usr/share/sgml/docbook/dsssl/modular/print/docbook.dsl
configure:20248: result: no
configure:20234: checking for /usr/local/lib/sgml/stylesheet/dsssl/docbook/nwalsh/print/docbook.dsl
configure:20248: result: no
configure:20234: checking for /usr/local/lib/sgml/stylesheets/nwalsh-modular/print/docbook.dsl
configure:20248: result: no
configure:20234: checking for /usr/local/share/dsssl/docbook-dsssl/print/docbook.dsl
configure:20248: result: no
configure:20234: checking for /usr/local/share/sgml/docbook/dsssl-stylesheets-1.*/print/docbook.dsl
configure:20248: result: no
configure:20234: checking for /usr/local/share/sgml/docbook/dsssl-stylesheets/print/docbook.dsl
configure:20248: result: no
configure:20234: checking for /usr/local/share/sgml/docbook/stylesheet/dsssl/modular/print/docbook.dsl
configure:20248: result: no
configure:20234: checking for /usr/local/share/sgml/docbook/dsssl/modular/print/docbook.dsl
configure:20248: result: no
configure:20234: checking for /opt/local/lib/sgml/stylesheet/dsssl/docbook/nwalsh/print/docbook.dsl
configure:20248: result: no
configure:20234: checking for /opt/local/lib/sgml/stylesheets/nwalsh-modular/print/docbook.dsl
configure:20248: result: no
configure:20234: checking for /opt/local/share/dsssl/docbook-dsssl/print/docbook.dsl
configure:20248: result: no
configure:20234: checking for /opt/local/share/sgml/docbook/dsssl-stylesheets-1.*/print/docbook.dsl
configure:20248: result: no
configure:20234: checking for /opt/local/share/sgml/docbook/dsssl-stylesheets/print/docbook.dsl
configure:20248: result: no
configure:20234: checking for /opt/local/share/sgml/docbook/stylesheet/dsssl/modular/print/docbook.dsl
configure:20248: result: no
configure:20234: checking for /opt/local/share/sgml/docbook/dsssl/modular/print/docbook.dsl
configure:20248: result: no
configure:20272: checking for /usr/lib/sgml/stylesheet/dsssl/docbook/nwalsh/dtds/decls/xml.dcl
configure:20286: result: no
configure:20272: checking for /usr/lib/sgml/stylesheets/nwalsh-modular/dtds/decls/xml.dcl
configure:20286: result: no
configure:20272: checking for /usr/share/sgml/docbook/dsssl-stylesheets-1.*/dtds/decls/xml.dcl
configure:20286: result: no
configure:20272: checking for /usr/share/sgml/docbook/dsssl-stylesheets/dtds/decls/xml.dcl
configure:20286: result: no
configure:20272: checking for /usr/share/sgml/docbook/stylesheet/dsssl/modular/dtds/decls/xml.dcl
configure:20286: result: no
configure:20272: checking for /usr/share/sgml/docbook/dsssl/modular/dtds/decls/xml.dcl
configure:20286: result: no
configure:20272: checking for /usr/share/sgml/dsssl/docbook-dsssl-nwalsh/dtds/decls/xml.dcl
configure:20286: result: no
configure:20272: checking for /usr/share/dsssl/docbook-dsssl/dtds/decls/xml.dcl
configure:20286: result: no
configure:20272: checking for /usr/local/lib/sgml/stylesheet/dsssl/docbook/nwalsh/dtds/decls/xml.dcl
configure:20286: result: no
configure:20272: checking for /usr/local/lib/sgml/stylesheets/nwalsh-modular/dtds/decls/xml.dcl
configure:20286: result: no
configure:20272: checking for /usr/local/share/sgml/docbook/dsssl-stylesheets-1.*/dtds/decls/xml.dcl
configure:20286: result: no
configure:20272: checking for /usr/local/share/sgml/docbook/dsssl-stylesheets/dtds/decls/xml.dcl
configure:20286: result: no
configure:20272: checking for /usr/local/share/sgml/docbook/stylesheet/dsssl/modular/dtds/decls/xml.dcl
configure:20286: result: no
configure:20272: checking for /usr/local/share/sgml/docbook/dsssl/modular/dtds/decls/xml.dcl
configure:20286: result: no
configure:20272: checking for /usr/local/share/sgml/dsssl/docbook-dsssl-nwalsh/dtds/decls/xml.dcl
configure:20286: result: no
configure:20272: checking for /usr/local/share/dsssl/docbook-dsssl/dtds/decls/xml.dcl
configure:20286: result: no
configure:20272: checking for /sw/lib/sgml/stylesheet/dsssl/docbook/nwalsh/dtds/decls/xml.dcl
configure:20286: result: no
configure:20272: checking for /sw/lib/sgml/stylesheets/nwalsh-modular/dtds/decls/xml.dcl
configure:20286: result: no
configure:20272: checking for /sw/share/sgml/docbook/dsssl-stylesheets-1.*/dtds/decls/xml.dcl
configure:20286: result: no
configure:20272: checking for /sw/share/sgml/docbook/dsssl-stylesheets/dtds/decls/xml.dcl
configure:20286: result: no
configure:20272: checking for /sw/share/sgml/docbook/stylesheet/dsssl/modular/dtds/decls/xml.dcl
configure:20286: result: no
configure:20272: checking for /sw/share/sgml/docbook/dsssl/modular/dtds/decls/xml.dcl
configure:20286: result: no
configure:20272: checking for /sw/share/sgml/dsssl/docbook-dsssl-nwalsh/dtds/decls/xml.dcl
configure:20286: result: no
configure:20272: checking for /sw/share/dsssl/docbook-dsssl/dtds/decls/xml.dcl
configure:20286: result: no
configure:20272: checking for /opt/local/lib/sgml/stylesheet/dsssl/docbook/nwalsh/dtds/decls/xml.dcl
configure:20286: result: no
configure:20272: checking for /opt/local/lib/sgml/stylesheets/nwalsh-modular/dtds/decls/xml.dcl
configure:20286: result: no
configure:20272: checking for /opt/local/share/sgml/docbook/dsssl-stylesheets-1.*/dtds/decls/xml.dcl
configure:20286: result: no
configure:20272: checking for /opt/local/share/sgml/docbook/dsssl-stylesheets/dtds/decls/xml.dcl
configure:20286: result: no
configure:20272: checking for /opt/local/share/sgml/docbook/stylesheet/dsssl/modular/dtds/decls/xml.dcl
configure:20286: result: no
configure:20272: checking for /opt/local/share/sgml/docbook/dsssl/modular/dtds/decls/xml.dcl
configure:20286: result: no
configure:20272: checking for /opt/local/share/sgml/dsssl/docbook-dsssl-nwalsh/dtds/decls/xml.dcl
configure:20286: result: no
configure:20272: checking for /opt/local/share/dsssl/docbook-dsssl/dtds/decls/xml.dcl
configure:20286: result: no
configure:20328: result: Not building documentation.
configure:20359: checking for Ct-Lib support
configure:20442: result: no
configure:20450: checking for FreeTDS Ct-Lib support
configure:20533: result: no
configure:20555: checking for gw-config
configure:20574: found /usr/local/bin/gw-config
configure:20587: result: /usr/local/bin/gw-config
configure:20633: checking Kannel version
configure:20636: result: svn-r5239M
configure:20638: checking Kannel libs
configure:20643: result: -L/usr/local/lib/kannel -lgw -lwap -lgwlib -lmysqlclient_r -lssl -lrt -lresolv -lnsl -lm  -lpthread -lxml2 -lz -lm -ldl -L/usr/lib/gcc/x86_64-redhat-linux/4.8.5/../../../../lib64 -lcrypto -lssl -L/usr/lib64  -lmysqlclient -lpthread -lz -lm -ldl -lssl -lcrypto 
configure:20646: checking Kannel includes
configure:20651: result: -I/usr/local/include/kannel -g -O2 -D_XOPEN_SOURCE=600 -D_BSD_SOURCE -D_DEFAULT_SOURCE -D_LARGE_FILES= -I/usr/include/libxml2 -I/usr/local/ssl/include -I/usr/include/mysql
configure:20656: checking for cfg_create in -lgwlib
configure:20681: gcc -o conftest -g -O2 -D_XOPEN_SOURCE=600 -D_BSD_SOURCE -I/usr/local/ssl/include -I/usr/local/include/kannel -g -O2 -D_XOPEN_SOURCE=600 -D_BSD_SOURCE -D_DEFAULT_SOURCE -D_LARGE_FILES= -I/usr/include/libxml2 -I/usr/local/ssl/include -I/usr/include/mysql   -rdynamic conftest.c -lgwlib   -L/usr/local/ssl/lib -lcrypto -L/usr/local/lib/kannel -lgw -lwap -lgwlib -lmysqlclient_r -lssl -lrt -lresolv -lnsl -lm  -lpthread -lxml2 -lz -lm -ldl -L/usr/lib/gcc/x86_64-redhat-linux/4.8.5/../../../../lib64 -lcrypto -lssl -L/usr/lib64  -lmysqlclient -lpthread -lz -lm -ldl -lssl -lcrypto  >&5
conftest.c:12:0: warning: "VERSION" redefined [enabled by default]
 #define VERSION "svn-r92"
 ^
conftest.c:9:0: note: this is the location of the previous definition
 #define VERSION ""
 ^
configure:20681: $? = 0
configure:20690: result: yes
configure:20704: checking for Kannel's DB support
configure:20723: gcc -o conftest -g -O2 -D_XOPEN_SOURCE=600 -D_BSD_SOURCE -I/usr/local/ssl/include -I/usr/local/include/kannel -g -O2 -D_XOPEN_SOURCE=600 -D_BSD_SOURCE -D_DEFAULT_SOURCE -D_LARGE_FILES= -I/usr/include/libxml2 -I/usr/local/ssl/include -I/usr/include/mysql   -rdynamic conftest.c -lgwlib  -L/usr/local/ssl/lib -lcrypto -L/usr/local/lib/kannel -lgw -lwap -lgwlib -lmysqlclient_r -lssl -lrt -lresolv -lnsl -lm  -lpthread -lxml2 -lz -lm -ldl -L/usr/lib/gcc/x86_64-redhat-linux/4.8.5/../../../../lib64 -lcrypto -lssl -L/usr/lib64  -lmysqlclient -lpthread -lz -lm -ldl -lssl -lcrypto  >&5
conftest.c:12:0: warning: "VERSION" redefined [enabled by default]
 #define VERSION "svn-r92"
 ^
conftest.c:9:0: note: this is the location of the previous definition
 #define VERSION ""
 ^
In file included from conftest.c:31:0:
/usr/local/include/kannel/gw-config.h:108:0: warning: "GW_NAME" redefined [enabled by default]
 #define GW_NAME "Kannel"
 ^
conftest.c:10:0: note: this is the location of the previous definition
 #define GW_NAME "OpenSMPPBox"
 ^
In file included from conftest.c:31:0:
/usr/local/include/kannel/gw-config.h:111:0: warning: "GW_VERSION" redefined [enabled by default]
 #define GW_VERSION "svn-r5239M"
 ^
conftest.c:11:0: note: this is the location of the previous definition
 #define GW_VERSION "svn-r92"
 ^
conftest.c:36:3: error: unknown type name 'exit'
   exit(1);
   ^
conftest.c:37:1: error: expected declaration specifiers or '...' before '}' token
 }
 ^
conftest.c:37:1: error: expected ';', ',' or ')' before '}' token
configure:20723: $? = 1
configure: program exited with status 1
configure: failed program was:
| /* confdefs.h */
| #define PACKAGE_NAME "opensmppbox"
| #define PACKAGE_TARNAME "opensmppbox"
| #define PACKAGE_VERSION "svn"
| #define PACKAGE_STRING "opensmppbox svn"
| #define PACKAGE_BUGREPORT "devel@kannel.org"
| #define PACKAGE_URL ""
| #define PACKAGE ""
| #define VERSION ""
| #define GW_NAME "OpenSMPPBox"
| #define GW_VERSION "svn-r92"
| #define VERSION "svn-r92"
| #define STDC_HEADERS 1
| #define HAVE_SYS_TYPES_H 1
| #define HAVE_SYS_STAT_H 1
| #define HAVE_STDLIB_H 1
| #define HAVE_STRING_H 1
| #define HAVE_MEMORY_H 1
| #define HAVE_STRINGS_H 1
| #define HAVE_INTTYPES_H 1
| #define HAVE_STDINT_H 1
| #define HAVE_UNISTD_H 1
| #define HAVE_DLFCN_H 1
| #define HAVE_DIRENT_H 1
| #define STDC_HEADERS 1
| #define HAVE_SYS_WAIT_H 1
| #define HAVE_STDLIB_H 1
| #define HAVE_MALLOC 1
| #define HAVE_LIBGWLIB 1
| /* end confdefs.h.  */
| #include "gw-config.h"
| int main(
| #if defined(HAVE_SQLITE3)
|   exit(0);
| #endif
|   exit(1);
| }
configure:20752: gcc -o conftest -g -O2 -D_XOPEN_SOURCE=600 -D_BSD_SOURCE -I/usr/local/ssl/include -I/usr/local/include/kannel -g -O2 -D_XOPEN_SOURCE=600 -D_BSD_SOURCE -D_DEFAULT_SOURCE -D_LARGE_FILES= -I/usr/include/libxml2 -I/usr/local/ssl/include -I/usr/include/mysql   -rdynamic conftest.c -lgwlib  -L/usr/local/ssl/lib -lcrypto -L/usr/local/lib/kannel -lgw -lwap -lgwlib -lmysqlclient_r -lssl -lrt -lresolv -lnsl -lm  -lpthread -lxml2 -lz -lm -ldl -L/usr/lib/gcc/x86_64-redhat-linux/4.8.5/../../../../lib64 -lcrypto -lssl -L/usr/lib64  -lmysqlclient -lpthread -lz -lm -ldl -lssl -lcrypto  >&5
conftest.c:12:0: warning: "VERSION" redefined [enabled by default]
 #define VERSION "svn-r92"
 ^
conftest.c:9:0: note: this is the location of the previous definition
 #define VERSION ""
 ^
In file included from conftest.c:31:0:
/usr/local/include/kannel/gw-config.h:108:0: warning: "GW_NAME" redefined [enabled by default]
 #define GW_NAME "Kannel"
 ^
conftest.c:10:0: note: this is the location of the previous definition
 #define GW_NAME "OpenSMPPBox"
 ^
In file included from conftest.c:31:0:
/usr/local/include/kannel/gw-config.h:111:0: warning: "GW_VERSION" redefined [enabled by default]
 #define GW_VERSION "svn-r5239M"
 ^
conftest.c:11:0: note: this is the location of the previous definition
 #define GW_VERSION "svn-r92"
 ^
conftest.c: In function 'main':
conftest.c:36:3: warning: incompatible implicit declaration of built-in function 'exit' [enabled by default]
   exit(1);
   ^
configure:20752: $? = 0
configure:20752: ./conftest
configure:20752: $? = 1
configure: program exited with status 1
configure: failed program was:
| /* confdefs.h */
| #define PACKAGE_NAME "opensmppbox"
| #define PACKAGE_TARNAME "opensmppbox"
| #define PACKAGE_VERSION "svn"
| #define PACKAGE_STRING "opensmppbox svn"
| #define PACKAGE_BUGREPORT "devel@kannel.org"
| #define PACKAGE_URL ""
| #define PACKAGE ""
| #define VERSION ""
| #define GW_NAME "OpenSMPPBox"
| #define GW_VERSION "svn-r92"
| #define VERSION "svn-r92"
| #define STDC_HEADERS 1
| #define HAVE_SYS_TYPES_H 1
| #define HAVE_SYS_STAT_H 1
| #define HAVE_STDLIB_H 1
| #define HAVE_STRING_H 1
| #define HAVE_MEMORY_H 1
| #define HAVE_STRINGS_H 1
| #define HAVE_INTTYPES_H 1
| #define HAVE_STDINT_H 1
| #define HAVE_UNISTD_H 1
| #define HAVE_DLFCN_H 1
| #define HAVE_DIRENT_H 1
| #define STDC_HEADERS 1
| #define HAVE_SYS_WAIT_H 1
| #define HAVE_STDLIB_H 1
| #define HAVE_MALLOC 1
| #define HAVE_LIBGWLIB 1
| /* end confdefs.h.  */
| #include "gw-config.h"
| int main(void){
| #if defined(HAVE_SQLITE)
|   exit(0);
| #endif
|   exit(1);
| }
configure:20781: gcc -o conftest -g -O2 -D_XOPEN_SOURCE=600 -D_BSD_SOURCE -I/usr/local/ssl/include -I/usr/local/include/kannel -g -O2 -D_XOPEN_SOURCE=600 -D_BSD_SOURCE -D_DEFAULT_SOURCE -D_LARGE_FILES= -I/usr/include/libxml2 -I/usr/local/ssl/include -I/usr/include/mysql   -rdynamic conftest.c -lgwlib  -L/usr/local/ssl/lib -lcrypto -L/usr/local/lib/kannel -lgw -lwap -lgwlib -lmysqlclient_r -lssl -lrt -lresolv -lnsl -lm  -lpthread -lxml2 -lz -lm -ldl -L/usr/lib/gcc/x86_64-redhat-linux/4.8.5/../../../../lib64 -lcrypto -lssl -L/usr/lib64  -lmysqlclient -lpthread -lz -lm -ldl -lssl -lcrypto  >&5
conftest.c:12:0: warning: "VERSION" redefined [enabled by default]
 #define VERSION "svn-r92"
 ^
conftest.c:9:0: note: this is the location of the previous definition
 #define VERSION ""
 ^
In file included from conftest.c:31:0:
/usr/local/include/kannel/gw-config.h:108:0: warning: "GW_NAME" redefined [enabled by default]
 #define GW_NAME "Kannel"
 ^
conftest.c:10:0: note: this is the location of the previous definition
 #define GW_NAME "OpenSMPPBox"
 ^
In file included from conftest.c:31:0:
/usr/local/include/kannel/gw-config.h:111:0: warning: "GW_VERSION" redefined [enabled by default]
 #define GW_VERSION "svn-r5239M"
 ^
conftest.c:11:0: note: this is the location of the previous definition
 #define GW_VERSION "svn-r92"
 ^
conftest.c: In function 'main':
conftest.c:36:3: warning: incompatible implicit declaration of built-in function 'exit' [enabled by default]
   exit(1);
   ^
configure:20781: $? = 0
configure:20781: ./conftest
configure:20781: $? = 1
configure: program exited with status 1
configure: failed program was:
| /* confdefs.h */
| #define PACKAGE_NAME "opensmppbox"
| #define PACKAGE_TARNAME "opensmppbox"
| #define PACKAGE_VERSION "svn"
| #define PACKAGE_STRING "opensmppbox svn"
| #define PACKAGE_BUGREPORT "devel@kannel.org"
| #define PACKAGE_URL ""
| #define PACKAGE ""
| #define VERSION ""
| #define GW_NAME "OpenSMPPBox"
| #define GW_VERSION "svn-r92"
| #define VERSION "svn-r92"
| #define STDC_HEADERS 1
| #define HAVE_SYS_TYPES_H 1
| #define HAVE_SYS_STAT_H 1
| #define HAVE_STDLIB_H 1
| #define HAVE_STRING_H 1
| #define HAVE_MEMORY_H 1
| #define HAVE_STRINGS_H 1
| #define HAVE_INTTYPES_H 1
| #define HAVE_STDINT_H 1
| #define HAVE_UNISTD_H 1
| #define HAVE_DLFCN_H 1
| #define HAVE_DIRENT_H 1
| #define STDC_HEADERS 1
| #define HAVE_SYS_WAIT_H 1
| #define HAVE_STDLIB_H 1
| #define HAVE_MALLOC 1
| #define HAVE_LIBGWLIB 1
| /* end confdefs.h.  */
| #include "gw-config.h"
| int main(void){
| #if defined(HAVE_PGSQL)
|   exit(0);
| #endif
|   exit(1);
| }
configure:20810: gcc -o conftest -g -O2 -D_XOPEN_SOURCE=600 -D_BSD_SOURCE -I/usr/local/ssl/include -I/usr/local/include/kannel -g -O2 -D_XOPEN_SOURCE=600 -D_BSD_SOURCE -D_DEFAULT_SOURCE -D_LARGE_FILES= -I/usr/include/libxml2 -I/usr/local/ssl/include -I/usr/include/mysql   -rdynamic conftest.c -lgwlib  -L/usr/local/ssl/lib -lcrypto -L/usr/local/lib/kannel -lgw -lwap -lgwlib -lmysqlclient_r -lssl -lrt -lresolv -lnsl -lm  -lpthread -lxml2 -lz -lm -ldl -L/usr/lib/gcc/x86_64-redhat-linux/4.8.5/../../../../lib64 -lcrypto -lssl -L/usr/lib64  -lmysqlclient -lpthread -lz -lm -ldl -lssl -lcrypto  >&5
conftest.c:12:0: warning: "VERSION" redefined [enabled by default]
 #define VERSION "svn-r92"
 ^
conftest.c:9:0: note: this is the location of the previous definition
 #define VERSION ""
 ^
In file included from conftest.c:31:0:
/usr/local/include/kannel/gw-config.h:108:0: warning: "GW_NAME" redefined [enabled by default]
 #define GW_NAME "Kannel"
 ^
conftest.c:10:0: note: this is the location of the previous definition
 #define GW_NAME "OpenSMPPBox"
 ^
In file included from conftest.c:31:0:
/usr/local/include/kannel/gw-config.h:111:0: warning: "GW_VERSION" redefined [enabled by default]
 #define GW_VERSION "svn-r5239M"
 ^
conftest.c:11:0: note: this is the location of the previous definition
 #define GW_VERSION "svn-r92"
 ^
conftest.c: In function 'main':
conftest.c:36:3: warning: incompatible implicit declaration of built-in function 'exit' [enabled by default]
   exit(1);
   ^
configure:20810: $? = 0
configure:20810: ./conftest
configure:20810: $? = 1
configure: program exited with status 1
configure: failed program was:
| /* confdefs.h */
| #define PACKAGE_NAME "opensmppbox"
| #define PACKAGE_TARNAME "opensmppbox"
| #define PACKAGE_VERSION "svn"
| #define PACKAGE_STRING "opensmppbox svn"
| #define PACKAGE_BUGREPORT "devel@kannel.org"
| #define PACKAGE_URL ""
| #define PACKAGE ""
| #define VERSION ""
| #define GW_NAME "OpenSMPPBox"
| #define GW_VERSION "svn-r92"
| #define VERSION "svn-r92"
| #define STDC_HEADERS 1
| #define HAVE_SYS_TYPES_H 1
| #define HAVE_SYS_STAT_H 1
| #define HAVE_STDLIB_H 1
| #define HAVE_STRING_H 1
| #define HAVE_MEMORY_H 1
| #define HAVE_STRINGS_H 1
| #define HAVE_INTTYPES_H 1
| #define HAVE_STDINT_H 1
| #define HAVE_UNISTD_H 1
| #define HAVE_DLFCN_H 1
| #define HAVE_DIRENT_H 1
| #define STDC_HEADERS 1
| #define HAVE_SYS_WAIT_H 1
| #define HAVE_STDLIB_H 1
| #define HAVE_MALLOC 1
| #define HAVE_LIBGWLIB 1
| /* end confdefs.h.  */
| #include "gw-config.h"
| int main(void){
| #if defined(HAVE_ORACLE)
|   exit(0);
| #endif
|   exit(1);
| }
configure:20839: gcc -o conftest -g -O2 -D_XOPEN_SOURCE=600 -D_BSD_SOURCE -I/usr/local/ssl/include -I/usr/local/include/kannel -g -O2 -D_XOPEN_SOURCE=600 -D_BSD_SOURCE -D_DEFAULT_SOURCE -D_LARGE_FILES= -I/usr/include/libxml2 -I/usr/local/ssl/include -I/usr/include/mysql   -rdynamic conftest.c -lgwlib  -L/usr/local/ssl/lib -lcrypto -L/usr/local/lib/kannel -lgw -lwap -lgwlib -lmysqlclient_r -lssl -lrt -lresolv -lnsl -lm  -lpthread -lxml2 -lz -lm -ldl -L/usr/lib/gcc/x86_64-redhat-linux/4.8.5/../../../../lib64 -lcrypto -lssl -L/usr/lib64  -lmysqlclient -lpthread -lz -lm -ldl -lssl -lcrypto  >&5
conftest.c:12:0: warning: "VERSION" redefined [enabled by default]
 #define VERSION "svn-r92"
 ^
conftest.c:9:0: note: this is the location of the previous definition
 #define VERSION ""
 ^
In file included from conftest.c:31:0:
/usr/local/include/kannel/gw-config.h:108:0: warning: "GW_NAME" redefined [enabled by default]
 #define GW_NAME "Kannel"
 ^
conftest.c:10:0: note: this is the location of the previous definition
 #define GW_NAME "OpenSMPPBox"
 ^
In file included from conftest.c:31:0:
/usr/local/include/kannel/gw-config.h:111:0: warning: "GW_VERSION" redefined [enabled by default]
 #define GW_VERSION "svn-r5239M"
 ^
conftest.c:11:0: note: this is the location of the previous definition
 #define GW_VERSION "svn-r92"
 ^
conftest.c: In function 'main':
conftest.c:34:3: warning: incompatible implicit declaration of built-in function 'exit' [enabled by default]
   exit(0);
   ^
configure:20839: $? = 0
configure:20839: ./conftest
configure:20839: $? = 0
configure:20868: gcc -o conftest -g -O2 -D_XOPEN_SOURCE=600 -D_BSD_SOURCE -I/usr/local/ssl/include -I/usr/local/include/kannel -g -O2 -D_XOPEN_SOURCE=600 -D_BSD_SOURCE -D_DEFAULT_SOURCE -D_LARGE_FILES= -I/usr/include/libxml2 -I/usr/local/ssl/include -I/usr/include/mysql   -rdynamic conftest.c -lgwlib  -L/usr/local/ssl/lib -lcrypto -L/usr/local/lib/kannel -lgw -lwap -lgwlib -lmysqlclient_r -lssl -lrt -lresolv -lnsl -lm  -lpthread -lxml2 -lz -lm -ldl -L/usr/lib/gcc/x86_64-redhat-linux/4.8.5/../../../../lib64 -lcrypto -lssl -L/usr/lib64  -lmysqlclient -lpthread -lz -lm -ldl -lssl -lcrypto  >&5
conftest.c:12:0: warning: "VERSION" redefined [enabled by default]
 #define VERSION "svn-r92"
 ^
conftest.c:9:0: note: this is the location of the previous definition
 #define VERSION ""
 ^
In file included from conftest.c:31:0:
/usr/local/include/kannel/gw-config.h:108:0: warning: "GW_NAME" redefined [enabled by default]
 #define GW_NAME "Kannel"
 ^
conftest.c:10:0: note: this is the location of the previous definition
 #define GW_NAME "OpenSMPPBox"
 ^
In file included from conftest.c:31:0:
/usr/local/include/kannel/gw-config.h:111:0: warning: "GW_VERSION" redefined [enabled by default]
 #define GW_VERSION "svn-r5239M"
 ^
conftest.c:11:0: note: this is the location of the previous definition
 #define GW_VERSION "svn-r92"
 ^
conftest.c: In function 'main':
conftest.c:36:3: warning: incompatible implicit declaration of built-in function 'exit' [enabled by default]
   exit(1);
   ^
configure:20868: $? = 0
configure:20868: ./conftest
configure:20868: $? = 1
configure: program exited with status 1
configure: failed program was:
| /* confdefs.h */
| #define PACKAGE_NAME "opensmppbox"
| #define PACKAGE_TARNAME "opensmppbox"
| #define PACKAGE_VERSION "svn"
| #define PACKAGE_STRING "opensmppbox svn"
| #define PACKAGE_BUGREPORT "devel@kannel.org"
| #define PACKAGE_URL ""
| #define PACKAGE ""
| #define VERSION ""
| #define GW_NAME "OpenSMPPBox"
| #define GW_VERSION "svn-r92"
| #define VERSION "svn-r92"
| #define STDC_HEADERS 1
| #define HAVE_SYS_TYPES_H 1
| #define HAVE_SYS_STAT_H 1
| #define HAVE_STDLIB_H 1
| #define HAVE_STRING_H 1
| #define HAVE_MEMORY_H 1
| #define HAVE_STRINGS_H 1
| #define HAVE_INTTYPES_H 1
| #define HAVE_STDINT_H 1
| #define HAVE_UNISTD_H 1
| #define HAVE_DLFCN_H 1
| #define HAVE_DIRENT_H 1
| #define STDC_HEADERS 1
| #define HAVE_SYS_WAIT_H 1
| #define HAVE_STDLIB_H 1
| #define HAVE_MALLOC 1
| #define HAVE_LIBGWLIB 1
| /* end confdefs.h.  */
| #include "gw-config.h"
| int main(void){
| #if defined(HAVE_SDB)
|   exit(0);
| #endif
|   exit(1);
| }
configure:21014: creating ./config.status

## ---------------------- ##
## Running config.status. ##
## ---------------------- ##

This file was extended by opensmppbox config.status svn, which was
generated by GNU Autoconf 2.69.  Invocation command line was

  CONFIG_FILES    = 
  CONFIG_HEADERS  = 
  CONFIG_LINKS    = 
  CONFIG_COMMANDS = 
  $ ./config.status 

on synq

config.status:904: creating Makefile
config.status:904: creating gw/Makefile
config.status:904: creating rpm/opensmppbox.spec
config.status:904: creating sb-config.h
config.status:1126: executing depfiles commands

## ---------------- ##
## Cache variables. ##
## ---------------- ##

ac_cv_build=x86_64-redhat-linux-gnu
ac_cv_c_compiler_gnu=yes
ac_cv_c_const=yes
ac_cv_c_volatile=yes
ac_cv_cxx_compiler_gnu=no
ac_cv_env_CCC_set=
ac_cv_env_CCC_value=
ac_cv_env_CC_set=
ac_cv_env_CC_value=
ac_cv_env_CFLAGS_set=
ac_cv_env_CFLAGS_value=
ac_cv_env_CPPFLAGS_set=
ac_cv_env_CPPFLAGS_value=
ac_cv_env_CPP_set=
ac_cv_env_CPP_value=
ac_cv_env_CXXCPP_set=
ac_cv_env_CXXCPP_value=
ac_cv_env_CXXFLAGS_set=
ac_cv_env_CXXFLAGS_value=
ac_cv_env_CXX_set=
ac_cv_env_CXX_value=
ac_cv_env_F77_set=
ac_cv_env_F77_value=
ac_cv_env_FFLAGS_set=
ac_cv_env_FFLAGS_value=
ac_cv_env_LDFLAGS_set=
ac_cv_env_LDFLAGS_value=
ac_cv_env_LIBS_set=
ac_cv_env_LIBS_value=
ac_cv_env_build_alias_set=
ac_cv_env_build_alias_value=
ac_cv_env_host_alias_set=
ac_cv_env_host_alias_value=
ac_cv_env_target_alias_set=
ac_cv_env_target_alias_value=
ac_cv_f77_compiler_gnu=no
ac_cv_file__opt_local_lib_sgml_stylesheet_dsssl_docbook_nwalsh_dtds_decls_xml_dcl=no
ac_cv_file__opt_local_lib_sgml_stylesheet_dsssl_docbook_nwalsh_html_docbook_dsl=no
ac_cv_file__opt_local_lib_sgml_stylesheet_dsssl_docbook_nwalsh_print_docbook_dsl=no
ac_cv_file__opt_local_lib_sgml_stylesheets_nwalsh_modular_dtds_decls_xml_dcl=no
ac_cv_file__opt_local_lib_sgml_stylesheets_nwalsh_modular_html_docbook_dsl=no
ac_cv_file__opt_local_lib_sgml_stylesheets_nwalsh_modular_print_docbook_dsl=no
ac_cv_file__opt_local_share_dsssl_docbook_dsssl_dtds_decls_xml_dcl=no
ac_cv_file__opt_local_share_dsssl_docbook_dsssl_html_docbook_dsl=no
ac_cv_file__opt_local_share_dsssl_docbook_dsssl_print_docbook_dsl=no
ac_cv_file__opt_local_share_sgml_docbook_dsssl_modular_dtds_decls_xml_dcl=no
ac_cv_file__opt_local_share_sgml_docbook_dsssl_modular_html_docbook_dsl=no
ac_cv_file__opt_local_share_sgml_docbook_dsssl_modular_print_docbook_dsl=no
ac_cv_file__opt_local_share_sgml_docbook_dsssl_stylesheets_1_p_dtds_decls_xml_dcl=no
ac_cv_file__opt_local_share_sgml_docbook_dsssl_stylesheets_1_p_html_docbook_dsl=no
ac_cv_file__opt_local_share_sgml_docbook_dsssl_stylesheets_1_p_print_docbook_dsl=no
ac_cv_file__opt_local_share_sgml_docbook_dsssl_stylesheets_dtds_decls_xml_dcl=no
ac_cv_file__opt_local_share_sgml_docbook_dsssl_stylesheets_html_docbook_dsl=no
ac_cv_file__opt_local_share_sgml_docbook_dsssl_stylesheets_print_docbook_dsl=no
ac_cv_file__opt_local_share_sgml_docbook_stylesheet_dsssl_modular_dtds_decls_xml_dcl=no
ac_cv_file__opt_local_share_sgml_docbook_stylesheet_dsssl_modular_html_docbook_dsl=no
ac_cv_file__opt_local_share_sgml_docbook_stylesheet_dsssl_modular_print_docbook_dsl=no
ac_cv_file__opt_local_share_sgml_dsssl_docbook_dsssl_nwalsh_dtds_decls_xml_dcl=no
ac_cv_file__sw_lib_sgml_stylesheet_dsssl_docbook_nwalsh_dtds_decls_xml_dcl=no
ac_cv_file__sw_lib_sgml_stylesheets_nwalsh_modular_dtds_decls_xml_dcl=no
ac_cv_file__sw_share_dsssl_docbook_dsssl_dtds_decls_xml_dcl=no
ac_cv_file__sw_share_sgml_docbook_dsssl_modular_dtds_decls_xml_dcl=no
ac_cv_file__sw_share_sgml_docbook_dsssl_stylesheets_1_p_dtds_decls_xml_dcl=no
ac_cv_file__sw_share_sgml_docbook_dsssl_stylesheets_dtds_decls_xml_dcl=no
ac_cv_file__sw_share_sgml_docbook_stylesheet_dsssl_modular_dtds_decls_xml_dcl=no
ac_cv_file__sw_share_sgml_dsssl_docbook_dsssl_nwalsh_dtds_decls_xml_dcl=no
ac_cv_file__usr_lib_sgml_stylesheet_dsssl_docbook_nwalsh_dtds_decls_xml_dcl=no
ac_cv_file__usr_lib_sgml_stylesheet_dsssl_docbook_nwalsh_html_docbook_dsl=no
ac_cv_file__usr_lib_sgml_stylesheet_dsssl_docbook_nwalsh_print_docbook_dsl=no
ac_cv_file__usr_lib_sgml_stylesheets_nwalsh_modular_dtds_decls_xml_dcl=no
ac_cv_file__usr_lib_sgml_stylesheets_nwalsh_modular_html_docbook_dsl=no
ac_cv_file__usr_lib_sgml_stylesheets_nwalsh_modular_print_docbook_dsl=no
ac_cv_file__usr_local_lib_sgml_stylesheet_dsssl_docbook_nwalsh_dtds_decls_xml_dcl=no
ac_cv_file__usr_local_lib_sgml_stylesheet_dsssl_docbook_nwalsh_html_docbook_dsl=no
ac_cv_file__usr_local_lib_sgml_stylesheet_dsssl_docbook_nwalsh_print_docbook_dsl=no
ac_cv_file__usr_local_lib_sgml_stylesheets_nwalsh_modular_dtds_decls_xml_dcl=no
ac_cv_file__usr_local_lib_sgml_stylesheets_nwalsh_modular_html_docbook_dsl=no
ac_cv_file__usr_local_lib_sgml_stylesheets_nwalsh_modular_print_docbook_dsl=no
ac_cv_file__usr_local_share_dsssl_docbook_dsssl_dtds_decls_xml_dcl=no
ac_cv_file__usr_local_share_dsssl_docbook_dsssl_html_docbook_dsl=no
ac_cv_file__usr_local_share_dsssl_docbook_dsssl_print_docbook_dsl=no
ac_cv_file__usr_local_share_sgml_docbook_dsssl_modular_dtds_decls_xml_dcl=no
ac_cv_file__usr_local_share_sgml_docbook_dsssl_modular_html_docbook_dsl=no
ac_cv_file__usr_local_share_sgml_docbook_dsssl_modular_print_docbook_dsl=no
ac_cv_file__usr_local_share_sgml_docbook_dsssl_stylesheets_1_p_dtds_decls_xml_dcl=no
ac_cv_file__usr_local_share_sgml_docbook_dsssl_stylesheets_1_p_html_docbook_dsl=no
ac_cv_file__usr_local_share_sgml_docbook_dsssl_stylesheets_1_p_print_docbook_dsl=no
ac_cv_file__usr_local_share_sgml_docbook_dsssl_stylesheets_dtds_decls_xml_dcl=no
ac_cv_file__usr_local_share_sgml_docbook_dsssl_stylesheets_html_docbook_dsl=no
ac_cv_file__usr_local_share_sgml_docbook_dsssl_stylesheets_print_docbook_dsl=no
ac_cv_file__usr_local_share_sgml_docbook_stylesheet_dsssl_modular_dtds_decls_xml_dcl=no
ac_cv_file__usr_local_share_sgml_docbook_stylesheet_dsssl_modular_html_docbook_dsl=no
ac_cv_file__usr_local_share_sgml_docbook_stylesheet_dsssl_modular_print_docbook_dsl=no
ac_cv_file__usr_local_share_sgml_dsssl_docbook_dsssl_nwalsh_dtds_decls_xml_dcl=no
ac_cv_file__usr_share_dsssl_docbook_dsssl_dtds_decls_xml_dcl=no
ac_cv_file__usr_share_dsssl_docbook_dsssl_html_docbook_dsl=no
ac_cv_file__usr_share_dsssl_docbook_dsssl_print_docbook_dsl=no
ac_cv_file__usr_share_sgml_docbook_dsssl_modular_dtds_decls_xml_dcl=no
ac_cv_file__usr_share_sgml_docbook_dsssl_modular_html_docbook_dsl=no
ac_cv_file__usr_share_sgml_docbook_dsssl_modular_print_docbook_dsl=no
ac_cv_file__usr_share_sgml_docbook_dsssl_stylesheets_1_p_dtds_decls_xml_dcl=no
ac_cv_file__usr_share_sgml_docbook_dsssl_stylesheets_1_p_html_docbook_dsl=no
ac_cv_file__usr_share_sgml_docbook_dsssl_stylesheets_1_p_print_docbook_dsl=no
ac_cv_file__usr_share_sgml_docbook_dsssl_stylesheets_dtds_decls_xml_dcl=no
ac_cv_file__usr_share_sgml_docbook_dsssl_stylesheets_html_docbook_dsl=no
ac_cv_file__usr_share_sgml_docbook_dsssl_stylesheets_print_docbook_dsl=no
ac_cv_file__usr_share_sgml_docbook_stylesheet_dsssl_modular_dtds_decls_xml_dcl=no
ac_cv_file__usr_share_sgml_docbook_stylesheet_dsssl_modular_html_docbook_dsl=no
ac_cv_file__usr_share_sgml_docbook_stylesheet_dsssl_modular_print_docbook_dsl=no
ac_cv_file__usr_share_sgml_dsssl_docbook_dsssl_nwalsh_dtds_decls_xml_dcl=no
ac_cv_func_closedir_void=no
ac_cv_func_malloc_0_nonnull=yes
ac_cv_func_memcmp_working=yes
ac_cv_header_dirent_dirent_h=yes
ac_cv_header_dlfcn_h=yes
ac_cv_header_inttypes_h=yes
ac_cv_header_memory_h=yes
ac_cv_header_stdc=yes
ac_cv_header_stdint_h=yes
ac_cv_header_stdlib_h=yes
ac_cv_header_string_h=yes
ac_cv_header_strings_h=yes
ac_cv_header_sys_stat_h=yes
ac_cv_header_sys_types_h=yes
ac_cv_header_sys_wait_h=yes
ac_cv_header_unistd_h=yes
ac_cv_host=x86_64-redhat-linux-gnu
ac_cv_lib_crypto_CRYPTO_lock=yes
ac_cv_lib_error_at_line=yes
ac_cv_lib_gwlib_cfg_create=yes
ac_cv_lib_ssl_SSL_library_init=no
ac_cv_objext=o
ac_cv_path_EGREP='/usr/bin/grep -E'
ac_cv_path_GREP=/usr/bin/grep
ac_cv_path_GW_CONFIG=/usr/local/bin/gw-config
ac_cv_path_OPENSSL=/usr/bin/openssl
ac_cv_path_install='/usr/bin/install -c'
ac_cv_prog_AWK=gawk
ac_cv_prog_CONVERT=no
ac_cv_prog_CPP='gcc -E'
ac_cv_prog_DVIPS=no
ac_cv_prog_FIG2DEV=no
ac_cv_prog_JADE=no
ac_cv_prog_JADETEX=no
ac_cv_prog_OLDJADE=no
ac_cv_prog_PDFJADETEX=no
ac_cv_prog_ac_ct_AR=ar
ac_cv_prog_ac_ct_CC=gcc
ac_cv_prog_ac_ct_RANLIB=ranlib
ac_cv_prog_ac_ct_STRIP=strip
ac_cv_prog_cc_c89=
ac_cv_prog_cc_g=yes
ac_cv_prog_cxx_g=no
ac_cv_prog_f77_g=no
ac_cv_prog_make_make_set=yes
ac_cv_search_opendir='none required'
ac_cv_struct_tm=time.h
am_cv_CC_dependencies_compiler_type=gcc3
am_cv_CXX_dependencies_compiler_type=none
lt_cv_deplibs_check_method=pass_all
lt_cv_file_magic_cmd='$MAGIC_CMD'
lt_cv_file_magic_test_file=
lt_cv_ld_reload_flag=-r
lt_cv_objdir=.libs
lt_cv_path_LD=/usr/bin/ld
lt_cv_path_NM='/usr/bin/nm -B'
lt_cv_path_SED=/usr/bin/sed
lt_cv_prog_compiler_c_o=yes
lt_cv_prog_compiler_rtti_exceptions=no
lt_cv_prog_gnu_ld=yes
lt_cv_sys_global_symbol_pipe='sed -n -e '\''s/^.*[ 	]\([ABCDGIRSTW][ABCDGIRSTW]*\)[ 	][ 	]*\([_A-Za-z][_A-Za-z0-9]*\)$/\1 \2 \2/p'\'''
lt_cv_sys_global_symbol_to_c_name_address='sed -n -e '\''s/^: \([^ ]*\) $/  {\"\1\", (lt_ptr) 0},/p'\'' -e '\''s/^[BCDEGRST] \([^ ]*\) \([^ ]*\)$/  {"\2", (lt_ptr) \&\2},/p'\'''
lt_cv_sys_global_symbol_to_cdecl='sed -n -e '\''s/^. .* \(.*\)$/extern int \1;/p'\'''
lt_cv_sys_max_cmd_len=32768
lt_lt_cv_prog_compiler_c_o='"yes"'
lt_lt_cv_sys_global_symbol_pipe='"sed -n -e '\''s/^.*[ 	]\\([ABCDGIRSTW][ABCDGIRSTW]*\\)[ 	][ 	]*\\([_A-Za-z][_A-Za-z0-9]*\\)\$/\\1 \\2 \\2/p'\''"'
lt_lt_cv_sys_global_symbol_to_c_name_address='"sed -n -e '\''s/^: \\([^ ]*\\) \$/  {\\\"\\1\\\", (lt_ptr) 0},/p'\'' -e '\''s/^[BCDEGRST] \\([^ ]*\\) \\([^ ]*\\)\$/  {\"\\2\", (lt_ptr) \\&\\2},/p'\''"'
lt_lt_cv_sys_global_symbol_to_cdecl='"sed -n -e '\''s/^. .* \\(.*\\)\$/extern int \\1;/p'\''"'

## ----------------- ##
## Output variables. ##
## ----------------- ##

ACLOCAL='${SHELL} /sources/kannel/addons/opensmppbox/autotools/missing --run aclocal-1.9'
AMDEPBACKSLASH='\'
AMDEP_FALSE='#'
AMDEP_TRUE=''
AMTAR='${SHELL} /sources/kannel/addons/opensmppbox/autotools/missing --run tar'
AR='ar'
AUTOCONF='${SHELL} /sources/kannel/addons/opensmppbox/autotools/missing --run autoconf'
AUTOHEADER='${SHELL} /sources/kannel/addons/opensmppbox/autotools/missing --run autoheader'
AUTOMAKE='${SHELL} /sources/kannel/addons/opensmppbox/autotools/missing --run automake-1.9'
AWK='gawk'
CC='gcc'
CCDEPMODE='depmode=gcc3'
CFLAGS='-g -O2 -D_XOPEN_SOURCE=600 -D_BSD_SOURCE -I/usr/local/ssl/include -I/usr/local/include/kannel -g -O2 -D_XOPEN_SOURCE=600 -D_BSD_SOURCE -D_DEFAULT_SOURCE -D_LARGE_FILES= -I/usr/include/libxml2 -I/usr/local/ssl/include -I/usr/include/mysql'
CONVERT='no'
CPP='gcc -E'
CPPFLAGS=''
CTLIB_INCLUDE=''
CTLIB_LFLAGS=''
CXX='g++'
CXXCPP=''
CXXDEPMODE='depmode=none'
CXXFLAGS=''
CYGPATH_W='echo'
DEFS='-DHAVE_CONFIG_H'
DEPDIR='.deps'
DOCDRAFTS='IGNORE'
DOCSTARGET='no-docs'
DVIPS='no'
ECHO='echo'
ECHO_C=''
ECHO_N='-n'
ECHO_T=''
EGREP='/usr/bin/grep -E'
EXEEXT=''
F77=''
FFLAGS=''
FIG2DEV='no'
GREP='/usr/bin/grep'
GW_CONFIG='/usr/local/bin/gw-config'
GW_VERSION=''
HTML_DSL=''
INCLUDES='-I$(top_srcdir)/gw -I$(top_builddir)/gw'
INSTALL_DATA='${INSTALL} -m 644'
INSTALL_PROGRAM='${INSTALL}'
INSTALL_SCRIPT='${INSTALL}'
INSTALL_STRIP_PROGRAM='${SHELL} $(install_sh) -c -s'
JADE='no'
JADETEX='no'
LDFLAGS=' -rdynamic'
LIBOBJS=''
LIBS='-lgwlib  -L/usr/local/ssl/lib -lcrypto -L/usr/local/lib/kannel -lgw -lwap -lgwlib -lmysqlclient_r -lssl -lrt -lresolv -lnsl -lm  -lpthread -lxml2 -lz -lm -ldl -L/usr/lib/gcc/x86_64-redhat-linux/4.8.5/../../../../lib64 -lcrypto -lssl -L/usr/lib64  -lmysqlclient -lpthread -lz -lm -ldl -lssl -lcrypto '
LIBTOOL='$(SHELL) $(top_builddir)/libtool'
LN_S='ln -s'
LTLIBOBJS=''
MAINT='#'
MAINTAINER_MODE_FALSE=''
MAINTAINER_MODE_TRUE='#'
MAKEINFO='${SHELL} /sources/kannel/addons/opensmppbox/autotools/missing --run makeinfo'
OBJEXT='o'
OLDJADE='no'
OPENSSL='/usr/bin/openssl'
PACKAGE=''
PACKAGE_BUGREPORT='devel@kannel.org'
PACKAGE_NAME='opensmppbox'
PACKAGE_STRING='opensmppbox svn'
PACKAGE_TARNAME='opensmppbox'
PACKAGE_URL=''
PACKAGE_VERSION='svn'
PATH_SEPARATOR=':'
PDFJADETEX='no'
RANLIB='ranlib'
SED='/usr/bin/sed'
SET_MAKE=''
SHELL='/bin/sh'
STRIP='strip'
TEX_DSL=''
VERSION='svn-r92'
XML_DCL=''
ac_ct_CC='gcc'
ac_ct_CXX=''
ac_ct_F77=''
am__fastdepCC_FALSE='#'
am__fastdepCC_TRUE=''
am__fastdepCXX_FALSE=''
am__fastdepCXX_TRUE='#'
am__include='include'
am__leading_dot='.'
am__quote=''
am__tar='${AMTAR} chof - "$$tardir"'
am__untar='${AMTAR} xf -'
bindir='${exec_prefix}/bin'
build='x86_64-redhat-linux-gnu'
build_alias=''
build_cpu='x86_64'
build_os='linux-gnu'
build_vendor='redhat'
datadir='${datarootdir}'
datarootdir='${prefix}/share'
docdir='${datarootdir}/doc/${PACKAGE_TARNAME}'
dvidir='${docdir}'
exec_prefix='${prefix}'
host='x86_64-redhat-linux-gnu'
host_alias=''
host_cpu='x86_64'
host_os='linux-gnu'
host_vendor='redhat'
htmldir='${docdir}'
includedir='${prefix}/include'
infodir='${datarootdir}/info'
install_sh='/sources/kannel/addons/opensmppbox/autotools/install-sh'
libdir='${exec_prefix}/lib'
libexecdir='${exec_prefix}/libexec'
localedir='${datarootdir}/locale'
localstatedir='${prefix}/var'
mandir='${datarootdir}/man'
mkdir_p='mkdir -p --'
oldincludedir='/usr/include'
pdfdir='${docdir}'
prefix='/usr/local'
program_transform_name='s,x,x,'
psdir='${docdir}'
rpm_requires='mysql-devel >= 3.23'
rpm_suffix='mysql'
sbindir='${exec_prefix}/sbin'
sharedstatedir='${prefix}/com'
sysconfdir='${prefix}/etc'
target_alias=''

## ----------- ##
## confdefs.h. ##
## ----------- ##

/* confdefs.h */
#define PACKAGE_NAME "opensmppbox"
#define PACKAGE_TARNAME "opensmppbox"
#define PACKAGE_VERSION "svn"
#define PACKAGE_STRING "opensmppbox svn"
#define PACKAGE_BUGREPORT "devel@kannel.org"
#define PACKAGE_URL ""
#define PACKAGE ""
#define VERSION ""
#define GW_NAME "OpenSMPPBox"
#define GW_VERSION "svn-r92"
#define VERSION "svn-r92"
#define STDC_HEADERS 1
#define HAVE_SYS_TYPES_H 1
#define HAVE_SYS_STAT_H 1
#define HAVE_STDLIB_H 1
#define HAVE_STRING_H 1
#define HAVE_MEMORY_H 1
#define HAVE_STRINGS_H 1
#define HAVE_INTTYPES_H 1
#define HAVE_STDINT_H 1
#define HAVE_UNISTD_H 1
#define HAVE_DLFCN_H 1
#define HAVE_DIRENT_H 1
#define STDC_HEADERS 1
#define HAVE_SYS_WAIT_H 1
#define HAVE_STDLIB_H 1
#define HAVE_MALLOC 1
#define HAVE_LIBGWLIB 1

configure: exit 0
