This file contains any messages produced by compilers while
running configure, to aid debugging if configure makes a mistake.

It was created by sqlbox configure cvs, which was
generated by GNU Autoconf 2.69.  Invocation command line was

  $ ./configure 

## --------- ##
## Platform. ##
## --------- ##

hostname = synq
uname -m = x86_64
uname -r = 3.10.0-693.5.2.el7.x86_64
uname -s = Linux
uname -v = #1 SMP Fri Oct 20 20:32:50 UTC 2017

/usr/bin/uname -p = x86_64
/bin/uname -X     = unknown

/bin/arch              = x86_64
/usr/bin/arch -k       = unknown
/usr/convex/getsysinfo = unknown
/usr/bin/hostinfo      = unknown
/bin/machine           = unknown
/usr/bin/oslevel       = unknown
/bin/universe          = unknown

PATH: /usr/local/sbin
PATH: /usr/local/bin
PATH: /usr/sbin
PATH: /usr/bin
PATH: /root/.local/bin
PATH: /root/bin


## ----------- ##
## Core tests. ##
## ----------- ##

configure:2317: checking svn checkout revision
configure:2327: result: 58
configure:2359: checking for a BSD-compatible install
configure:2427: result: /usr/bin/install -c
configure:2438: checking whether build environment is sane
configure:2488: result: yes
configure:2629: checking for a thread-safe mkdir -p
configure:2668: result: /usr/bin/mkdir -p
configure:2681: checking for gawk
configure:2697: found /usr/bin/gawk
configure:2708: result: gawk
configure:2719: checking whether make sets $(MAKE)
configure:2741: result: yes
configure:2824: checking whether to enable maintainer-specific portions of Makefiles
configure:2833: result: no
configure:2850: checking build system type
configure:2864: result: x86_64-unknown-linux-gnu
configure:2884: checking host system type
configure:2897: result: x86_64-unknown-linux-gnu
configure:2964: checking how to print strings
configure:2991: result: printf
configure:3024: checking for style of include used by make
configure:3052: result: GNU
configure:3123: checking for gcc
configure:3139: found /usr/bin/gcc
configure:3150: result: gcc
configure:3379: checking for C compiler version
configure:3388: gcc --version >&5
gcc (GCC) 4.8.5 20150623 (Red Hat 4.8.5-16)
Copyright (C) 2015 Free Software Foundation, Inc.
This is free software; see the source for copying conditions.  There is NO
warranty; not even for MERCHANTABILITY or FITNESS FOR A PARTICULAR PURPOSE.

configure:3399: $? = 0
configure:3388: gcc -v >&5
Using built-in specs.
COLLECT_GCC=gcc
COLLECT_LTO_WRAPPER=/usr/libexec/gcc/x86_64-redhat-linux/4.8.5/lto-wrapper
Target: x86_64-redhat-linux
Configured with: ../configure --prefix=/usr --mandir=/usr/share/man --infodir=/usr/share/info --with-bugurl=http://bugzilla.redhat.com/bugzilla --enable-bootstrap --enable-shared --enable-threads=posix --enable-checking=release --with-system-zlib --enable-__cxa_atexit --disable-libunwind-exceptions --enable-gnu-unique-object --enable-linker-build-id --with-linker-hash-style=gnu --enable-languages=c,c++,objc,obj-c++,java,fortran,ada,go,lto --enable-plugin --enable-initfini-array --disable-libgcj --with-isl=/builddir/build/BUILD/gcc-4.8.5-20150702/obj-x86_64-redhat-linux/isl-install --with-cloog=/builddir/build/BUILD/gcc-4.8.5-20150702/obj-x86_64-redhat-linux/cloog-install --enable-gnu-indirect-function --with-tune=generic --with-arch_32=x86-64 --build=x86_64-redhat-linux
Thread model: posix
gcc version 4.8.5 20150623 (Red Hat 4.8.5-16) (GCC) 
configure:3399: $? = 0
configure:3388: gcc -V >&5
gcc: error: unrecognized command line option '-V'
gcc: fatal error: no input files
compilation terminated.
configure:3399: $? = 4
configure:3388: gcc -qversion >&5
gcc: error: unrecognized command line option '-qversion'
gcc: fatal error: no input files
compilation terminated.
configure:3399: $? = 4
configure:3419: checking whether the C compiler works
configure:3441: gcc    conftest.c  >&5
configure:3445: $? = 0
configure:3493: result: yes
configure:3496: checking for C compiler default output file name
configure:3498: result: a.out
configure:3504: checking for suffix of executables
configure:3511: gcc -o conftest    conftest.c  >&5
configure:3515: $? = 0
configure:3537: result: 
configure:3559: checking whether we are cross compiling
configure:3567: gcc -o conftest    conftest.c  >&5
configure:3571: $? = 0
configure:3578: ./conftest
configure:3582: $? = 0
configure:3597: result: no
configure:3602: checking for suffix of object files
configure:3624: gcc -c   conftest.c >&5
configure:3628: $? = 0
configure:3649: result: o
configure:3653: checking whether we are using the GNU C compiler
configure:3672: gcc -c   conftest.c >&5
configure:3672: $? = 0
configure:3681: result: yes
configure:3690: checking whether gcc accepts -g
configure:3710: gcc -c -g  conftest.c >&5
configure:3710: $? = 0
configure:3751: result: yes
configure:3768: checking for gcc option to accept ISO C89
configure:3831: gcc  -c -g -O2  conftest.c >&5
configure:3831: $? = 0
configure:3844: result: none needed
configure:3866: checking dependency style of gcc
configure:3977: result: gcc3
configure:3992: checking for a sed that does not truncate output
configure:4056: result: /usr/bin/sed
configure:4074: checking for grep that handles long lines and -e
configure:4132: result: /usr/bin/grep
configure:4137: checking for egrep
configure:4199: result: /usr/bin/grep -E
configure:4204: checking for fgrep
configure:4266: result: /usr/bin/grep -F
configure:4301: checking for ld used by gcc
configure:4368: result: /usr/bin/ld
configure:4375: checking if the linker (/usr/bin/ld) is GNU ld
configure:4390: result: yes
configure:4402: checking for BSD- or MS-compatible name lister (nm)
configure:4451: result: /usr/bin/nm -B
configure:4581: checking the name lister (/usr/bin/nm -B) interface
configure:4588: gcc -c -g -O2  conftest.c >&5
configure:4591: /usr/bin/nm -B "conftest.o"
configure:4594: output
0000000000000000 B some_variable
configure:4601: result: BSD nm
configure:4604: checking whether ln -s works
configure:4608: result: yes
configure:4616: checking the maximum length of command line arguments
configure:4741: result: 1572864
configure:4758: checking whether the shell understands some XSI constructs
configure:4768: result: yes
configure:4772: checking whether the shell understands "+="
configure:4778: result: yes
configure:4813: checking how to convert x86_64-unknown-linux-gnu file names to x86_64-unknown-linux-gnu format
configure:4853: result: func_convert_file_noop
configure:4860: checking how to convert x86_64-unknown-linux-gnu file names to toolchain format
configure:4880: result: func_convert_file_noop
configure:4887: checking for /usr/bin/ld option to reload object files
configure:4894: result: -r
configure:4968: checking for objdump
configure:4984: found /usr/bin/objdump
configure:4995: result: objdump
configure:5027: checking how to recognize dependent libraries
configure:5229: result: pass_all
configure:5314: checking for dlltool
configure:5344: result: no
configure:5374: checking how to associate runtime and link libraries
configure:5401: result: printf %s\n
configure:5462: checking for ar
configure:5478: found /usr/bin/ar
configure:5489: result: ar
configure:5526: checking for archiver @FILE support
configure:5543: gcc -c -g -O2  conftest.c >&5
configure:5543: $? = 0
configure:5546: ar cru libconftest.a @conftest.lst >&5
configure:5549: $? = 0
configure:5554: ar cru libconftest.a @conftest.lst >&5
ar: conftest.o: No such file or directory
configure:5557: $? = 1
configure:5569: result: @
configure:5627: checking for strip
configure:5643: found /usr/bin/strip
configure:5654: result: strip
configure:5726: checking for ranlib
configure:5742: found /usr/bin/ranlib
configure:5753: result: ranlib
configure:5855: checking command to parse /usr/bin/nm -B output from gcc object
configure:5974: gcc -c -g -O2  conftest.c >&5
configure:5977: $? = 0
configure:5981: /usr/bin/nm -B conftest.o \| sed -n -e 's/^.*[ ]\([ABCDGIRSTW][ABCDGIRSTW]*\)[ ][ ]*\([_A-Za-z][_A-Za-z0-9]*\)$/\1 \2 \2/p' | sed '/ __gnu_lto/d' \> conftest.nm
configure:5984: $? = 0
configure:6050: gcc -o conftest -g -O2   conftest.c conftstm.o >&5
configure:6053: $? = 0
configure:6091: result: ok
configure:6128: checking for sysroot
configure:6158: result: no
configure:6235: gcc -c -g -O2  conftest.c >&5
configure:6238: $? = 0
configure:6401: checking for mt
configure:6431: result: no
configure:6451: checking if : is a manifest tool
configure:6457: : '-?'
configure:6465: result: no
configure:7097: checking how to run the C preprocessor
configure:7128: gcc -E  conftest.c
configure:7128: $? = 0
configure:7142: gcc -E  conftest.c
conftest.c:12:28: fatal error: ac_nonexistent.h: No such file or directory
 #include <ac_nonexistent.h>
                            ^
compilation terminated.
configure:7142: $? = 1
configure: failed program was:
| /* confdefs.h */
| #define PACKAGE_NAME "sqlbox"
| #define PACKAGE_TARNAME "sqlbox"
| #define PACKAGE_VERSION "cvs"
| #define PACKAGE_STRING "sqlbox cvs"
| #define PACKAGE_BUGREPORT "devel@kannel.org"
| #define PACKAGE_URL ""
| #define VERSION "svn-r58"
| #define PACKAGE "SqlBox"
| #define VERSION "svn-r58"
| /* end confdefs.h.  */
| #include <ac_nonexistent.h>
configure:7167: result: gcc -E
configure:7187: gcc -E  conftest.c
configure:7187: $? = 0
configure:7201: gcc -E  conftest.c
conftest.c:12:28: fatal error: ac_nonexistent.h: No such file or directory
 #include <ac_nonexistent.h>
                            ^
compilation terminated.
configure:7201: $? = 1
configure: failed program was:
| /* confdefs.h */
| #define PACKAGE_NAME "sqlbox"
| #define PACKAGE_TARNAME "sqlbox"
| #define PACKAGE_VERSION "cvs"
| #define PACKAGE_STRING "sqlbox cvs"
| #define PACKAGE_BUGREPORT "devel@kannel.org"
| #define PACKAGE_URL ""
| #define VERSION "svn-r58"
| #define PACKAGE "SqlBox"
| #define VERSION "svn-r58"
| /* end confdefs.h.  */
| #include <ac_nonexistent.h>
configure:7230: checking for ANSI C header files
configure:7250: gcc -c -g -O2  conftest.c >&5
configure:7250: $? = 0
configure:7323: gcc -o conftest -g -O2   conftest.c  >&5
configure:7323: $? = 0
configure:7323: ./conftest
configure:7323: $? = 0
configure:7334: result: yes
configure:7347: checking for sys/types.h
configure:7347: gcc -c -g -O2  conftest.c >&5
configure:7347: $? = 0
configure:7347: result: yes
configure:7347: checking for sys/stat.h
configure:7347: gcc -c -g -O2  conftest.c >&5
configure:7347: $? = 0
configure:7347: result: yes
configure:7347: checking for stdlib.h
configure:7347: gcc -c -g -O2  conftest.c >&5
configure:7347: $? = 0
configure:7347: result: yes
configure:7347: checking for string.h
configure:7347: gcc -c -g -O2  conftest.c >&5
configure:7347: $? = 0
configure:7347: result: yes
configure:7347: checking for memory.h
configure:7347: gcc -c -g -O2  conftest.c >&5
configure:7347: $? = 0
configure:7347: result: yes
configure:7347: checking for strings.h
configure:7347: gcc -c -g -O2  conftest.c >&5
configure:7347: $? = 0
configure:7347: result: yes
configure:7347: checking for inttypes.h
configure:7347: gcc -c -g -O2  conftest.c >&5
configure:7347: $? = 0
configure:7347: result: yes
configure:7347: checking for stdint.h
configure:7347: gcc -c -g -O2  conftest.c >&5
configure:7347: $? = 0
configure:7347: result: yes
configure:7347: checking for unistd.h
configure:7347: gcc -c -g -O2  conftest.c >&5
configure:7347: $? = 0
configure:7347: result: yes
configure:7361: checking for dlfcn.h
configure:7361: gcc -c -g -O2  conftest.c >&5
configure:7361: $? = 0
configure:7361: result: yes
configure:7548: checking for objdir
configure:7563: result: .libs
configure:7830: checking if gcc supports -fno-rtti -fno-exceptions
configure:7848: gcc -c -g -O2  -fno-rtti -fno-exceptions conftest.c >&5
cc1: warning: command line option '-fno-rtti' is valid for C++/ObjC++ but not for C [enabled by default]
configure:7852: $? = 0
configure:7865: result: no
configure:8175: checking for gcc option to produce PIC
configure:8182: result: -fPIC -DPIC
configure:8190: checking if gcc PIC flag -fPIC -DPIC works
configure:8208: gcc -c -g -O2  -fPIC -DPIC -DPIC conftest.c >&5
configure:8212: $? = 0
configure:8225: result: yes
configure:8254: checking if gcc static flag -static works
configure:8282: result: no
configure:8297: checking if gcc supports -c -o file.o
configure:8318: gcc -c -g -O2  -o out/conftest2.o conftest.c >&5
configure:8322: $? = 0
configure:8344: result: yes
configure:8352: checking if gcc supports -c -o file.o
configure:8399: result: yes
configure:8432: checking whether the gcc linker (/usr/bin/ld -m elf_x86_64) supports shared libraries
configure:9590: result: yes
configure:9627: checking whether -lc should be explicitly linked in
configure:9635: gcc -c -g -O2  conftest.c >&5
configure:9638: $? = 0
configure:9653: gcc -shared  -fPIC -DPIC conftest.o  -v -Wl,-soname -Wl,conftest -o conftest 2\>\&1 \| /usr/bin/grep  -lc  \>/dev/null 2\>\&1
configure:9656: $? = 0
configure:9670: result: no
configure:9835: checking dynamic linker characteristics
configure:10349: gcc -o conftest -g -O2   -Wl,-rpath -Wl,/foo conftest.c  >&5
configure:10349: $? = 0
configure:10571: result: GNU/Linux ld.so
configure:10678: checking how to hardcode library paths into programs
configure:10703: result: immediate
configure:11243: checking whether stripping libraries is possible
configure:11248: result: yes
configure:11283: checking if libtool supports shared libraries
configure:11285: result: yes
configure:11288: checking whether to build shared libraries
configure:11309: result: yes
configure:11312: checking whether to build static libraries
configure:11316: result: yes
configure:11358: checking for dirent.h that defines DIR
configure:11377: gcc -c -g -O2  conftest.c >&5
configure:11377: $? = 0
configure:11385: result: yes
configure:11398: checking for library containing opendir
configure:11429: gcc -o conftest -g -O2   conftest.c  >&5
configure:11429: $? = 0
configure:11446: result: none required
configure:11513: checking for ANSI C header files
configure:11617: result: yes
configure:11625: checking for sys/wait.h that is POSIX.1 compatible
configure:11651: gcc -c -g -O2  conftest.c >&5
configure:11651: $? = 0
configure:11658: result: yes
configure:11668: checking for an ANSI C-conforming const
configure:11734: gcc -c -g -O2  conftest.c >&5
configure:11734: $? = 0
configure:11741: result: yes
configure:11749: checking whether struct tm is in sys/time.h or time.h
configure:11769: gcc -c -g -O2  conftest.c >&5
configure:11769: $? = 0
configure:11776: result: time.h
configure:11784: checking for working volatile
configure:11803: gcc -c -g -O2  conftest.c >&5
configure:11803: $? = 0
configure:11810: result: yes
configure:11819: checking whether closedir returns void
configure:11843: gcc -o conftest -g -O2   conftest.c  >&5
configure:11843: $? = 0
configure:11843: ./conftest
configure:11843: $? = 0
configure:11853: result: no
configure:11861: checking for error_at_line
configure:11877: gcc -o conftest -g -O2   conftest.c  >&5
configure:11877: $? = 0
configure:11885: result: yes
configure:11898: checking for stdlib.h
configure:11898: result: yes
configure:11908: checking for GNU libc compatible malloc
configure:11932: gcc -o conftest -g -O2   conftest.c  >&5
configure:11932: $? = 0
configure:11932: ./conftest
configure:11932: $? = 0
configure:11942: result: yes
configure:11963: checking for working memcmp
configure:12006: gcc -o conftest -g -O2   conftest.c  >&5
configure:12006: $? = 0
configure:12006: ./conftest
configure:12006: $? = 0
configure:12016: result: yes
configure:12189: checking whether to compile with SSL support
configure:12223: result: trying /usr/local/ssl/lib /usr/local/ssl/include
configure:12234: checking for openssl
configure:12252: found /usr/bin/openssl
configure:12265: result: /usr/bin/openssl
configure:12280: checking for CRYPTO_lock in -lcrypto
configure:12305: gcc -o conftest -g -O2 -D_XOPEN_SOURCE=600 -D_BSD_SOURCE -I/usr/local/ssl/include   -rdynamic conftest.c -lcrypto   -L/usr/local/ssl/lib >&5
configure:12305: $? = 0
configure:12314: result: yes
configure:12318: checking for SSL_library_init in -lssl
configure:12343: gcc -o conftest -g -O2 -D_XOPEN_SOURCE=600 -D_BSD_SOURCE -I/usr/local/ssl/include   -rdynamic conftest.c -lssl   -L/usr/local/ssl/lib -lcrypto >&5
/usr/local/ssl/lib/libcrypto.a(dso_dlfcn.o): In function `dlfcn_globallookup':
dso_dlfcn.c:(.text+0x11): undefined reference to `dlopen'
dso_dlfcn.c:(.text+0x24): undefined reference to `dlsym'
dso_dlfcn.c:(.text+0x2f): undefined reference to `dlclose'
/usr/local/ssl/lib/libcrypto.a(dso_dlfcn.o): In function `dlfcn_bind_func':
dso_dlfcn.c:(.text+0x344): undefined reference to `dlsym'
dso_dlfcn.c:(.text+0x3eb): undefined reference to `dlerror'
/usr/local/ssl/lib/libcrypto.a(dso_dlfcn.o): In function `dlfcn_bind_var':
dso_dlfcn.c:(.text+0x464): undefined reference to `dlsym'
dso_dlfcn.c:(.text+0x50b): undefined reference to `dlerror'
/usr/local/ssl/lib/libcrypto.a(dso_dlfcn.o): In function `dlfcn_load':
dso_dlfcn.c:(.text+0x579): undefined reference to `dlopen'
dso_dlfcn.c:(.text+0x5db): undefined reference to `dlclose'
dso_dlfcn.c:(.text+0x613): undefined reference to `dlerror'
/usr/local/ssl/lib/libcrypto.a(dso_dlfcn.o): In function `dlfcn_pathbyaddr':
dso_dlfcn.c:(.text+0x69f): undefined reference to `dladdr'
dso_dlfcn.c:(.text+0x701): undefined reference to `dlerror'
/usr/local/ssl/lib/libcrypto.a(dso_dlfcn.o): In function `dlfcn_unload':
dso_dlfcn.c:(.text+0x752): undefined reference to `dlclose'
collect2: error: ld returned 1 exit status
configure:12343: $? = 1
configure: failed program was:
| /* confdefs.h */
| #define PACKAGE_NAME "sqlbox"
| #define PACKAGE_TARNAME "sqlbox"
| #define PACKAGE_VERSION "cvs"
| #define PACKAGE_STRING "sqlbox cvs"
| #define PACKAGE_BUGREPORT "devel@kannel.org"
| #define PACKAGE_URL ""
| #define VERSION "svn-r58"
| #define PACKAGE "SqlBox"
| #define VERSION "svn-r58"
| #define STDC_HEADERS 1
| #define HAVE_SYS_TYPES_H 1
| #define HAVE_SYS_STAT_H 1
| #define HAVE_STDLIB_H 1
| #define HAVE_STRING_H 1
| #define HAVE_MEMORY_H 1
| #define HAVE_STRINGS_H 1
| #define HAVE_INTTYPES_H 1
| #define HAVE_STDINT_H 1
| #define HAVE_UNISTD_H 1
| #define HAVE_DLFCN_H 1
| #define LT_OBJDIR ".libs/"
| #define HAVE_DIRENT_H 1
| #define STDC_HEADERS 1
| #define HAVE_SYS_WAIT_H 1
| #define HAVE_STDLIB_H 1
| #define HAVE_MALLOC 1
| /* end confdefs.h.  */
| 
| /* Override any GCC internal prototype to avoid an error.
|    Use char because int might match the return type of a GCC
|    builtin and then its argument prototype would still apply.  */
| #ifdef __cplusplus
| extern "C"
| #endif
| char SSL_library_init ();
| int
| main ()
| {
| return SSL_library_init ();
|   ;
|   return 0;
| }
configure:12352: result: no
configure:12488: checking for jade
configure:12516: result: no
configure:12528: checking for openjade
configure:12556: result: no
configure:12569: checking for jadetex
configure:12597: result: no
configure:12607: checking for pdfjadetex
configure:12635: result: no
configure:12645: checking for dvips
configure:12673: result: no
configure:12683: checking for fig2dev
configure:12711: result: no
configure:12721: checking for convert
configure:12749: result: no
configure:12770: checking for /usr/lib/sgml/stylesheet/dsssl/docbook/nwalsh/html/docbook.dsl
configure:12784: result: no
configure:12770: checking for /usr/lib/sgml/stylesheets/nwalsh-modular/html/docbook.dsl
configure:12784: result: no
configure:12770: checking for /usr/share/dsssl/docbook-dsssl/html/docbook.dsl
configure:12784: result: no
configure:12770: checking for /usr/share/sgml/docbook/dsssl-stylesheets-1.*/html/docbook.dsl
configure:12784: result: no
configure:12770: checking for /usr/share/sgml/docbook/dsssl-stylesheets/html/docbook.dsl
configure:12784: result: no
configure:12770: checking for /usr/share/sgml/docbook/stylesheet/dsssl/modular/html/docbook.dsl
configure:12784: result: no
configure:12770: checking for /usr/share/sgml/docbook/dsssl/modular/html/docbook.dsl
configure:12784: result: no
configure:12770: checking for /usr/local/lib/sgml/stylesheet/dsssl/docbook/nwalsh/html/docbook.dsl
configure:12784: result: no
configure:12770: checking for /usr/local/lib/sgml/stylesheets/nwalsh-modular/html/docbook.dsl
configure:12784: result: no
configure:12770: checking for /usr/local/share/dsssl/docbook-dsssl/html/docbook.dsl
configure:12784: result: no
configure:12770: checking for /usr/local/share/sgml/docbook/dsssl-stylesheets-1.*/html/docbook.dsl
configure:12784: result: no
configure:12770: checking for /usr/local/share/sgml/docbook/dsssl-stylesheets/html/docbook.dsl
configure:12784: result: no
configure:12770: checking for /usr/local/share/sgml/docbook/stylesheet/dsssl/modular/html/docbook.dsl
configure:12784: result: no
configure:12770: checking for /usr/local/share/sgml/docbook/dsssl/modular/html/docbook.dsl
configure:12784: result: no
configure:12770: checking for /opt/local/lib/sgml/stylesheet/dsssl/docbook/nwalsh/html/docbook.dsl
configure:12784: result: no
configure:12770: checking for /opt/local/lib/sgml/stylesheets/nwalsh-modular/html/docbook.dsl
configure:12784: result: no
configure:12770: checking for /opt/local/share/dsssl/docbook-dsssl/html/docbook.dsl
configure:12784: result: no
configure:12770: checking for /opt/local/share/sgml/docbook/dsssl-stylesheets-1.*/html/docbook.dsl
configure:12784: result: no
configure:12770: checking for /opt/local/share/sgml/docbook/dsssl-stylesheets/html/docbook.dsl
configure:12784: result: no
configure:12770: checking for /opt/local/share/sgml/docbook/stylesheet/dsssl/modular/html/docbook.dsl
configure:12784: result: no
configure:12770: checking for /opt/local/share/sgml/docbook/dsssl/modular/html/docbook.dsl
configure:12784: result: no
configure:12807: checking for /usr/lib/sgml/stylesheet/dsssl/docbook/nwalsh/print/docbook.dsl
configure:12821: result: no
configure:12807: checking for /usr/lib/sgml/stylesheets/nwalsh-modular/print/docbook.dsl
configure:12821: result: no
configure:12807: checking for /usr/share/dsssl/docbook-dsssl/print/docbook.dsl
configure:12821: result: no
configure:12807: checking for /usr/share/sgml/docbook/dsssl-stylesheets-1.*/print/docbook.dsl
configure:12821: result: no
configure:12807: checking for /usr/share/sgml/docbook/dsssl-stylesheets/print/docbook.dsl
configure:12821: result: no
configure:12807: checking for /usr/share/sgml/docbook/stylesheet/dsssl/modular/print/docbook.dsl
configure:12821: result: no
configure:12807: checking for /usr/share/sgml/docbook/dsssl/modular/print/docbook.dsl
configure:12821: result: no
configure:12807: checking for /usr/local/lib/sgml/stylesheet/dsssl/docbook/nwalsh/print/docbook.dsl
configure:12821: result: no
configure:12807: checking for /usr/local/lib/sgml/stylesheets/nwalsh-modular/print/docbook.dsl
configure:12821: result: no
configure:12807: checking for /usr/local/share/dsssl/docbook-dsssl/print/docbook.dsl
configure:12821: result: no
configure:12807: checking for /usr/local/share/sgml/docbook/dsssl-stylesheets-1.*/print/docbook.dsl
configure:12821: result: no
configure:12807: checking for /usr/local/share/sgml/docbook/dsssl-stylesheets/print/docbook.dsl
configure:12821: result: no
configure:12807: checking for /usr/local/share/sgml/docbook/stylesheet/dsssl/modular/print/docbook.dsl
configure:12821: result: no
configure:12807: checking for /usr/local/share/sgml/docbook/dsssl/modular/print/docbook.dsl
configure:12821: result: no
configure:12807: checking for /opt/local/lib/sgml/stylesheet/dsssl/docbook/nwalsh/print/docbook.dsl
configure:12821: result: no
configure:12807: checking for /opt/local/lib/sgml/stylesheets/nwalsh-modular/print/docbook.dsl
configure:12821: result: no
configure:12807: checking for /opt/local/share/dsssl/docbook-dsssl/print/docbook.dsl
configure:12821: result: no
configure:12807: checking for /opt/local/share/sgml/docbook/dsssl-stylesheets-1.*/print/docbook.dsl
configure:12821: result: no
configure:12807: checking for /opt/local/share/sgml/docbook/dsssl-stylesheets/print/docbook.dsl
configure:12821: result: no
configure:12807: checking for /opt/local/share/sgml/docbook/stylesheet/dsssl/modular/print/docbook.dsl
configure:12821: result: no
configure:12807: checking for /opt/local/share/sgml/docbook/dsssl/modular/print/docbook.dsl
configure:12821: result: no
configure:12845: checking for /usr/lib/sgml/stylesheet/dsssl/docbook/nwalsh/dtds/decls/xml.dcl
configure:12859: result: no
configure:12845: checking for /usr/lib/sgml/stylesheets/nwalsh-modular/dtds/decls/xml.dcl
configure:12859: result: no
configure:12845: checking for /usr/share/sgml/docbook/dsssl-stylesheets-1.*/dtds/decls/xml.dcl
configure:12859: result: no
configure:12845: checking for /usr/share/sgml/docbook/dsssl-stylesheets/dtds/decls/xml.dcl
configure:12859: result: no
configure:12845: checking for /usr/share/sgml/docbook/stylesheet/dsssl/modular/dtds/decls/xml.dcl
configure:12859: result: no
configure:12845: checking for /usr/share/sgml/docbook/dsssl/modular/dtds/decls/xml.dcl
configure:12859: result: no
configure:12845: checking for /usr/share/sgml/dsssl/docbook-dsssl-nwalsh/dtds/decls/xml.dcl
configure:12859: result: no
configure:12845: checking for /usr/share/dsssl/docbook-dsssl/dtds/decls/xml.dcl
configure:12859: result: no
configure:12845: checking for /usr/local/lib/sgml/stylesheet/dsssl/docbook/nwalsh/dtds/decls/xml.dcl
configure:12859: result: no
configure:12845: checking for /usr/local/lib/sgml/stylesheets/nwalsh-modular/dtds/decls/xml.dcl
configure:12859: result: no
configure:12845: checking for /usr/local/share/sgml/docbook/dsssl-stylesheets-1.*/dtds/decls/xml.dcl
configure:12859: result: no
configure:12845: checking for /usr/local/share/sgml/docbook/dsssl-stylesheets/dtds/decls/xml.dcl
configure:12859: result: no
configure:12845: checking for /usr/local/share/sgml/docbook/stylesheet/dsssl/modular/dtds/decls/xml.dcl
configure:12859: result: no
configure:12845: checking for /usr/local/share/sgml/docbook/dsssl/modular/dtds/decls/xml.dcl
configure:12859: result: no
configure:12845: checking for /usr/local/share/sgml/dsssl/docbook-dsssl-nwalsh/dtds/decls/xml.dcl
configure:12859: result: no
configure:12845: checking for /usr/local/share/dsssl/docbook-dsssl/dtds/decls/xml.dcl
configure:12859: result: no
configure:12845: checking for /sw/lib/sgml/stylesheet/dsssl/docbook/nwalsh/dtds/decls/xml.dcl
configure:12859: result: no
configure:12845: checking for /sw/lib/sgml/stylesheets/nwalsh-modular/dtds/decls/xml.dcl
configure:12859: result: no
configure:12845: checking for /sw/share/sgml/docbook/dsssl-stylesheets-1.*/dtds/decls/xml.dcl
configure:12859: result: no
configure:12845: checking for /sw/share/sgml/docbook/dsssl-stylesheets/dtds/decls/xml.dcl
configure:12859: result: no
configure:12845: checking for /sw/share/sgml/docbook/stylesheet/dsssl/modular/dtds/decls/xml.dcl
configure:12859: result: no
configure:12845: checking for /sw/share/sgml/docbook/dsssl/modular/dtds/decls/xml.dcl
configure:12859: result: no
configure:12845: checking for /sw/share/sgml/dsssl/docbook-dsssl-nwalsh/dtds/decls/xml.dcl
configure:12859: result: no
configure:12845: checking for /sw/share/dsssl/docbook-dsssl/dtds/decls/xml.dcl
configure:12859: result: no
configure:12845: checking for /opt/local/lib/sgml/stylesheet/dsssl/docbook/nwalsh/dtds/decls/xml.dcl
configure:12859: result: no
configure:12845: checking for /opt/local/lib/sgml/stylesheets/nwalsh-modular/dtds/decls/xml.dcl
configure:12859: result: no
configure:12845: checking for /opt/local/share/sgml/docbook/dsssl-stylesheets-1.*/dtds/decls/xml.dcl
configure:12859: result: no
configure:12845: checking for /opt/local/share/sgml/docbook/dsssl-stylesheets/dtds/decls/xml.dcl
configure:12859: result: no
configure:12845: checking for /opt/local/share/sgml/docbook/stylesheet/dsssl/modular/dtds/decls/xml.dcl
configure:12859: result: no
configure:12845: checking for /opt/local/share/sgml/docbook/dsssl/modular/dtds/decls/xml.dcl
configure:12859: result: no
configure:12845: checking for /opt/local/share/sgml/dsssl/docbook-dsssl-nwalsh/dtds/decls/xml.dcl
configure:12859: result: no
configure:12845: checking for /opt/local/share/dsssl/docbook-dsssl/dtds/decls/xml.dcl
configure:12859: result: no
configure:12901: result: Not building documentation.
configure:12939: checking for Ct-Lib support
configure:13022: result: no
configure:13030: checking for FreeTDS Ct-Lib support
configure:13113: result: no
configure:13135: checking for gw-config
configure:13154: found /usr/local/bin/gw-config
configure:13167: result: /usr/local/bin/gw-config
configure:13213: checking Kannel version
configure:13216: result: svn-r5239M
configure:13218: checking Kannel libs
configure:13223: result: -L/usr/local/lib/kannel -lgw -lwap -lgwlib -lmysqlclient_r -lssl -lrt -lresolv -lnsl -lm  -lpthread -lxml2 -lz -lm -ldl -L/usr/lib/gcc/x86_64-redhat-linux/4.8.5/../../../../lib64 -lcrypto -lssl -L/usr/lib64  -lmysqlclient -lpthread -lz -lm -ldl -lssl -lcrypto 
configure:13226: checking Kannel includes
configure:13231: result: -I/usr/local/include/kannel -g -O2 -D_XOPEN_SOURCE=600 -D_BSD_SOURCE -D_DEFAULT_SOURCE -D_LARGE_FILES= -I/usr/include/libxml2 -I/usr/local/ssl/include -I/usr/include/mysql
configure:13236: checking for cfg_create in -lgwlib
configure:13262: gcc -o conftest -g -O2 -D_XOPEN_SOURCE=600 -D_BSD_SOURCE -I/usr/local/ssl/include -I/usr/local/include/kannel -g -O2 -D_XOPEN_SOURCE=600 -D_BSD_SOURCE -D_DEFAULT_SOURCE -D_LARGE_FILES= -I/usr/include/libxml2 -I/usr/local/ssl/include -I/usr/include/mysql   -rdynamic conftest.c -lgwlib  -rdynamic
  -L/usr/local/ssl/lib -lcrypto -L/usr/local/lib/kannel -lgw -lwap -lgwlib -lmysqlclient_r -lssl -lrt -lresolv -lnsl -lm  -lpthread -lxml2 -lz -lm -ldl -L/usr/lib/gcc/x86_64-redhat-linux/4.8.5/../../../../lib64 -lcrypto -lssl -L/usr/lib64  -lmysqlclient -lpthread -lz -lm -ldl -lssl -lcrypto  >&5
configure:13262: $? = 0
configure:13271: result: yes
configure:13285: checking for Kannel's DB support
configure:13304: gcc -o conftest -g -O2 -D_XOPEN_SOURCE=600 -D_BSD_SOURCE -I/usr/local/ssl/include -I/usr/local/include/kannel -g -O2 -D_XOPEN_SOURCE=600 -D_BSD_SOURCE -D_DEFAULT_SOURCE -D_LARGE_FILES= -I/usr/include/libxml2 -I/usr/local/ssl/include -I/usr/include/mysql   -rdynamic conftest.c -lgwlib  -L/usr/local/ssl/lib -lcrypto -L/usr/local/lib/kannel -lgw -lwap -lgwlib -lmysqlclient_r -lssl -lrt -lresolv -lnsl -lm  -lpthread -lxml2 -lz -lm -ldl -L/usr/lib/gcc/x86_64-redhat-linux/4.8.5/../../../../lib64 -lcrypto -lssl -L/usr/lib64  -lmysqlclient -lpthread -lz -lm -ldl -lssl -lcrypto  >&5
conftest.c:35:3: error: unknown type name 'exit'
   exit(1);
   ^
conftest.c:36:1: error: expected declaration specifiers or '...' before '}' token
 }
 ^
conftest.c:36:1: error: expected ';', ',' or ')' before '}' token
configure:13304: $? = 1
configure: program exited with status 1
configure: failed program was:
| /* confdefs.h */
| #define PACKAGE_NAME "sqlbox"
| #define PACKAGE_TARNAME "sqlbox"
| #define PACKAGE_VERSION "cvs"
| #define PACKAGE_STRING "sqlbox cvs"
| #define PACKAGE_BUGREPORT "devel@kannel.org"
| #define PACKAGE_URL ""
| #define VERSION "svn-r58"
| #define PACKAGE "SqlBox"
| #define VERSION "svn-r58"
| #define STDC_HEADERS 1
| #define HAVE_SYS_TYPES_H 1
| #define HAVE_SYS_STAT_H 1
| #define HAVE_STDLIB_H 1
| #define HAVE_STRING_H 1
| #define HAVE_MEMORY_H 1
| #define HAVE_STRINGS_H 1
| #define HAVE_INTTYPES_H 1
| #define HAVE_STDINT_H 1
| #define HAVE_UNISTD_H 1
| #define HAVE_DLFCN_H 1
| #define LT_OBJDIR ".libs/"
| #define HAVE_DIRENT_H 1
| #define STDC_HEADERS 1
| #define HAVE_SYS_WAIT_H 1
| #define HAVE_STDLIB_H 1
| #define HAVE_MALLOC 1
| #define HAVE_LIBGWLIB 1
| /* end confdefs.h.  */
| #include "gw-config.h"
| int main(
| #if defined(HAVE_SQLITE3)
|   exit(0);
| #endif
|   exit(1);
| }
configure:13333: gcc -o conftest -g -O2 -D_XOPEN_SOURCE=600 -D_BSD_SOURCE -I/usr/local/ssl/include -I/usr/local/include/kannel -g -O2 -D_XOPEN_SOURCE=600 -D_BSD_SOURCE -D_DEFAULT_SOURCE -D_LARGE_FILES= -I/usr/include/libxml2 -I/usr/local/ssl/include -I/usr/include/mysql   -rdynamic conftest.c -lgwlib  -L/usr/local/ssl/lib -lcrypto -L/usr/local/lib/kannel -lgw -lwap -lgwlib -lmysqlclient_r -lssl -lrt -lresolv -lnsl -lm  -lpthread -lxml2 -lz -lm -ldl -L/usr/lib/gcc/x86_64-redhat-linux/4.8.5/../../../../lib64 -lcrypto -lssl -L/usr/lib64  -lmysqlclient -lpthread -lz -lm -ldl -lssl -lcrypto  >&5
conftest.c: In function 'main':
conftest.c:35:3: warning: incompatible implicit declaration of built-in function 'exit' [enabled by default]
   exit(1);
   ^
configure:13333: $? = 0
configure:13333: ./conftest
configure:13333: $? = 1
configure: program exited with status 1
configure: failed program was:
| /* confdefs.h */
| #define PACKAGE_NAME "sqlbox"
| #define PACKAGE_TARNAME "sqlbox"
| #define PACKAGE_VERSION "cvs"
| #define PACKAGE_STRING "sqlbox cvs"
| #define PACKAGE_BUGREPORT "devel@kannel.org"
| #define PACKAGE_URL ""
| #define VERSION "svn-r58"
| #define PACKAGE "SqlBox"
| #define VERSION "svn-r58"
| #define STDC_HEADERS 1
| #define HAVE_SYS_TYPES_H 1
| #define HAVE_SYS_STAT_H 1
| #define HAVE_STDLIB_H 1
| #define HAVE_STRING_H 1
| #define HAVE_MEMORY_H 1
| #define HAVE_STRINGS_H 1
| #define HAVE_INTTYPES_H 1
| #define HAVE_STDINT_H 1
| #define HAVE_UNISTD_H 1
| #define HAVE_DLFCN_H 1
| #define LT_OBJDIR ".libs/"
| #define HAVE_DIRENT_H 1
| #define STDC_HEADERS 1
| #define HAVE_SYS_WAIT_H 1
| #define HAVE_STDLIB_H 1
| #define HAVE_MALLOC 1
| #define HAVE_LIBGWLIB 1
| /* end confdefs.h.  */
| #include "gw-config.h"
| int main(void){
| #if defined(HAVE_SQLITE)
|   exit(0);
| #endif
|   exit(1);
| }
configure:13362: gcc -o conftest -g -O2 -D_XOPEN_SOURCE=600 -D_BSD_SOURCE -I/usr/local/ssl/include -I/usr/local/include/kannel -g -O2 -D_XOPEN_SOURCE=600 -D_BSD_SOURCE -D_DEFAULT_SOURCE -D_LARGE_FILES= -I/usr/include/libxml2 -I/usr/local/ssl/include -I/usr/include/mysql   -rdynamic conftest.c -lgwlib  -L/usr/local/ssl/lib -lcrypto -L/usr/local/lib/kannel -lgw -lwap -lgwlib -lmysqlclient_r -lssl -lrt -lresolv -lnsl -lm  -lpthread -lxml2 -lz -lm -ldl -L/usr/lib/gcc/x86_64-redhat-linux/4.8.5/../../../../lib64 -lcrypto -lssl -L/usr/lib64  -lmysqlclient -lpthread -lz -lm -ldl -lssl -lcrypto  >&5
conftest.c: In function 'main':
conftest.c:35:3: warning: incompatible implicit declaration of built-in function 'exit' [enabled by default]
   exit(1);
   ^
configure:13362: $? = 0
configure:13362: ./conftest
configure:13362: $? = 1
configure: program exited with status 1
configure: failed program was:
| /* confdefs.h */
| #define PACKAGE_NAME "sqlbox"
| #define PACKAGE_TARNAME "sqlbox"
| #define PACKAGE_VERSION "cvs"
| #define PACKAGE_STRING "sqlbox cvs"
| #define PACKAGE_BUGREPORT "devel@kannel.org"
| #define PACKAGE_URL ""
| #define VERSION "svn-r58"
| #define PACKAGE "SqlBox"
| #define VERSION "svn-r58"
| #define STDC_HEADERS 1
| #define HAVE_SYS_TYPES_H 1
| #define HAVE_SYS_STAT_H 1
| #define HAVE_STDLIB_H 1
| #define HAVE_STRING_H 1
| #define HAVE_MEMORY_H 1
| #define HAVE_STRINGS_H 1
| #define HAVE_INTTYPES_H 1
| #define HAVE_STDINT_H 1
| #define HAVE_UNISTD_H 1
| #define HAVE_DLFCN_H 1
| #define LT_OBJDIR ".libs/"
| #define HAVE_DIRENT_H 1
| #define STDC_HEADERS 1
| #define HAVE_SYS_WAIT_H 1
| #define HAVE_STDLIB_H 1
| #define HAVE_MALLOC 1
| #define HAVE_LIBGWLIB 1
| /* end confdefs.h.  */
| #include "gw-config.h"
| int main(void){
| #if defined(HAVE_PGSQL)
|   exit(0);
| #endif
|   exit(1);
| }
configure:13391: gcc -o conftest -g -O2 -D_XOPEN_SOURCE=600 -D_BSD_SOURCE -I/usr/local/ssl/include -I/usr/local/include/kannel -g -O2 -D_XOPEN_SOURCE=600 -D_BSD_SOURCE -D_DEFAULT_SOURCE -D_LARGE_FILES= -I/usr/include/libxml2 -I/usr/local/ssl/include -I/usr/include/mysql   -rdynamic conftest.c -lgwlib  -L/usr/local/ssl/lib -lcrypto -L/usr/local/lib/kannel -lgw -lwap -lgwlib -lmysqlclient_r -lssl -lrt -lresolv -lnsl -lm  -lpthread -lxml2 -lz -lm -ldl -L/usr/lib/gcc/x86_64-redhat-linux/4.8.5/../../../../lib64 -lcrypto -lssl -L/usr/lib64  -lmysqlclient -lpthread -lz -lm -ldl -lssl -lcrypto  >&5
conftest.c: In function 'main':
conftest.c:35:3: warning: incompatible implicit declaration of built-in function 'exit' [enabled by default]
   exit(1);
   ^
configure:13391: $? = 0
configure:13391: ./conftest
configure:13391: $? = 1
configure: program exited with status 1
configure: failed program was:
| /* confdefs.h */
| #define PACKAGE_NAME "sqlbox"
| #define PACKAGE_TARNAME "sqlbox"
| #define PACKAGE_VERSION "cvs"
| #define PACKAGE_STRING "sqlbox cvs"
| #define PACKAGE_BUGREPORT "devel@kannel.org"
| #define PACKAGE_URL ""
| #define VERSION "svn-r58"
| #define PACKAGE "SqlBox"
| #define VERSION "svn-r58"
| #define STDC_HEADERS 1
| #define HAVE_SYS_TYPES_H 1
| #define HAVE_SYS_STAT_H 1
| #define HAVE_STDLIB_H 1
| #define HAVE_STRING_H 1
| #define HAVE_MEMORY_H 1
| #define HAVE_STRINGS_H 1
| #define HAVE_INTTYPES_H 1
| #define HAVE_STDINT_H 1
| #define HAVE_UNISTD_H 1
| #define HAVE_DLFCN_H 1
| #define LT_OBJDIR ".libs/"
| #define HAVE_DIRENT_H 1
| #define STDC_HEADERS 1
| #define HAVE_SYS_WAIT_H 1
| #define HAVE_STDLIB_H 1
| #define HAVE_MALLOC 1
| #define HAVE_LIBGWLIB 1
| /* end confdefs.h.  */
| #include "gw-config.h"
| int main(void){
| #if defined(HAVE_ORACLE)
|   exit(0);
| #endif
|   exit(1);
| }
configure:13420: gcc -o conftest -g -O2 -D_XOPEN_SOURCE=600 -D_BSD_SOURCE -I/usr/local/ssl/include -I/usr/local/include/kannel -g -O2 -D_XOPEN_SOURCE=600 -D_BSD_SOURCE -D_DEFAULT_SOURCE -D_LARGE_FILES= -I/usr/include/libxml2 -I/usr/local/ssl/include -I/usr/include/mysql   -rdynamic conftest.c -lgwlib  -L/usr/local/ssl/lib -lcrypto -L/usr/local/lib/kannel -lgw -lwap -lgwlib -lmysqlclient_r -lssl -lrt -lresolv -lnsl -lm  -lpthread -lxml2 -lz -lm -ldl -L/usr/lib/gcc/x86_64-redhat-linux/4.8.5/../../../../lib64 -lcrypto -lssl -L/usr/lib64  -lmysqlclient -lpthread -lz -lm -ldl -lssl -lcrypto  >&5
conftest.c: In function 'main':
conftest.c:33:3: warning: incompatible implicit declaration of built-in function 'exit' [enabled by default]
   exit(0);
   ^
configure:13420: $? = 0
configure:13420: ./conftest
configure:13420: $? = 0
configure:13449: gcc -o conftest -g -O2 -D_XOPEN_SOURCE=600 -D_BSD_SOURCE -I/usr/local/ssl/include -I/usr/local/include/kannel -g -O2 -D_XOPEN_SOURCE=600 -D_BSD_SOURCE -D_DEFAULT_SOURCE -D_LARGE_FILES= -I/usr/include/libxml2 -I/usr/local/ssl/include -I/usr/include/mysql   -rdynamic conftest.c -lgwlib  -L/usr/local/ssl/lib -lcrypto -L/usr/local/lib/kannel -lgw -lwap -lgwlib -lmysqlclient_r -lssl -lrt -lresolv -lnsl -lm  -lpthread -lxml2 -lz -lm -ldl -L/usr/lib/gcc/x86_64-redhat-linux/4.8.5/../../../../lib64 -lcrypto -lssl -L/usr/lib64  -lmysqlclient -lpthread -lz -lm -ldl -lssl -lcrypto  >&5
conftest.c: In function 'main':
conftest.c:35:3: warning: incompatible implicit declaration of built-in function 'exit' [enabled by default]
   exit(1);
   ^
configure:13449: $? = 0
configure:13449: ./conftest
configure:13449: $? = 1
configure: program exited with status 1
configure: failed program was:
| /* confdefs.h */
| #define PACKAGE_NAME "sqlbox"
| #define PACKAGE_TARNAME "sqlbox"
| #define PACKAGE_VERSION "cvs"
| #define PACKAGE_STRING "sqlbox cvs"
| #define PACKAGE_BUGREPORT "devel@kannel.org"
| #define PACKAGE_URL ""
| #define VERSION "svn-r58"
| #define PACKAGE "SqlBox"
| #define VERSION "svn-r58"
| #define STDC_HEADERS 1
| #define HAVE_SYS_TYPES_H 1
| #define HAVE_SYS_STAT_H 1
| #define HAVE_STDLIB_H 1
| #define HAVE_STRING_H 1
| #define HAVE_MEMORY_H 1
| #define HAVE_STRINGS_H 1
| #define HAVE_INTTYPES_H 1
| #define HAVE_STDINT_H 1
| #define HAVE_UNISTD_H 1
| #define HAVE_DLFCN_H 1
| #define LT_OBJDIR ".libs/"
| #define HAVE_DIRENT_H 1
| #define STDC_HEADERS 1
| #define HAVE_SYS_WAIT_H 1
| #define HAVE_STDLIB_H 1
| #define HAVE_MALLOC 1
| #define HAVE_LIBGWLIB 1
| /* end confdefs.h.  */
| #include "gw-config.h"
| int main(void){
| #if defined(HAVE_SDB)
|   exit(0);
| #endif
|   exit(1);
| }
configure:13462: result: ok
configure:13608: creating ./config.status

## ---------------------- ##
## Running config.status. ##
## ---------------------- ##

This file was extended by sqlbox config.status cvs, which was
generated by GNU Autoconf 2.69.  Invocation command line was

  CONFIG_FILES    = 
  CONFIG_HEADERS  = 
  CONFIG_LINKS    = 
  CONFIG_COMMANDS = 
  $ ./config.status 

on synq

config.status:1110: creating Makefile
config.status:1110: creating gw/Makefile
config.status:1110: creating rpm/sqlbox.spec
config.status:1110: creating sb-config.h
config.status:1339: executing depfiles commands
config.status:1339: executing libtool commands

## ---------------- ##
## Cache variables. ##
## ---------------- ##

ac_cv_build=x86_64-unknown-linux-gnu
ac_cv_c_compiler_gnu=yes
ac_cv_c_const=yes
ac_cv_c_volatile=yes
ac_cv_env_CC_set=
ac_cv_env_CC_value=
ac_cv_env_CFLAGS_set=
ac_cv_env_CFLAGS_value=
ac_cv_env_CPPFLAGS_set=
ac_cv_env_CPPFLAGS_value=
ac_cv_env_CPP_set=
ac_cv_env_CPP_value=
ac_cv_env_LDFLAGS_set=
ac_cv_env_LDFLAGS_value=
ac_cv_env_LIBS_set=
ac_cv_env_LIBS_value=
ac_cv_env_build_alias_set=
ac_cv_env_build_alias_value=
ac_cv_env_host_alias_set=
ac_cv_env_host_alias_value=
ac_cv_env_target_alias_set=
ac_cv_env_target_alias_value=
ac_cv_file__opt_local_lib_sgml_stylesheet_dsssl_docbook_nwalsh_dtds_decls_xml_dcl=no
ac_cv_file__opt_local_lib_sgml_stylesheet_dsssl_docbook_nwalsh_html_docbook_dsl=no
ac_cv_file__opt_local_lib_sgml_stylesheet_dsssl_docbook_nwalsh_print_docbook_dsl=no
ac_cv_file__opt_local_lib_sgml_stylesheets_nwalsh_modular_dtds_decls_xml_dcl=no
ac_cv_file__opt_local_lib_sgml_stylesheets_nwalsh_modular_html_docbook_dsl=no
ac_cv_file__opt_local_lib_sgml_stylesheets_nwalsh_modular_print_docbook_dsl=no
ac_cv_file__opt_local_share_dsssl_docbook_dsssl_dtds_decls_xml_dcl=no
ac_cv_file__opt_local_share_dsssl_docbook_dsssl_html_docbook_dsl=no
ac_cv_file__opt_local_share_dsssl_docbook_dsssl_print_docbook_dsl=no
ac_cv_file__opt_local_share_sgml_docbook_dsssl_modular_dtds_decls_xml_dcl=no
ac_cv_file__opt_local_share_sgml_docbook_dsssl_modular_html_docbook_dsl=no
ac_cv_file__opt_local_share_sgml_docbook_dsssl_modular_print_docbook_dsl=no
ac_cv_file__opt_local_share_sgml_docbook_dsssl_stylesheets_1_p_dtds_decls_xml_dcl=no
ac_cv_file__opt_local_share_sgml_docbook_dsssl_stylesheets_1_p_html_docbook_dsl=no
ac_cv_file__opt_local_share_sgml_docbook_dsssl_stylesheets_1_p_print_docbook_dsl=no
ac_cv_file__opt_local_share_sgml_docbook_dsssl_stylesheets_dtds_decls_xml_dcl=no
ac_cv_file__opt_local_share_sgml_docbook_dsssl_stylesheets_html_docbook_dsl=no
ac_cv_file__opt_local_share_sgml_docbook_dsssl_stylesheets_print_docbook_dsl=no
ac_cv_file__opt_local_share_sgml_docbook_stylesheet_dsssl_modular_dtds_decls_xml_dcl=no
ac_cv_file__opt_local_share_sgml_docbook_stylesheet_dsssl_modular_html_docbook_dsl=no
ac_cv_file__opt_local_share_sgml_docbook_stylesheet_dsssl_modular_print_docbook_dsl=no
ac_cv_file__opt_local_share_sgml_dsssl_docbook_dsssl_nwalsh_dtds_decls_xml_dcl=no
ac_cv_file__sw_lib_sgml_stylesheet_dsssl_docbook_nwalsh_dtds_decls_xml_dcl=no
ac_cv_file__sw_lib_sgml_stylesheets_nwalsh_modular_dtds_decls_xml_dcl=no
ac_cv_file__sw_share_dsssl_docbook_dsssl_dtds_decls_xml_dcl=no
ac_cv_file__sw_share_sgml_docbook_dsssl_modular_dtds_decls_xml_dcl=no
ac_cv_file__sw_share_sgml_docbook_dsssl_stylesheets_1_p_dtds_decls_xml_dcl=no
ac_cv_file__sw_share_sgml_docbook_dsssl_stylesheets_dtds_decls_xml_dcl=no
ac_cv_file__sw_share_sgml_docbook_stylesheet_dsssl_modular_dtds_decls_xml_dcl=no
ac_cv_file__sw_share_sgml_dsssl_docbook_dsssl_nwalsh_dtds_decls_xml_dcl=no
ac_cv_file__usr_lib_sgml_stylesheet_dsssl_docbook_nwalsh_dtds_decls_xml_dcl=no
ac_cv_file__usr_lib_sgml_stylesheet_dsssl_docbook_nwalsh_html_docbook_dsl=no
ac_cv_file__usr_lib_sgml_stylesheet_dsssl_docbook_nwalsh_print_docbook_dsl=no
ac_cv_file__usr_lib_sgml_stylesheets_nwalsh_modular_dtds_decls_xml_dcl=no
ac_cv_file__usr_lib_sgml_stylesheets_nwalsh_modular_html_docbook_dsl=no
ac_cv_file__usr_lib_sgml_stylesheets_nwalsh_modular_print_docbook_dsl=no
ac_cv_file__usr_local_lib_sgml_stylesheet_dsssl_docbook_nwalsh_dtds_decls_xml_dcl=no
ac_cv_file__usr_local_lib_sgml_stylesheet_dsssl_docbook_nwalsh_html_docbook_dsl=no
ac_cv_file__usr_local_lib_sgml_stylesheet_dsssl_docbook_nwalsh_print_docbook_dsl=no
ac_cv_file__usr_local_lib_sgml_stylesheets_nwalsh_modular_dtds_decls_xml_dcl=no
ac_cv_file__usr_local_lib_sgml_stylesheets_nwalsh_modular_html_docbook_dsl=no
ac_cv_file__usr_local_lib_sgml_stylesheets_nwalsh_modular_print_docbook_dsl=no
ac_cv_file__usr_local_share_dsssl_docbook_dsssl_dtds_decls_xml_dcl=no
ac_cv_file__usr_local_share_dsssl_docbook_dsssl_html_docbook_dsl=no
ac_cv_file__usr_local_share_dsssl_docbook_dsssl_print_docbook_dsl=no
ac_cv_file__usr_local_share_sgml_docbook_dsssl_modular_dtds_decls_xml_dcl=no
ac_cv_file__usr_local_share_sgml_docbook_dsssl_modular_html_docbook_dsl=no
ac_cv_file__usr_local_share_sgml_docbook_dsssl_modular_print_docbook_dsl=no
ac_cv_file__usr_local_share_sgml_docbook_dsssl_stylesheets_1_p_dtds_decls_xml_dcl=no
ac_cv_file__usr_local_share_sgml_docbook_dsssl_stylesheets_1_p_html_docbook_dsl=no
ac_cv_file__usr_local_share_sgml_docbook_dsssl_stylesheets_1_p_print_docbook_dsl=no
ac_cv_file__usr_local_share_sgml_docbook_dsssl_stylesheets_dtds_decls_xml_dcl=no
ac_cv_file__usr_local_share_sgml_docbook_dsssl_stylesheets_html_docbook_dsl=no
ac_cv_file__usr_local_share_sgml_docbook_dsssl_stylesheets_print_docbook_dsl=no
ac_cv_file__usr_local_share_sgml_docbook_stylesheet_dsssl_modular_dtds_decls_xml_dcl=no
ac_cv_file__usr_local_share_sgml_docbook_stylesheet_dsssl_modular_html_docbook_dsl=no
ac_cv_file__usr_local_share_sgml_docbook_stylesheet_dsssl_modular_print_docbook_dsl=no
ac_cv_file__usr_local_share_sgml_dsssl_docbook_dsssl_nwalsh_dtds_decls_xml_dcl=no
ac_cv_file__usr_share_dsssl_docbook_dsssl_dtds_decls_xml_dcl=no
ac_cv_file__usr_share_dsssl_docbook_dsssl_html_docbook_dsl=no
ac_cv_file__usr_share_dsssl_docbook_dsssl_print_docbook_dsl=no
ac_cv_file__usr_share_sgml_docbook_dsssl_modular_dtds_decls_xml_dcl=no
ac_cv_file__usr_share_sgml_docbook_dsssl_modular_html_docbook_dsl=no
ac_cv_file__usr_share_sgml_docbook_dsssl_modular_print_docbook_dsl=no
ac_cv_file__usr_share_sgml_docbook_dsssl_stylesheets_1_p_dtds_decls_xml_dcl=no
ac_cv_file__usr_share_sgml_docbook_dsssl_stylesheets_1_p_html_docbook_dsl=no
ac_cv_file__usr_share_sgml_docbook_dsssl_stylesheets_1_p_print_docbook_dsl=no
ac_cv_file__usr_share_sgml_docbook_dsssl_stylesheets_dtds_decls_xml_dcl=no
ac_cv_file__usr_share_sgml_docbook_dsssl_stylesheets_html_docbook_dsl=no
ac_cv_file__usr_share_sgml_docbook_dsssl_stylesheets_print_docbook_dsl=no
ac_cv_file__usr_share_sgml_docbook_stylesheet_dsssl_modular_dtds_decls_xml_dcl=no
ac_cv_file__usr_share_sgml_docbook_stylesheet_dsssl_modular_html_docbook_dsl=no
ac_cv_file__usr_share_sgml_docbook_stylesheet_dsssl_modular_print_docbook_dsl=no
ac_cv_file__usr_share_sgml_dsssl_docbook_dsssl_nwalsh_dtds_decls_xml_dcl=no
ac_cv_func_closedir_void=no
ac_cv_func_malloc_0_nonnull=yes
ac_cv_func_memcmp_working=yes
ac_cv_header_dirent_dirent_h=yes
ac_cv_header_dlfcn_h=yes
ac_cv_header_inttypes_h=yes
ac_cv_header_memory_h=yes
ac_cv_header_stdc=yes
ac_cv_header_stdint_h=yes
ac_cv_header_stdlib_h=yes
ac_cv_header_string_h=yes
ac_cv_header_strings_h=yes
ac_cv_header_sys_stat_h=yes
ac_cv_header_sys_types_h=yes
ac_cv_header_sys_wait_h=yes
ac_cv_header_unistd_h=yes
ac_cv_host=x86_64-unknown-linux-gnu
ac_cv_lib_crypto_CRYPTO_lock=yes
ac_cv_lib_error_at_line=yes
ac_cv_lib_gwlib_cfg_create=yes
ac_cv_lib_ssl_SSL_library_init=no
ac_cv_objext=o
ac_cv_path_EGREP='/usr/bin/grep -E'
ac_cv_path_FGREP='/usr/bin/grep -F'
ac_cv_path_GREP=/usr/bin/grep
ac_cv_path_GW_CONFIG=/usr/local/bin/gw-config
ac_cv_path_OPENSSL=/usr/bin/openssl
ac_cv_path_SED=/usr/bin/sed
ac_cv_path_install='/usr/bin/install -c'
ac_cv_path_mkdir=/usr/bin/mkdir
ac_cv_prog_AWK=gawk
ac_cv_prog_CONVERT=no
ac_cv_prog_CPP='gcc -E'
ac_cv_prog_DVIPS=no
ac_cv_prog_FIG2DEV=no
ac_cv_prog_JADE=no
ac_cv_prog_JADETEX=no
ac_cv_prog_OLDJADE=no
ac_cv_prog_PDFJADETEX=no
ac_cv_prog_ac_ct_AR=ar
ac_cv_prog_ac_ct_CC=gcc
ac_cv_prog_ac_ct_OBJDUMP=objdump
ac_cv_prog_ac_ct_RANLIB=ranlib
ac_cv_prog_ac_ct_STRIP=strip
ac_cv_prog_cc_c89=
ac_cv_prog_cc_g=yes
ac_cv_prog_make_make_set=yes
ac_cv_search_opendir='none required'
ac_cv_struct_tm=time.h
am_cv_CC_dependencies_compiler_type=gcc3
lt_cv_ar_at_file=@
lt_cv_archive_cmds_need_lc=no
lt_cv_deplibs_check_method=pass_all
lt_cv_file_magic_cmd='$MAGIC_CMD'
lt_cv_file_magic_test_file=
lt_cv_ld_reload_flag=-r
lt_cv_nm_interface='BSD nm'
lt_cv_objdir=.libs
lt_cv_path_LD=/usr/bin/ld
lt_cv_path_NM='/usr/bin/nm -B'
lt_cv_path_mainfest_tool=no
lt_cv_prog_compiler_c_o=yes
lt_cv_prog_compiler_pic='-fPIC -DPIC'
lt_cv_prog_compiler_pic_works=yes
lt_cv_prog_compiler_rtti_exceptions=no
lt_cv_prog_compiler_static_works=no
lt_cv_prog_gnu_ld=yes
lt_cv_sharedlib_from_linklib_cmd='printf %s\n'
lt_cv_shlibpath_overrides_runpath=no
lt_cv_sys_global_symbol_pipe='sed -n -e '\''s/^.*[	 ]\([ABCDGIRSTW][ABCDGIRSTW]*\)[	 ][	 ]*\([_A-Za-z][_A-Za-z0-9]*\)$/\1 \2 \2/p'\'' | sed '\''/ __gnu_lto/d'\'''
lt_cv_sys_global_symbol_to_c_name_address='sed -n -e '\''s/^: \([^ ]*\)[ ]*$/  {\"\1\", (void *) 0},/p'\'' -e '\''s/^[ABCDGIRSTW]* \([^ ]*\) \([^ ]*\)$/  {"\2", (void *) \&\2},/p'\'''
lt_cv_sys_global_symbol_to_c_name_address_lib_prefix='sed -n -e '\''s/^: \([^ ]*\)[ ]*$/  {\"\1\", (void *) 0},/p'\'' -e '\''s/^[ABCDGIRSTW]* \([^ ]*\) \(lib[^ ]*\)$/  {"\2", (void *) \&\2},/p'\'' -e '\''s/^[ABCDGIRSTW]* \([^ ]*\) \([^ ]*\)$/  {"lib\2", (void *) \&\2},/p'\'''
lt_cv_sys_global_symbol_to_cdecl='sed -n -e '\''s/^T .* \(.*\)$/extern int \1();/p'\'' -e '\''s/^[ABCDGIRSTW]* .* \(.*\)$/extern char \1;/p'\'''
lt_cv_sys_max_cmd_len=1572864
lt_cv_to_host_file_cmd=func_convert_file_noop
lt_cv_to_tool_file_cmd=func_convert_file_noop

## ----------------- ##
## Output variables. ##
## ----------------- ##

ACLOCAL='${SHELL} /sources/kannel/addons/sqlbox/autotools/missing --run aclocal-1.11'
AMDEPBACKSLASH='\'
AMDEP_FALSE='#'
AMDEP_TRUE=''
AMTAR='$${TAR-tar}'
AR='ar'
AUTOCONF='${SHELL} /sources/kannel/addons/sqlbox/autotools/missing --run autoconf'
AUTOHEADER='${SHELL} /sources/kannel/addons/sqlbox/autotools/missing --run autoheader'
AUTOMAKE='${SHELL} /sources/kannel/addons/sqlbox/autotools/missing --run automake-1.11'
AWK='gawk'
CC='gcc'
CCDEPMODE='depmode=gcc3'
CFLAGS='-g -O2 -D_XOPEN_SOURCE=600 -D_BSD_SOURCE -I/usr/local/ssl/include -I/usr/local/include/kannel -g -O2 -D_XOPEN_SOURCE=600 -D_BSD_SOURCE -D_DEFAULT_SOURCE -D_LARGE_FILES= -I/usr/include/libxml2 -I/usr/local/ssl/include -I/usr/include/mysql'
CONVERT='no'
CPP='gcc -E'
CPPFLAGS=''
CTLIB_INCLUDE=''
CTLIB_LFLAGS=''
CYGPATH_W='echo'
DEFS='-DHAVE_CONFIG_H'
DEPDIR='.deps'
DLLTOOL='false'
DOCDRAFTS='IGNORE'
DOCSTARGET='no-docs'
DSYMUTIL=''
DUMPBIN=''
DVIPS='no'
ECHO_C=''
ECHO_N='-n'
ECHO_T=''
EGREP='/usr/bin/grep -E'
EXEEXT=''
FGREP='/usr/bin/grep -F'
FIG2DEV='no'
GREP='/usr/bin/grep'
GW_CONFIG='/usr/local/bin/gw-config'
HTML_DSL=''
INCLUDES='-I$(top_srcdir)/gw -I$(top_builddir)/gw'
INSTALL_DATA='${INSTALL} -m 644'
INSTALL_PROGRAM='${INSTALL}'
INSTALL_SCRIPT='${INSTALL}'
INSTALL_STRIP_PROGRAM='$(install_sh) -c -s'
JADE='no'
JADETEX='no'
LD='/usr/bin/ld -m elf_x86_64'
LDFLAGS=' -rdynamic'
LIBOBJS=''
LIBS='-lgwlib  -L/usr/local/ssl/lib -lcrypto -L/usr/local/lib/kannel -lgw -lwap -lgwlib -lmysqlclient_r -lssl -lrt -lresolv -lnsl -lm  -lpthread -lxml2 -lz -lm -ldl -L/usr/lib/gcc/x86_64-redhat-linux/4.8.5/../../../../lib64 -lcrypto -lssl -L/usr/lib64  -lmysqlclient -lpthread -lz -lm -ldl -lssl -lcrypto '
LIBTOOL='$(SHELL) $(top_builddir)/libtool'
LIPO=''
LN_S='ln -s'
LTLIBOBJS=''
MAINT='#'
MAINTAINER_MODE_FALSE=''
MAINTAINER_MODE_TRUE='#'
MAKEINFO='${SHELL} /sources/kannel/addons/sqlbox/autotools/missing --run makeinfo'
MANIFEST_TOOL=':'
MKDIR_P='/usr/bin/mkdir -p'
NM='/usr/bin/nm -B'
NMEDIT=''
OBJDUMP='objdump'
OBJEXT='o'
OLDJADE='no'
OPENSSL='/usr/bin/openssl'
OTOOL64=''
OTOOL=''
PACKAGE='SqlBox'
PACKAGE_BUGREPORT='devel@kannel.org'
PACKAGE_NAME='sqlbox'
PACKAGE_STRING='sqlbox cvs'
PACKAGE_TARNAME='sqlbox'
PACKAGE_URL=''
PACKAGE_VERSION='cvs'
PATH_SEPARATOR=':'
PDFJADETEX='no'
RANLIB='ranlib'
SED='/usr/bin/sed'
SET_MAKE=''
SHELL='/bin/sh'
STRIP='strip'
TEX_DSL=''
VERSION='svn-r58'
XML_DCL=''
ac_ct_AR='ar'
ac_ct_CC='gcc'
ac_ct_DUMPBIN=''
am__EXEEXT_FALSE=''
am__EXEEXT_TRUE='#'
am__fastdepCC_FALSE='#'
am__fastdepCC_TRUE=''
am__include='include'
am__isrc=''
am__leading_dot='.'
am__nodep='_no'
am__quote=''
am__tar='$${TAR-tar} chof - "$$tardir"'
am__untar='$${TAR-tar} xf -'
bindir='${exec_prefix}/bin'
build='x86_64-unknown-linux-gnu'
build_alias=''
build_cpu='x86_64'
build_os='linux-gnu'
build_vendor='unknown'
datadir='${datarootdir}'
datarootdir='${prefix}/share'
docdir='${datarootdir}/doc/${PACKAGE_TARNAME}'
dvidir='${docdir}'
exec_prefix='${prefix}'
host='x86_64-unknown-linux-gnu'
host_alias=''
host_cpu='x86_64'
host_os='linux-gnu'
host_vendor='unknown'
htmldir='${docdir}'
includedir='${prefix}/include'
infodir='${datarootdir}/info'
install_sh='${SHELL} /sources/kannel/addons/sqlbox/autotools/install-sh'
libdir='${exec_prefix}/lib'
libexecdir='${exec_prefix}/libexec'
localedir='${datarootdir}/locale'
localstatedir='${prefix}/var'
mandir='${datarootdir}/man'
mkdir_p='/usr/bin/mkdir -p'
oldincludedir='/usr/include'
pdfdir='${docdir}'
prefix='/usr/local'
program_transform_name='s,x,x,'
psdir='${docdir}'
rpm_requires='mysql-devel >= 3.23'
rpm_suffix='mysql'
sbindir='${exec_prefix}/sbin'
sharedstatedir='${prefix}/com'
sysconfdir='${prefix}/etc'
target_alias=''

## ----------- ##
## confdefs.h. ##
## ----------- ##

/* confdefs.h */
#define PACKAGE_NAME "sqlbox"
#define PACKAGE_TARNAME "sqlbox"
#define PACKAGE_VERSION "cvs"
#define PACKAGE_STRING "sqlbox cvs"
#define PACKAGE_BUGREPORT "devel@kannel.org"
#define PACKAGE_URL ""
#define VERSION "svn-r58"
#define PACKAGE "SqlBox"
#define VERSION "svn-r58"
#define STDC_HEADERS 1
#define HAVE_SYS_TYPES_H 1
#define HAVE_SYS_STAT_H 1
#define HAVE_STDLIB_H 1
#define HAVE_STRING_H 1
#define HAVE_MEMORY_H 1
#define HAVE_STRINGS_H 1
#define HAVE_INTTYPES_H 1
#define HAVE_STDINT_H 1
#define HAVE_UNISTD_H 1
#define HAVE_DLFCN_H 1
#define LT_OBJDIR ".libs/"
#define HAVE_DIRENT_H 1
#define STDC_HEADERS 1
#define HAVE_SYS_WAIT_H 1
#define HAVE_STDLIB_H 1
#define HAVE_MALLOC 1
#define HAVE_LIBGWLIB 1

configure: exit 0
